Here
Here
Here
OnesideSUPNbig14beta1g0_5r1_0.npy
##### Finished beta =  1 ############
F(tau = 0+) = (6.028e-07+6.028e-07j)
end x =  0.01  , end diff =  9.893816164050024e-13  , end itern =  1425 

OnesideSUPNbig14beta2g0_5r1_0.npy
##### Finished beta =  2 ############
F(tau = 0+) = (4.737e-07+4.737e-07j)
end x =  0.01  , end diff =  9.88319748167218e-13  , end itern =  1449 

OnesideSUPNbig14beta3g0_5r1_0.npy
##### Finished beta =  3 ############
F(tau = 0+) = (3.953e-07+3.953e-07j)
end x =  0.01  , end diff =  9.969169541290457e-13  , end itern =  1467 

OnesideSUPNbig14beta4g0_5r1_0.npy
##### Finished beta =  4 ############
F(tau = 0+) = (5.868e-08+5.868e-08j)
end x =  0.01  , end diff =  9.969065291426789e-13  , end itern =  1657 

OnesideSUPNbig14beta5g0_5r1_0.npy
##### Finished beta =  5 ############
F(tau = 0+) = (9.036e-08+9.036e-08j)
end x =  0.01  , end diff =  9.8889274479416e-13  , end itern =  1614 

OnesideSUPNbig14beta6g0_5r1_0.npy
##### Finished beta =  6 ############
F(tau = 0+) = (3.236e-09+3.236e-09j)
end x =  0.01  , end diff =  9.946967156853252e-13  , end itern =  1945 

OnesideSUPNbig14beta7g0_5r1_0.npy
##### Finished beta =  7 ############
F(tau = 0+) = (7.867e-13+7.867e-13j)
end x =  0.01  , end diff =  9.996545892244673e-13  , end itern =  2773 

OnesideSUPNbig14beta8g0_5r1_0.npy
##### Finished beta =  8 ############
F(tau = 0+) = (1.847e-10+1.847e-10j)
end x =  0.01  , end diff =  9.996607760965954e-13  , end itern =  2230 

OnesideSUPNbig14beta9g0_5r1_0.npy
##### Finished beta =  9 ############
F(tau = 0+) = (1.405e-07+1.405e-07j)
end x =  0.01  , end diff =  9.729359734638046e-13  , end itern =  1570 

OnesideSUPNbig14beta10g0_5r1_0.npy
##### Finished beta =  10 ############
F(tau = 0+) = (6.423e-10+6.423e-10j)
end x =  0.01  , end diff =  9.841204203948013e-13  , end itern =  2106 

OnesideSUPNbig14beta11g0_5r1_0.npy
##### Finished beta =  11 ############
F(tau = 0+) = (1.887e-11+1.887e-11j)
end x =  0.01  , end diff =  9.801303022080283e-13  , end itern =  2457 

OnesideSUPNbig14beta12g0_5r1_0.npy
##### Finished beta =  12 ############
F(tau = 0+) = (4.005e-10+4.005e-10j)
end x =  0.01  , end diff =  9.796804723895797e-13  , end itern =  2153 

OnesideSUPNbig14beta13g0_5r1_0.npy
##### Finished beta =  13 ############
F(tau = 0+) = (2.6e-10+2.6e-10j)
end x =  0.01  , end diff =  9.37440739232317e-13  , end itern =  2196 

OnesideSUPNbig14beta14g0_5r1_0.npy
##### Finished beta =  14 ############
F(tau = 0+) = (2.995e-11+2.999e-11j)
end x =  0.01  , end diff =  9.75311260195681e-13  , end itern =  2411 

OnesideSUPNbig14beta15g0_5r1_0.npy
##### Finished beta =  15 ############
F(tau = 0+) = (8.331e-11+1.765e-10j)
end x =  0.01  , end diff =  9.353110817632837e-13  , end itern =  2260 

OnesideSUPNbig14beta16g0_5r1_0.npy
##### Finished beta =  16 ############
F(tau = 0+) = (2.608e-11+2.766e-11j)
end x =  0.01  , end diff =  9.990679538450666e-13  , end itern =  2421 

OnesideSUPNbig14beta17g0_5r1_0.npy
##### Finished beta =  17 ############
F(tau = 0+) = (4.195e-10+7.196e-10j)
end x =  0.01  , end diff =  9.716002693391903e-13  , end itern =  2118 

OnesideSUPNbig14beta18g0_5r1_0.npy
##### Finished beta =  18 ############
F(tau = 0+) = (-2.742e-10+4.14e-10j)
end x =  0.01  , end diff =  9.638680667002985e-13  , end itern =  2327 

OnesideSUPNbig14beta19g0_5r1_0.npy
##### Finished beta =  19 ############
F(tau = 0+) = (-4.68e-07+8.079e-07j)
end x =  0.01  , end diff =  9.910281289240346e-13  , end itern =  2513 

OnesideSUPNbig14beta20g0_5r1_0.npy
##### Finished beta =  20 ############
F(tau = 0+) = (-3.134e-06+4.85e-06j)
end x =  0.01  , end diff =  9.982082415551116e-13  , end itern =  2834 

OnesideSUPNbig14beta21g0_5r1_0.npy
##### Finished beta =  21 ############
F(tau = 0+) = (-2.911e-06+6.141e-06j)
end x =  0.01  , end diff =  9.978770289105372e-13  , end itern =  3676 

OnesideSUPNbig14beta22g0_5r1_0.npy
##### Finished beta =  22 ############
F(tau = 0+) = (-4.063e-06+1.311e-05j)
end x =  0.01  , end diff =  9.987633778920298e-13  , end itern =  8368 

OnesideSUPNbig14beta23g0_5r1_0.npy
##### Finished beta =  23 ############
F(tau = 0+) = (-0.3321+0.2838j)
end x =  0.01  , end diff =  0.32742663705184577  , end itern =  15000 

OnesideSUPNbig14beta24g0_5r1_0.npy
##### Finished beta =  24 ############
F(tau = 0+) = (-0.2996+0.2857j)
end x =  0.01  , end diff =  0.22685504742425622  , end itern =  15000 

OnesideSUPNbig14beta25g0_5r1_0.npy
##### Finished beta =  25 ############
F(tau = 0+) = (-1.483e-05+1.383e-05j)
end x =  0.01  , end diff =  9.991147359528757e-13  , end itern =  9198 

OnesideSUPNbig14beta26g0_5r1_0.npy
##### Finished beta =  26 ############
F(tau = 0+) = (-2.417e-06+2.343e-05j)
end x =  0.01  , end diff =  9.993190126205412e-13  , end itern =  10692 

OnesideSUPNbig14beta27g0_5r1_0.npy
##### Finished beta =  27 ############
F(tau = 0+) = (0.5572-0.1867j)
end x =  0.01  , end diff =  2.0581547241176787  , end itern =  15000 

OnesideSUPNbig14beta28g0_5r1_0.npy
##### Finished beta =  28 ############
F(tau = 0+) = (3.206e-05-9.113e-06j)
end x =  0.01  , end diff =  9.986368086693755e-13  , end itern =  14381 

OnesideSUPNbig14beta29g0_5r1_0.npy
##### Finished beta =  29 ############
F(tau = 0+) = (-4.877e-05+3.979e-05j)
end x =  0.01  , end diff =  2.340161717899643e-12  , end itern =  15000 

OnesideSUPNbig14beta30g0_5r1_0.npy
##### Finished beta =  30 ############
F(tau = 0+) = (-0.0002458+0.0002354j)
end x =  0.01  , end diff =  4.157952111087003e-11  , end itern =  15000 

OnesideSUPNbig14beta31g0_5r1_0.npy
##### Finished beta =  31 ############
F(tau = 0+) = (-0.0007194+0.00152j)
end x =  0.01  , end diff =  5.461278865023767e-10  , end itern =  15000 

OnesideSUPNbig14beta32g0_5r1_0.npy
##### Finished beta =  32 ############
F(tau = 0+) = (-4.69e-05+9.91e-05j)
end x =  0.01  , end diff =  9.99771269771157e-13  , end itern =  12282 

OnesideSUPNbig14beta33g0_5r1_0.npy
##### Finished beta =  33 ############
F(tau = 0+) = (-0.01934+0.01688j)
end x =  0.01  , end diff =  1.4725073284401628e-08  , end itern =  15000 

OnesideSUPNbig14beta34g0_5r1_0.npy
##### Finished beta =  34 ############
F(tau = 0+) = (-0.01649+0.01439j)
end x =  0.01  , end diff =  8.172261151190382e-11  , end itern =  15000 

OnesideSUPNbig14beta35g0_5r1_0.npy
##### Finished beta =  35 ############
F(tau = 0+) = (-0.0547+0.04775j)
end x =  0.01  , end diff =  3.347313650470519e-08  , end itern =  15000 

OnesideSUPNbig14beta36g0_5r1_0.npy
##### Finished beta =  36 ############
F(tau = 0+) = (-0.1117+0.09748j)
end x =  0.01  , end diff =  7.203310464549142e-11  , end itern =  15000 

OnesideSUPNbig14beta37g0_5r1_0.npy
##### Finished beta =  37 ############
F(tau = 0+) = (-0.1258+0.1098j)
end x =  0.01  , end diff =  9.987234221678065e-13  , end itern =  11516 

OnesideSUPNbig14beta38g0_5r1_0.npy
##### Finished beta =  38 ############
F(tau = 0+) = (-0.177+0.02783j)
end x =  0.01  , end diff =  9.990577455832414e-13  , end itern =  10499 

OnesideSUPNbig14beta39g0_5r1_0.npy
##### Finished beta =  39 ############
F(tau = 0+) = (-0.176-0.06615j)
end x =  0.01  , end diff =  9.992675182288637e-13  , end itern =  9092 

OnesideSUPNbig14beta40g0_5r1_0.npy
##### Finished beta =  40 ############
F(tau = 0+) = (-0.1267-0.1477j)
end x =  0.01  , end diff =  9.992709044935316e-13  , end itern =  8146 

OnesideSUPNbig14beta41g0_5r1_0.npy
##### Finished beta =  41 ############
F(tau = 0+) = (-0.04328-0.195j)
end x =  0.01  , end diff =  9.98690114527796e-13  , end itern =  7461 

OnesideSUPNbig14beta42g0_5r1_0.npy
##### Finished beta =  42 ############
F(tau = 0+) = (0.05208-0.1971j)
end x =  0.01  , end diff =  9.993174638581916e-13  , end itern =  6942 

OnesideSUPNbig14beta43g0_5r1_0.npy
##### Finished beta =  43 ############
F(tau = 0+) = (0.1351-0.157j)
end x =  0.01  , end diff =  9.977092223474882e-13  , end itern =  6542 

OnesideSUPNbig14beta44g0_5r1_0.npy
##### Finished beta =  44 ############
F(tau = 0+) = (0.1926-0.08348j)
end x =  0.01  , end diff =  9.993961326942733e-13  , end itern =  6246 

OnesideSUPNbig14beta45g0_5r1_0.npy
##### Finished beta =  45 ############
F(tau = 0+) = (0.2119+0.00872j)
end x =  0.01  , end diff =  9.963064748910234e-13  , end itern =  5932 

OnesideSUPNbig14beta46g0_5r1_0.npy
##### Finished beta =  46 ############
F(tau = 0+) = (0.1457-0.1567j)
end x =  0.01  , end diff =  9.99247597476382e-13  , end itern =  5724 

OnesideSUPNbig14beta47g0_5r1_0.npy
##### Finished beta =  47 ############
F(tau = 0+) = (0.06116-0.2067j)
end x =  0.01  , end diff =  9.981226102632441e-13  , end itern =  5464 

OnesideSUPNbig14beta48g0_5r1_0.npy
##### Finished beta =  48 ############
F(tau = 0+) = (0.1527-0.1541j)
end x =  0.01  , end diff =  9.99463618136157e-13  , end itern =  5175 

OnesideSUPNbig14beta49g0_5r1_0.npy
##### Finished beta =  49 ############
F(tau = 0+) = (0.06673-0.2077j)
end x =  0.01  , end diff =  9.995335215987392e-13  , end itern =  5014 

OnesideSUPNbig14beta50g0_5r1_0.npy
##### Finished beta =  50 ############
F(tau = 0+) = (0.1499-0.1598j)
end x =  0.01  , end diff =  9.952324149340179e-13  , end itern =  4866 

OnesideSUPNbig14beta51g0_5r1_0.npy
##### Finished beta =  51 ############
F(tau = 0+) = (0.07127-0.2081j)
end x =  0.01  , end diff =  9.987648574371607e-13  , end itern =  4740 

OnesideSUPNbig14beta52g0_5r1_0.npy
##### Finished beta =  52 ############
F(tau = 0+) = (0.1479-0.1638j)
end x =  0.01  , end diff =  9.945332012179484e-13  , end itern =  4629 

OnesideSUPNbig14beta53g0_5r1_0.npy
##### Finished beta =  53 ############
F(tau = 0+) = (0.07489-0.2083j)
end x =  0.01  , end diff =  9.994925712750416e-13  , end itern =  4532 

OnesideSUPNbig14beta54g0_5r1_0.npy
##### Finished beta =  54 ############
F(tau = 0+) = (0.1464-0.1668j)
end x =  0.01  , end diff =  9.980129708703168e-13  , end itern =  4446 

OnesideSUPNbig14beta55g0_5r1_0.npy
##### Finished beta =  55 ############
F(tau = 0+) = (0.07779-0.2083j)
end x =  0.01  , end diff =  9.973019295587556e-13  , end itern =  4371 

OnesideSUPNbig14beta56g0_5r1_0.npy
##### Finished beta =  56 ############
F(tau = 0+) = (0.1451-0.1691j)
end x =  0.01  , end diff =  9.996341064747724e-13  , end itern =  4303 

OnesideSUPNbig14beta57g0_5r1_0.npy
##### Finished beta =  57 ############
F(tau = 0+) = (0.08019-0.2083j)
end x =  0.01  , end diff =  9.960220438166684e-13  , end itern =  4244 

OnesideSUPNbig14beta58g0_5r1_0.npy
##### Finished beta =  58 ############
F(tau = 0+) = (0.1439-0.171j)
end x =  0.01  , end diff =  9.97627869180046e-13  , end itern =  4190 

OnesideSUPNbig14beta59g0_5r1_0.npy
##### Finished beta =  59 ############
F(tau = 0+) = (0.0822-0.2082j)
end x =  0.01  , end diff =  9.938482058750685e-13  , end itern =  4143 

OnesideSUPNbig14beta60g0_5r1_0.npy
##### Finished beta =  60 ############
F(tau = 0+) = (0.1429-0.1726j)
end x =  0.01  , end diff =  9.993723129544456e-13  , end itern =  4099 

OnesideSUPNbig14beta61g0_5r1_0.npy
##### Finished beta =  61 ############
F(tau = 0+) = (0.08395-0.208j)
end x =  0.01  , end diff =  9.977012006016935e-13  , end itern =  4061 

OnesideSUPNbig14beta62g0_5r1_0.npy
##### Finished beta =  62 ############
F(tau = 0+) = (0.1419-0.174j)
end x =  0.01  , end diff =  9.936969581951695e-13  , end itern =  4027 

OnesideSUPNbig14beta63g0_5r1_0.npy
##### Finished beta =  63 ############
F(tau = 0+) = (0.08548-0.2078j)
end x =  0.01  , end diff =  9.936683764912788e-13  , end itern =  3997 

OnesideSUPNbig14beta64g0_5r1_0.npy
##### Finished beta =  64 ############
F(tau = 0+) = (0.141-0.1751j)
end x =  0.01  , end diff =  9.981827396709786e-13  , end itern =  3969 

OnesideSUPNbig14beta65g0_5r1_0.npy
##### Finished beta =  65 ############
F(tau = 0+) = (0.08689-0.2075j)
end x =  0.01  , end diff =  9.937399740674176e-13  , end itern =  3947 

OnesideSUPNbig14beta66g0_5r1_0.npy
##### Finished beta =  66 ############
F(tau = 0+) = (0.14-0.1762j)
end x =  0.01  , end diff =  9.989802827652523e-13  , end itern =  3927 

OnesideSUPNbig14beta67g0_5r1_0.npy
##### Finished beta =  67 ############
F(tau = 0+) = (0.08828-0.2072j)
end x =  0.01  , end diff =  9.990712104529071e-13  , end itern =  3915 

OnesideSUPNbig14beta68g0_5r1_0.npy
##### Finished beta =  68 ############
F(tau = 0+) = (0.1389-0.1774j)
end x =  0.01  , end diff =  9.992854801270303e-13  , end itern =  3914 

OnesideSUPNbig14beta69g0_5r1_0.npy
##### Finished beta =  69 ############
F(tau = 0+) = (0.1789-0.137j)
end x =  0.01  , end diff =  9.984912023306797e-13  , end itern =  3951 

OnesideSUPNbig14beta70g0_5r1_0.npy
##### Finished beta =  70 ############
F(tau = 0+) = (0.2079-0.08734j)
end x =  0.01  , end diff =  9.986252134144676e-13  , end itern =  3824 

OnesideSUPNbig14beta71g0_5r1_0.npy
##### Finished beta =  71 ############
F(tau = 0+) = (0.223-0.03371j)
end x =  0.01  , end diff =  9.95267490836726e-13  , end itern =  3875 

OnesideSUPNbig14beta72g0_5r1_0.npy
##### Finished beta =  72 ############
F(tau = 0+) = (0.2245+0.02211j)
end x =  0.01  , end diff =  9.94873763698648e-13  , end itern =  3796 

OnesideSUPNbig14beta73g0_5r1_0.npy
##### Finished beta =  73 ############
F(tau = 0+) = (0.2126+0.07568j)
end x =  0.01  , end diff =  9.95444610790343e-13  , end itern =  3796 

OnesideSUPNbig14beta74g0_5r1_0.npy
##### Finished beta =  74 ############
F(tau = 0+) = (0.1884+0.1244j)
end x =  0.01  , end diff =  9.985894508196867e-13  , end itern =  3763 

OnesideSUPNbig14beta75g0_5r1_0.npy
##### Finished beta =  75 ############
F(tau = 0+) = (0.1537+0.1654j)
end x =  0.01  , end diff =  9.94410880481379e-13  , end itern =  3743 

OnesideSUPNbig14beta76g0_5r1_0.npy
##### Finished beta =  76 ############
F(tau = 0+) = (0.1108+0.1967j)
end x =  0.01  , end diff =  9.936760391784018e-13  , end itern =  3721 

OnesideSUPNbig14beta77g0_5r1_0.npy
##### Finished beta =  77 ############
F(tau = 0+) = (0.06241+0.217j)
end x =  0.01  , end diff =  9.96143557477166e-13  , end itern =  3700 

OnesideSUPNbig14beta78g0_5r1_0.npy
##### Finished beta =  78 ############
F(tau = 0+) = (0.01126+0.2256j)
end x =  0.01  , end diff =  9.968972497031613e-13  , end itern =  3680 

OnesideSUPNbig14beta79g0_5r1_0.npy
##### Finished beta =  79 ############
F(tau = 0+) = (-0.03988+0.2223j)
end x =  0.01  , end diff =  9.971137594558757e-13  , end itern =  3661 

OnesideSUPNbig14beta80g0_5r1_0.npy
##### Finished beta =  80 ############
F(tau = 0+) = (-0.0884+0.2079j)
end x =  0.01  , end diff =  9.962380236895703e-13  , end itern =  3643 

OnesideSUPNbig14beta81g0_5r1_0.npy
##### Finished beta =  81 ############
F(tau = 0+) = (-0.132+0.1834j)
end x =  0.01  , end diff =  9.938233070068444e-13  , end itern =  3626 

OnesideSUPNbig14beta82g0_5r1_0.npy
##### Finished beta =  82 ############
F(tau = 0+) = (-0.1687+0.1503j)
end x =  0.01  , end diff =  9.962968494383655e-13  , end itern =  3609 

OnesideSUPNbig14beta83g0_5r1_0.npy
##### Finished beta =  83 ############
F(tau = 0+) = (-0.1971+0.1106j)
end x =  0.01  , end diff =  9.951447985055927e-13  , end itern =  3593 

OnesideSUPNbig14beta84g0_5r1_0.npy
##### Finished beta =  84 ############
F(tau = 0+) = (-0.216+0.06632j)
end x =  0.01  , end diff =  9.983168323873306e-13  , end itern =  3577 

OnesideSUPNbig14beta85g0_5r1_0.npy
##### Finished beta =  85 ############
F(tau = 0+) = (-0.2252+0.01961j)
end x =  0.01  , end diff =  9.972416732497255e-13  , end itern =  3562 

OnesideSUPNbig14beta86g0_5r1_0.npy
##### Finished beta =  86 ############
F(tau = 0+) = (-0.2244-0.02739j)
end x =  0.01  , end diff =  9.999423692454857e-13  , end itern =  3547 

OnesideSUPNbig14beta87g0_5r1_0.npy
##### Finished beta =  87 ############
F(tau = 0+) = (-0.214-0.07265j)
end x =  0.01  , end diff =  9.978163605063291e-13  , end itern =  3533 

OnesideSUPNbig14beta88g0_5r1_0.npy
##### Finished beta =  88 ############
F(tau = 0+) = (-0.195-0.1144j)
end x =  0.01  , end diff =  9.98974648045795e-13  , end itern =  3519 

OnesideSUPNbig14beta89g0_5r1_0.npy
##### Finished beta =  89 ############
F(tau = 0+) = (-0.1683-0.1509j)
end x =  0.01  , end diff =  9.948044427480764e-13  , end itern =  3506 

OnesideSUPNbig14beta90g0_5r1_0.npy
##### Finished beta =  90 ############
F(tau = 0+) = (-0.1353-0.1811j)
end x =  0.01  , end diff =  9.934534680853969e-13  , end itern =  3493 

OnesideSUPNbig14beta91g0_5r1_0.npy
##### Finished beta =  91 ############
F(tau = 0+) = (-0.09743-0.204j)
end x =  0.01  , end diff =  9.93148368984062e-13  , end itern =  3480 

OnesideSUPNbig14beta92g0_5r1_0.npy
##### Finished beta =  92 ############
F(tau = 0+) = (-0.05639-0.2189j)
end x =  0.01  , end diff =  9.93809559347508e-13  , end itern =  3467 

OnesideSUPNbig14beta93g0_5r1_0.npy
##### Finished beta =  93 ############
F(tau = 0+) = (-0.01376-0.2257j)
end x =  0.01  , end diff =  9.951753900567353e-13  , end itern =  3454 

OnesideSUPNbig14beta94g0_5r1_0.npy
##### Finished beta =  94 ############
F(tau = 0+) = (0.02887-0.2242j)
end x =  0.01  , end diff =  9.969583145871852e-13  , end itern =  3441 

OnesideSUPNbig14beta95g0_5r1_0.npy
##### Finished beta =  95 ############
F(tau = 0+) = (0.07-0.215j)
end x =  0.01  , end diff =  9.988261970300168e-13  , end itern =  3428 

OnesideSUPNbig14beta96g0_5r1_0.npy
##### Finished beta =  96 ############
F(tau = 0+) = (0.1083-0.1985j)
end x =  0.01  , end diff =  9.935101084405955e-13  , end itern =  3416 

OnesideSUPNbig14beta97g0_5r1_0.npy
##### Finished beta =  97 ############
F(tau = 0+) = (0.1425-0.1755j)
end x =  0.01  , end diff =  9.957119944491237e-13  , end itern =  3403 

OnesideSUPNbig14beta98g0_5r1_0.npy
##### Finished beta =  98 ############
F(tau = 0+) = (0.1717-0.1471j)
end x =  0.01  , end diff =  9.949916938777412e-13  , end itern =  3390 

OnesideSUPNbig14beta99g0_5r1_0.npy
##### Finished beta =  99 ############
F(tau = 0+) = (0.1951-0.1143j)
end x =  0.01  , end diff =  9.991970174239882e-13  , end itern =  3376 

OnesideSUPNbig14beta100g0_5r1_0.npy
##### Finished beta =  100 ############
F(tau = 0+) = (0.2121-0.07825j)
end x =  0.01  , end diff =  9.98899904316432e-13  , end itern =  3362 

OnesideSUPNbig14beta101g0_5r1_0.npy
##### Finished beta =  101 ############
F(tau = 0+) = (0.2225-0.04024j)
end x =  0.01  , end diff =  9.947291406111588e-13  , end itern =  3348 

OnesideSUPNbig14beta102g0_5r1_0.npy
##### Finished beta =  102 ############
F(tau = 0+) = (0.2261-0.001495j)
end x =  0.01  , end diff =  9.992732634016143e-13  , end itern =  3332 

OnesideSUPNbig14beta103g0_5r1_0.npy
##### Finished beta =  103 ############
F(tau = 0+) = (0.2231+0.03677j)
end x =  0.01  , end diff =  9.945362553188307e-13  , end itern =  3316 

OnesideSUPNbig14beta104g0_5r1_0.npy
##### Finished beta =  104 ############
F(tau = 0+) = (0.2139+0.07342j)
end x =  0.01  , end diff =  9.974019376627537e-13  , end itern =  3298 

OnesideSUPNbig14beta105g0_5r1_0.npy
##### Finished beta =  105 ############
F(tau = 0+) = (0.199+0.1075j)
end x =  0.01  , end diff =  9.966901535719854e-13  , end itern =  3279 

OnesideSUPNbig14beta106g0_5r1_0.npy
##### Finished beta =  106 ############
F(tau = 0+) = (0.179+0.1381j)
end x =  0.01  , end diff =  9.988582633719104e-13  , end itern =  3258 

OnesideSUPNbig14beta107g0_5r1_0.npy
##### Finished beta =  107 ############
F(tau = 0+) = (0.1548+0.1649j)
end x =  0.01  , end diff =  9.947296338187922e-13  , end itern =  3234 

OnesideSUPNbig14beta108g0_5r1_0.npy
##### Finished beta =  108 ############
F(tau = 0+) = (0.1269+0.1872j)
end x =  0.01  , end diff =  9.948077426033277e-13  , end itern =  3194 

OnesideSUPNbig14beta109g0_5r1_0.npy
##### Finished beta =  109 ############
F(tau = 0+) = (0.09966+0.203j)
end x =  0.01  , end diff =  9.974269285312893e-13  , end itern =  3111 

OnesideSUPNbig14beta110g0_5r1_0.npy
##### Finished beta =  110 ############
F(tau = 0+) = (0.07449+0.2135j)
end x =  0.01  , end diff =  9.933010385217488e-13  , end itern =  2954 

OnesideSUPNbig14beta111g0_5r1_0.npy
##### Finished beta =  111 ############
F(tau = 0+) = (0.1114+0.1968j)
end x =  0.01  , end diff =  9.975997523496885e-13  , end itern =  2773 

OnesideSUPNbig14beta112g0_5r1_0.npy
##### Finished beta =  112 ############
F(tau = 0+) = (0.2021+0.1015j)
end x =  0.01  , end diff =  9.933078955834054e-13  , end itern =  3168 

OnesideSUPNbig14beta113g0_5r1_0.npy
##### Finished beta =  113 ############
F(tau = 0+) = (0.2021+0.1015j)
end x =  0.01  , end diff =  9.99889894542324e-13  , end itern =  2178 

OnesideSUPNbig14beta114g0_5r1_0.npy
##### Finished beta =  114 ############
F(tau = 0+) = (0.201+0.1036j)
end x =  0.01  , end diff =  9.995568837226963e-13  , end itern =  2942 

OnesideSUPNbig14beta115g0_5r1_0.npy
##### Finished beta =  115 ############
F(tau = 0+) = (0.2009+0.1037j)
end x =  0.01  , end diff =  9.934729216255695e-13  , end itern =  1751 

OnesideSUPNbig14beta116g0_5r1_0.npy
##### Finished beta =  116 ############
F(tau = 0+) = (0.201+0.1037j)
end x =  0.01  , end diff =  9.98518001989819e-13  , end itern =  2834 

OnesideSUPNbig14beta117g0_5r1_0.npy
##### Finished beta =  117 ############
F(tau = 0+) = (0.201+0.1037j)
end x =  0.01  , end diff =  9.937991290807925e-13  , end itern =  1407 

OnesideSUPNbig14beta118g0_5r1_0.npy
##### Finished beta =  118 ############
F(tau = 0+) = (0.201+0.1037j)
end x =  0.01  , end diff =  9.979980829624994e-13  , end itern =  2924 

OnesideSUPNbig14beta119g0_5r1_0.npy
##### Finished beta =  119 ############
F(tau = 0+) = (0.2007+0.1041j)
end x =  0.01  , end diff =  9.980259521330652e-13  , end itern =  2562 

OnesideSUPNbig14beta120g0_5r1_0.npy
##### Finished beta =  120 ############
F(tau = 0+) = (0.2117+0.07958j)
end x =  0.01  , end diff =  9.949207521236394e-13  , end itern =  2569 

OnesideSUPNbig14beta121g0_5r1_0.npy
##### Finished beta =  121 ############
F(tau = 0+) = (0.2238+0.03244j)
end x =  0.01  , end diff =  9.967284086085298e-13  , end itern =  2914 

OnesideSUPNbig14beta122g0_5r1_0.npy
##### Finished beta =  122 ############
F(tau = 0+) = (0.2238+0.03244j)
end x =  0.01  , end diff =  9.9466618715257e-13  , end itern =  2515 

OnesideSUPNbig14beta123g0_5r1_0.npy
##### Finished beta =  123 ############
F(tau = 0+) = (0.126-0.1878j)
end x =  0.01  , end diff =  9.970684819705422e-13  , end itern =  4004 

OnesideSUPNbig14beta124g0_5r1_0.npy
##### Finished beta =  124 ############
F(tau = 0+) = (0.141-0.1768j)
end x =  0.01  , end diff =  9.97057669906904e-13  , end itern =  3047 

OnesideSUPNbig14beta125g0_5r1_0.npy
##### Finished beta =  125 ############
F(tau = 0+) = (0.198-0.1093j)
end x =  0.01  , end diff =  9.97287241046709e-13  , end itern =  3731 

OnesideSUPNbig14beta126g0_5r1_0.npy
##### Finished beta =  126 ############
F(tau = 0+) = (0.09903+0.2033j)
end x =  0.01  , end diff =  9.996546458040522e-13  , end itern =  3683 

OnesideSUPNbig14beta127g0_5r1_0.npy
##### Finished beta =  127 ############
F(tau = 0+) = (0.07851-0.2121j)
end x =  0.01  , end diff =  9.982303889996848e-13  , end itern =  6881 

OnesideSUPNbig14beta128g0_5r1_0.npy
##### Finished beta =  128 ############
F(tau = 0+) = (0.07851-0.2121j)
end x =  0.01  , end diff =  9.945678358486335e-13  , end itern =  2724 

OnesideSUPNbig14beta129g0_5r1_0.npy
##### Finished beta =  129 ############
F(tau = 0+) = (0.07851-0.2121j)
end x =  0.01  , end diff =  9.95254903280505e-13  , end itern =  2631 

OnesideSUPNbig14beta130g0_5r1_0.npy
##### Finished beta =  130 ############
F(tau = 0+) = (0.07851-0.2121j)
end x =  0.01  , end diff =  9.946361347926218e-13  , end itern =  2642 

OnesideSUPNbig14beta131g0_5r1_0.npy
##### Finished beta =  131 ############
F(tau = 0+) = (0.07851-0.2121j)
end x =  0.01  , end diff =  9.99701986099735e-13  , end itern =  2652 

OnesideSUPNbig14beta132g0_5r1_0.npy
##### Finished beta =  132 ############
F(tau = 0+) = (0.07773-0.2124j)
end x =  0.01  , end diff =  9.965926993797392e-13  , end itern =  2678 

OnesideSUPNbig14beta133g0_5r1_0.npy
##### Finished beta =  133 ############
F(tau = 0+) = (0.07773-0.2124j)
end x =  0.01  , end diff =  9.938059170095329e-13  , end itern =  2586 

OnesideSUPNbig14beta134g0_5r1_0.npy
##### Finished beta =  134 ############
F(tau = 0+) = (0.07773-0.2124j)
end x =  0.01  , end diff =  9.97392919284188e-13  , end itern =  2561 

OnesideSUPNbig14beta135g0_5r1_0.npy
##### Finished beta =  135 ############
F(tau = 0+) = (0.04696-0.2212j)
end x =  0.01  , end diff =  9.951919118637208e-13  , end itern =  3662 

OnesideSUPNbig14beta136g0_5r1_0.npy
##### Finished beta =  136 ############
F(tau = 0+) = (0.04696-0.2212j)
end x =  0.01  , end diff =  9.959501450646294e-13  , end itern =  2757 

OnesideSUPNbig14beta137g0_5r1_0.npy
##### Finished beta =  137 ############
F(tau = 0+) = (-0.4421-0.1305j)
end x =  0.01  , end diff =  0.00020507522525163048  , end itern =  15000 

OnesideSUPNbig14beta138g0_5r1_0.npy
##### Finished beta =  138 ############
F(tau = 0+) = (-0.108+0.1987j)
end x =  0.01  , end diff =  9.963916196814151e-13  , end itern =  4319 

OnesideSUPNbig14beta139g0_5r1_0.npy
##### Finished beta =  139 ############
F(tau = 0+) = (-0.102+0.2018j)
end x =  0.01  , end diff =  9.950927204310347e-13  , end itern =  3577 

OnesideSUPNbig14beta140g0_5r1_0.npy
##### Finished beta =  140 ############
F(tau = 0+) = (-0.102+0.2018j)
end x =  0.01  , end diff =  9.957019122707861e-13  , end itern =  2694 

OnesideSUPNbig14beta141g0_5r1_0.npy
##### Finished beta =  141 ############
F(tau = 0+) = (-0.102+0.2018j)
end x =  0.01  , end diff =  9.975073148222705e-13  , end itern =  3363 

OnesideSUPNbig14beta142g0_5r1_0.npy
##### Finished beta =  142 ############
F(tau = 0+) = (0.1818-0.1345j)
end x =  0.01  , end diff =  9.951643532747796e-13  , end itern =  5481 

OnesideSUPNbig14beta143g0_5r1_0.npy
##### Finished beta =  143 ############
F(tau = 0+) = (0.1818-0.1345j)
end x =  0.01  , end diff =  9.997799619073515e-13  , end itern =  3509 

OnesideSUPNbig14beta144g0_5r1_0.npy
##### Finished beta =  144 ############
F(tau = 0+) = (0.1818-0.1345j)
end x =  0.01  , end diff =  9.994548567470206e-13  , end itern =  3594 

OnesideSUPNbig14beta145g0_5r1_0.npy
##### Finished beta =  145 ############
F(tau = 0+) = (0.1818-0.1345j)
end x =  0.01  , end diff =  9.951985792240077e-13  , end itern =  2734 

OnesideSUPNbig14beta146g0_5r1_0.npy
##### Finished beta =  146 ############
F(tau = 0+) = (0.008007-0.226j)
end x =  0.01  , end diff =  9.981835699260143e-13  , end itern =  4275 

OnesideSUPNbig14beta147g0_5r1_0.npy
##### Finished beta =  147 ############
F(tau = 0+) = (0.1083+0.1985j)
end x =  0.01  , end diff =  9.957429889153227e-13  , end itern =  6073 

OnesideSUPNbig14beta148g0_5r1_0.npy
##### Finished beta =  148 ############
F(tau = 0+) = (0.1083+0.1985j)
end x =  0.01  , end diff =  9.985564530522418e-13  , end itern =  2786 

OnesideSUPNbig14beta149g0_5r1_0.npy
##### Finished beta =  149 ############
F(tau = 0+) = (0.1083+0.1985j)
end x =  0.01  , end diff =  9.972234666110255e-13  , end itern =  3235 

OnesideSUPNbig14beta150g0_5r1_0.npy
##### Finished beta =  150 ############
F(tau = 0+) = (0.1083+0.1985j)
end x =  0.01  , end diff =  9.993072475287863e-13  , end itern =  2953 

OnesideSUPNbig14beta151g0_5r1_0.npy
##### Finished beta =  151 ############
F(tau = 0+) = (0.1083+0.1985j)
end x =  0.01  , end diff =  9.989921603705687e-13  , end itern =  2188 

OnesideSUPNbig14beta152g0_5r1_0.npy
##### Finished beta =  152 ############
F(tau = 0+) = (0.1083+0.1985j)
end x =  0.01  , end diff =  9.957016087068563e-13  , end itern =  4026 

OnesideSUPNbig14beta153g0_5r1_0.npy
##### Finished beta =  153 ############
F(tau = 0+) = (-0.04024-0.2225j)
end x =  0.01  , end diff =  9.963149334648858e-13  , end itern =  5259 

OnesideSUPNbig14beta154g0_5r1_0.npy
##### Finished beta =  154 ############
F(tau = 0+) = (-0.04024-0.2225j)
end x =  0.01  , end diff =  9.998109442513216e-13  , end itern =  2785 

OnesideSUPNbig14beta155g0_5r1_0.npy
##### Finished beta =  155 ############
F(tau = 0+) = (-0.003146-0.2261j)
end x =  0.01  , end diff =  9.97404984800185e-13  , end itern =  4361 

OnesideSUPNbig14beta156g0_5r1_0.npy
##### Finished beta =  156 ############
F(tau = 0+) = (-0.003147-0.2261j)
end x =  0.01  , end diff =  9.981367628314912e-13  , end itern =  3122 

OnesideSUPNbig14beta157g0_5r1_0.npy
##### Finished beta =  157 ############
F(tau = 0+) = (-0.08021+0.2115j)
end x =  0.01  , end diff =  9.944175258285394e-13  , end itern =  5499 

OnesideSUPNbig14beta158g0_5r1_0.npy
##### Finished beta =  158 ############
F(tau = 0+) = (-0.1882+0.1254j)
end x =  0.01  , end diff =  9.997575861782764e-13  , end itern =  3760 

OnesideSUPNbig14beta159g0_5r1_0.npy
##### Finished beta =  159 ############
F(tau = 0+) = (-0.1882+0.1254j)
end x =  0.01  , end diff =  9.945479509929916e-13  , end itern =  3423 

OnesideSUPNbig14beta160g0_5r1_0.npy
##### Finished beta =  160 ############
F(tau = 0+) = (0.07417-0.2136j)
end x =  0.01  , end diff =  9.982706281023184e-13  , end itern =  6024 

OnesideSUPNbig14beta161g0_5r1_0.npy
##### Finished beta =  161 ############
F(tau = 0+) = (0.07417-0.2136j)
end x =  0.01  , end diff =  9.986508965893228e-13  , end itern =  2782 

OnesideSUPNbig14beta162g0_5r1_0.npy
##### Finished beta =  162 ############
F(tau = 0+) = (0.07417-0.2136j)
end x =  0.01  , end diff =  9.947189734662856e-13  , end itern =  2519 

OnesideSUPNbig14beta163g0_5r1_0.npy
##### Finished beta =  163 ############
F(tau = 0+) = (0.07417-0.2136j)
end x =  0.01  , end diff =  9.998088099215448e-13  , end itern =  2282 

OnesideSUPNbig14beta164g0_5r1_0.npy
##### Finished beta =  164 ############
F(tau = 0+) = (0.07417-0.2136j)
end x =  0.01  , end diff =  9.986017621450422e-13  , end itern =  2065 

OnesideSUPNbig14beta165g0_5r1_0.npy
##### Finished beta =  165 ############
F(tau = 0+) = (0.07417-0.2137j)
end x =  0.01  , end diff =  9.952328907900501e-13  , end itern =  2065 

OnesideSUPNbig14beta166g0_5r1_0.npy
##### Finished beta =  166 ############
F(tau = 0+) = (0.07417-0.2136j)
end x =  0.01  , end diff =  9.953162532226144e-13  , end itern =  2344 

OnesideSUPNbig14beta167g0_5r1_0.npy
##### Finished beta =  167 ############
F(tau = 0+) = (0.07417-0.2136j)
end x =  0.01  , end diff =  9.933759684915998e-13  , end itern =  3001 

OnesideSUPNbig14beta168g0_5r1_0.npy
##### Finished beta =  168 ############
F(tau = 0+) = (0.07417-0.2136j)
end x =  0.01  , end diff =  9.933831767694938e-13  , end itern =  2384 

OnesideSUPNbig14beta169g0_5r1_0.npy
##### Finished beta =  169 ############
F(tau = 0+) = (0.07417-0.2136j)
end x =  0.01  , end diff =  9.991945560516605e-13  , end itern =  1727 

OnesideSUPNbig14beta170g0_5r1_0.npy
##### Finished beta =  170 ############
F(tau = 0+) = (0.07417-0.2136j)
end x =  0.01  , end diff =  9.965780262799189e-13  , end itern =  2299 

OnesideSUPNbig14beta171g0_5r1_0.npy
##### Finished beta =  171 ############
F(tau = 0+) = (0.07417-0.2136j)
end x =  0.01  , end diff =  9.921066975707366e-13  , end itern =  1299 

OnesideSUPNbig14beta172g0_5r1_0.npy
##### Finished beta =  172 ############
F(tau = 0+) = (0.07897-0.2119j)
end x =  0.01  , end diff =  9.95912379474757e-13  , end itern =  2691 

OnesideSUPNbig14beta173g0_5r1_0.npy
##### Finished beta =  173 ############
F(tau = 0+) = (0.07897-0.2119j)
end x =  0.01  , end diff =  9.984402980553298e-13  , end itern =  3212 

OnesideSUPNbig14beta174g0_5r1_0.npy
##### Finished beta =  174 ############
F(tau = 0+) = (-0.09587-0.2048j)
end x =  0.01  , end diff =  9.982651409214954e-13  , end itern =  2594 

OnesideSUPNbig14beta175g0_5r1_0.npy
##### Finished beta =  175 ############
F(tau = 0+) = (-0.09587-0.2048j)
end x =  0.01  , end diff =  9.949377577898188e-13  , end itern =  2487 

OnesideSUPNbig14beta176g0_5r1_0.npy
##### Finished beta =  176 ############
F(tau = 0+) = (-0.09586-0.2048j)
end x =  0.01  , end diff =  9.932879054557236e-13  , end itern =  2864 

OnesideSUPNbig14beta177g0_5r1_0.npy
##### Finished beta =  177 ############
F(tau = 0+) = (-0.09585-0.2048j)
end x =  0.01  , end diff =  9.97913193066908e-13  , end itern =  2080 

OnesideSUPNbig14beta178g0_5r1_0.npy
##### Finished beta =  178 ############
F(tau = 0+) = (-0.09587-0.2048j)
end x =  0.01  , end diff =  9.986210788159753e-13  , end itern =  4219 

OnesideSUPNbig14beta179g0_5r1_0.npy
##### Finished beta =  179 ############
F(tau = 0+) = (-0.09587-0.2048j)
end x =  0.01  , end diff =  9.952654900608844e-13  , end itern =  2278 

OnesideSUPNbig14beta180g0_5r1_0.npy
##### Finished beta =  180 ############
F(tau = 0+) = (-0.09587-0.2048j)
end x =  0.01  , end diff =  9.997739914135445e-13  , end itern =  2261 

OnesideSUPNbig14beta181g0_5r1_0.npy
##### Finished beta =  181 ############
F(tau = 0+) = (-0.09587-0.2048j)
end x =  0.01  , end diff =  9.986013566062555e-13  , end itern =  2814 

OnesideSUPNbig14beta182g0_5r1_0.npy
##### Finished beta =  182 ############
F(tau = 0+) = (-0.09587-0.2048j)
end x =  0.01  , end diff =  9.996809965053261e-13  , end itern =  2046 

OnesideSUPNbig14beta183g0_5r1_0.npy
##### Finished beta =  183 ############
F(tau = 0+) = (-0.09587-0.2048j)
end x =  0.01  , end diff =  9.987248587876873e-13  , end itern =  2449 

OnesideSUPNbig14beta184g0_5r1_0.npy
##### Finished beta =  184 ############
F(tau = 0+) = (-0.2048-0.09603j)
end x =  0.01  , end diff =  9.958901989560102e-13  , end itern =  2980 

OnesideSUPNbig14beta185g0_5r1_0.npy
##### Finished beta =  185 ############
F(tau = 0+) = (-0.2047-0.09603j)
end x =  0.01  , end diff =  9.989474857325223e-13  , end itern =  2173 

OnesideSUPNbig14beta186g0_5r1_0.npy
##### Finished beta =  186 ############
F(tau = 0+) = (-0.2047-0.09603j)
end x =  0.01  , end diff =  9.93376742867242e-13  , end itern =  2286 

OnesideSUPNbig14beta187g0_5r1_0.npy
##### Finished beta =  187 ############
F(tau = 0+) = (-0.2048-0.09604j)
end x =  0.01  , end diff =  9.942635858054134e-13  , end itern =  2613 

OnesideSUPNbig14beta188g0_5r1_0.npy
##### Finished beta =  188 ############
F(tau = 0+) = (0.1898+0.1229j)
end x =  0.01  , end diff =  9.979072713894428e-13  , end itern =  3960 

OnesideSUPNbig14beta189g0_5r1_0.npy
##### Finished beta =  189 ############
F(tau = 0+) = (0.1898+0.1229j)
end x =  0.01  , end diff =  9.941399404939265e-13  , end itern =  2277 

OnesideSUPNbig14beta190g0_5r1_0.npy
##### Finished beta =  190 ############
F(tau = 0+) = (0.1898+0.1229j)
end x =  0.01  , end diff =  9.953889721583727e-13  , end itern =  2428 

OnesideSUPNbig14beta191g0_5r1_0.npy
##### Finished beta =  191 ############
F(tau = 0+) = (0.1898+0.123j)
end x =  0.01  , end diff =  9.96161776002211e-13  , end itern =  2575 

OnesideSUPNbig14beta192g0_5r1_0.npy
##### Finished beta =  192 ############
F(tau = 0+) = (0.1896+0.1232j)
end x =  0.01  , end diff =  9.94145077607764e-13  , end itern =  1968 

OnesideSUPNbig14beta193g0_5r1_0.npy
##### Finished beta =  193 ############
F(tau = 0+) = (0.1896+0.1232j)
end x =  0.01  , end diff =  9.997579227146021e-13  , end itern =  2317 

OnesideSUPNbig14beta194g0_5r1_0.npy
##### Finished beta =  194 ############
F(tau = 0+) = (0.1896+0.1232j)
end x =  0.01  , end diff =  9.983442649402991e-13  , end itern =  2233 

OnesideSUPNbig14beta195g0_5r1_0.npy
##### Finished beta =  195 ############
F(tau = 0+) = (0.1896+0.1232j)
end x =  0.01  , end diff =  9.963822620950043e-13  , end itern =  2529 

OnesideSUPNbig14beta196g0_5r1_0.npy
##### Finished beta =  196 ############
F(tau = 0+) = (0.1896+0.1232j)
end x =  0.01  , end diff =  9.967983053614115e-13  , end itern =  2364 

OnesideSUPNbig14beta197g0_5r1_0.npy
##### Finished beta =  197 ############
F(tau = 0+) = (-0.03448-0.2235j)
end x =  0.01  , end diff =  9.953263412902697e-13  , end itern =  4909 

OnesideSUPNbig14beta198g0_5r1_0.npy
##### Finished beta =  198 ############
F(tau = 0+) = (-0.03448-0.2235j)
end x =  0.01  , end diff =  9.9854747351572e-13  , end itern =  2282 

OnesideSUPNbig14beta199g0_5r1_0.npy
##### Finished beta =  199 ############
F(tau = 0+) = (-0.03448-0.2235j)
end x =  0.01  , end diff =  9.966409460819965e-13  , end itern =  3039 

OnesideSUPNbig14beta200g0_5r1_0.npy
##### Finished beta =  200 ############
F(tau = 0+) = (-0.03448-0.2235j)
end x =  0.01  , end diff =  9.99334954563079e-13  , end itern =  2372 

OnesideSUPNbig14beta201g0_5r1_0.npy
##### Finished beta =  201 ############
F(tau = 0+) = (-0.03448-0.2235j)
end x =  0.01  , end diff =  9.965551208771183e-13  , end itern =  2294 

OnesideSUPNbig14beta202g0_5r1_0.npy
##### Finished beta =  202 ############
F(tau = 0+) = (-0.03448-0.2235j)
end x =  0.01  , end diff =  9.941670208994978e-13  , end itern =  2463 

OnesideSUPNbig14beta203g0_5r1_0.npy
##### Finished beta =  203 ############
F(tau = 0+) = (0.2056-0.09416j)
end x =  0.01  , end diff =  9.954426741712567e-13  , end itern =  4104 

OnesideSUPNbig14beta204g0_5r1_0.npy
##### Finished beta =  204 ############
F(tau = 0+) = (0.2056-0.09415j)
end x =  0.01  , end diff =  9.958849906396634e-13  , end itern =  2257 

OnesideSUPNbig14beta205g0_5r1_0.npy
##### Finished beta =  205 ############
F(tau = 0+) = (0.2056-0.09416j)
end x =  0.01  , end diff =  9.949210314352959e-13  , end itern =  1639 

OnesideSUPNbig14beta206g0_5r1_0.npy
##### Finished beta =  206 ############
F(tau = 0+) = (0.134+0.1822j)
end x =  0.01  , end diff =  9.967759889990169e-13  , end itern =  4486 

OnesideSUPNbig14beta207g0_5r1_0.npy
##### Finished beta =  207 ############
F(tau = 0+) = (0.134+0.1822j)
end x =  0.01  , end diff =  9.96676198418059e-13  , end itern =  2624 

OnesideSUPNbig14beta208g0_5r1_0.npy
##### Finished beta =  208 ############
F(tau = 0+) = (0.134+0.1822j)
end x =  0.01  , end diff =  9.953451065455181e-13  , end itern =  2741 

OnesideSUPNbig14beta209g0_5r1_0.npy
##### Finished beta =  209 ############
F(tau = 0+) = (0.134+0.1822j)
end x =  0.01  , end diff =  9.961839114593088e-13  , end itern =  2511 

OnesideSUPNbig14beta210g0_5r1_0.npy
##### Finished beta =  210 ############
F(tau = 0+) = (0.134+0.1822j)
end x =  0.01  , end diff =  9.94371856073146e-13  , end itern =  2247 

OnesideSUPNbig14beta211g0_5r1_0.npy
##### Finished beta =  211 ############
F(tau = 0+) = (0.134+0.1822j)
end x =  0.01  , end diff =  9.975310704419944e-13  , end itern =  2245 

OnesideSUPNbig14beta212g0_5r1_0.npy
##### Finished beta =  212 ############
F(tau = 0+) = (0.134+0.1822j)
end x =  0.01  , end diff =  9.974493667556694e-13  , end itern =  2298 

OnesideSUPNbig14beta213g0_5r1_0.npy
##### Finished beta =  213 ############
F(tau = 0+) = (0.134+0.1822j)
end x =  0.01  , end diff =  9.97756042476852e-13  , end itern =  2298 

OnesideSUPNbig14beta214g0_5r1_0.npy
##### Finished beta =  214 ############
F(tau = 0+) = (0.134+0.1822j)
end x =  0.01  , end diff =  9.954029505839007e-13  , end itern =  2622 

OnesideSUPNbig14beta215g0_5r1_0.npy
##### Finished beta =  215 ############
F(tau = 0+) = (0.1948+0.1149j)
end x =  0.01  , end diff =  9.948959165505205e-13  , end itern =  2660 

OnesideSUPNbig14beta216g0_5r1_0.npy
##### Finished beta =  216 ############
F(tau = 0+) = (0.1948+0.1149j)
end x =  0.01  , end diff =  9.97815436897843e-13  , end itern =  2438 

OnesideSUPNbig14beta217g0_5r1_0.npy
##### Finished beta =  217 ############
F(tau = 0+) = (0.1948+0.1149j)
end x =  0.01  , end diff =  9.9728413296377e-13  , end itern =  3191 

OnesideSUPNbig14beta218g0_5r1_0.npy
##### Finished beta =  218 ############
F(tau = 0+) = (0.1948+0.1149j)
end x =  0.01  , end diff =  9.983601221799792e-13  , end itern =  2489 

OnesideSUPNbig14beta219g0_5r1_0.npy
##### Finished beta =  219 ############
F(tau = 0+) = (0.1948+0.1149j)
end x =  0.01  , end diff =  9.95405622452576e-13  , end itern =  3365 

OnesideSUPNbig14beta220g0_5r1_0.npy
##### Finished beta =  220 ############
F(tau = 0+) = (0.1948+0.1149j)
end x =  0.01  , end diff =  9.968167606061562e-13  , end itern =  2454 

OnesideSUPNbig14beta221g0_5r1_0.npy
##### Finished beta =  221 ############
F(tau = 0+) = (0.1948+0.1149j)
end x =  0.01  , end diff =  9.955351265744238e-13  , end itern =  2312 

OnesideSUPNbig14beta222g0_5r1_0.npy
##### Finished beta =  222 ############
F(tau = 0+) = (0.1948+0.1149j)
end x =  0.01  , end diff =  9.945988262539652e-13  , end itern =  2857 

OnesideSUPNbig14beta223g0_5r1_0.npy
##### Finished beta =  223 ############
F(tau = 0+) = (0.1952+0.1142j)
end x =  0.01  , end diff =  9.993626256855417e-13  , end itern =  2825 

OnesideSUPNbig14beta224g0_5r1_0.npy
##### Finished beta =  224 ############
F(tau = 0+) = (0.1952+0.1142j)
end x =  0.01  , end diff =  9.96757948443181e-13  , end itern =  2419 

OnesideSUPNbig14beta225g0_5r1_0.npy
##### Finished beta =  225 ############
F(tau = 0+) = (0.1952+0.1142j)
end x =  0.01  , end diff =  9.965246224960818e-13  , end itern =  2410 

OnesideSUPNbig14beta226g0_5r1_0.npy
##### Finished beta =  226 ############
F(tau = 0+) = (0.1952+0.1142j)
end x =  0.01  , end diff =  9.962426817056755e-13  , end itern =  2397 

OnesideSUPNbig14beta227g0_5r1_0.npy
##### Finished beta =  227 ############
F(tau = 0+) = (0.1952+0.1142j)
end x =  0.01  , end diff =  9.934499953173428e-13  , end itern =  3108 

OnesideSUPNbig14beta228g0_5r1_0.npy
##### Finished beta =  228 ############
F(tau = 0+) = (0.1952+0.1142j)
end x =  0.01  , end diff =  9.939446632657414e-13  , end itern =  2345 

OnesideSUPNbig14beta229g0_5r1_0.npy
##### Finished beta =  229 ############
F(tau = 0+) = (0.1952+0.1142j)
end x =  0.01  , end diff =  9.986625543515776e-13  , end itern =  2302 

OnesideSUPNbig14beta230g0_5r1_0.npy
##### Finished beta =  230 ############
F(tau = 0+) = (0.1952+0.1142j)
end x =  0.01  , end diff =  9.960276623725976e-13  , end itern =  2452 

OnesideSUPNbig14beta231g0_5r1_0.npy
##### Finished beta =  231 ############
F(tau = 0+) = (0.1952+0.1142j)
end x =  0.01  , end diff =  9.955884747019508e-13  , end itern =  2367 

OnesideSUPNbig14beta232g0_5r1_0.npy
##### Finished beta =  232 ############
F(tau = 0+) = (0.1952+0.1142j)
end x =  0.01  , end diff =  9.960395452799164e-13  , end itern =  2520 

OnesideSUPNbig14beta233g0_5r1_0.npy
##### Finished beta =  233 ############
F(tau = 0+) = (0.1952+0.1142j)
end x =  0.01  , end diff =  9.95146099057926e-13  , end itern =  2405 

OnesideSUPNbig14beta234g0_5r1_0.npy
##### Finished beta =  234 ############
F(tau = 0+) = (0.1952+0.1142j)
end x =  0.01  , end diff =  9.995337154307565e-13  , end itern =  2410 

OnesideSUPNbig14beta235g0_5r1_0.npy
##### Finished beta =  235 ############
F(tau = 0+) = (0.1952+0.1142j)
end x =  0.01  , end diff =  9.950794744307405e-13  , end itern =  2675 

OnesideSUPNbig14beta236g0_5r1_0.npy
##### Finished beta =  236 ############
F(tau = 0+) = (0.2076+0.0897j)
end x =  0.01  , end diff =  9.943512820292569e-13  , end itern =  4108 

OnesideSUPNbig14beta237g0_5r1_0.npy
##### Finished beta =  237 ############
F(tau = 0+) = (0.2076+0.08981j)
end x =  0.01  , end diff =  9.96517580031969e-13  , end itern =  3223 

OnesideSUPNbig14beta238g0_5r1_0.npy
##### Finished beta =  238 ############
F(tau = 0+) = (0.2076+0.0898j)
end x =  0.01  , end diff =  9.97422405779989e-13  , end itern =  2580 

OnesideSUPNbig14beta239g0_5r1_0.npy
##### Finished beta =  239 ############
F(tau = 0+) = (0.01453-0.2257j)
end x =  0.01  , end diff =  9.98884285450063e-13  , end itern =  5497 

OnesideSUPNbig14beta240g0_5r1_0.npy
##### Finished beta =  240 ############
F(tau = 0+) = (0.01453-0.2257j)
end x =  0.01  , end diff =  9.960143110901326e-13  , end itern =  2384 

OnesideSUPNbig14beta241g0_5r1_0.npy
##### Finished beta =  241 ############
F(tau = 0+) = (0.01435-0.2257j)
end x =  0.01  , end diff =  9.99423024344177e-13  , end itern =  4001 

OnesideSUPNbig14beta242g0_5r1_0.npy
##### Finished beta =  242 ############
F(tau = 0+) = (0.01435-0.2257j)
end x =  0.01  , end diff =  9.968078261641364e-13  , end itern =  2280 

OnesideSUPNbig14beta243g0_5r1_0.npy
##### Finished beta =  243 ############
F(tau = 0+) = (-0.1296+0.1853j)
end x =  0.01  , end diff =  9.941829779691374e-13  , end itern =  5367 

OnesideSUPNbig14beta244g0_5r1_0.npy
##### Finished beta =  244 ############
F(tau = 0+) = (-0.226+0.00918j)
end x =  0.01  , end diff =  9.980123732681759e-13  , end itern =  5199 

OnesideSUPNbig14beta245g0_5r1_0.npy
##### Finished beta =  245 ############
F(tau = 0+) = (-0.1206+0.1913j)
end x =  0.01  , end diff =  9.99883245004486e-13  , end itern =  4975 

OnesideSUPNbig14beta246g0_5r1_0.npy
##### Finished beta =  246 ############
F(tau = 0+) = (-0.1206+0.1913j)
end x =  0.01  , end diff =  9.988839494218764e-13  , end itern =  2386 

OnesideSUPNbig14beta247g0_5r1_0.npy
##### Finished beta =  247 ############
F(tau = 0+) = (-0.2252+0.02095j)
end x =  0.01  , end diff =  9.976462613810492e-13  , end itern =  5426 

OnesideSUPNbig14beta248g0_5r1_0.npy
##### Finished beta =  248 ############
F(tau = 0+) = (-0.1204-0.1914j)
end x =  0.01  , end diff =  9.988196232540045e-13  , end itern =  4624 

OnesideSUPNbig14beta249g0_5r1_0.npy
##### Finished beta =  249 ############
F(tau = 0+) = (-0.215+0.07014j)
end x =  0.01  , end diff =  9.939434205820856e-13  , end itern =  8800 

OnesideSUPNbig14beta250g0_5r1_0.npy
##### Finished beta =  250 ############
F(tau = 0+) = (0.215-0.07004j)
end x =  0.01  , end diff =  9.982095526322034e-13  , end itern =  3966 

OnesideSUPNbig14beta251g0_5r1_0.npy
##### Finished beta =  251 ############
F(tau = 0+) = (0.2151-0.07004j)
end x =  0.01  , end diff =  9.958022039068248e-13  , end itern =  3247 

OnesideSUPNbig14beta252g0_5r1_0.npy
##### Finished beta =  252 ############
F(tau = 0+) = (0.1741+0.1443j)
end x =  0.01  , end diff =  9.94946680583784e-13  , end itern =  5067 

OnesideSUPNbig14beta253g0_5r1_0.npy
##### Finished beta =  253 ############
F(tau = 0+) = (0.2057-0.09407j)
end x =  0.01  , end diff =  9.985714302543477e-13  , end itern =  4803 

OnesideSUPNbig14beta254g0_5r1_0.npy
##### Finished beta =  254 ############
F(tau = 0+) = (0.2057-0.09407j)
end x =  0.01  , end diff =  9.946789678055665e-13  , end itern =  3311 

OnesideSUPNbig14beta255g0_5r1_0.npy
##### Finished beta =  255 ############
F(tau = 0+) = (0.2057-0.09406j)
end x =  0.01  , end diff =  9.999569203362157e-13  , end itern =  3367 

OnesideSUPNbig14beta256g0_5r1_0.npy
##### Finished beta =  256 ############
F(tau = 0+) = (-0.2053+0.09491j)
end x =  0.01  , end diff =  9.019027608920409e-12  , end itern =  15000 

OnesideSUPNbig14beta257g0_5r1_0.npy
##### Finished beta =  257 ############
F(tau = 0+) = (-0.2053+0.0949j)
end x =  0.01  , end diff =  9.93809357601853e-13  , end itern =  2438 

OnesideSUPNbig14beta258g0_5r1_0.npy
##### Finished beta =  258 ############
F(tau = 0+) = (-0.2053+0.0949j)
end x =  0.01  , end diff =  9.945612132217693e-13  , end itern =  2583 

OnesideSUPNbig14beta259g0_5r1_0.npy
##### Finished beta =  259 ############
F(tau = 0+) = (-0.2053+0.0949j)
end x =  0.01  , end diff =  9.940240534303054e-13  , end itern =  2489 

OnesideSUPNbig14beta260g0_5r1_0.npy
##### Finished beta =  260 ############
F(tau = 0+) = (-0.2053+0.0949j)
end x =  0.01  , end diff =  9.971068599051306e-13  , end itern =  2515 

OnesideSUPNbig14beta261g0_5r1_0.npy
##### Finished beta =  261 ############
F(tau = 0+) = (-0.2246+0.02665j)
end x =  0.01  , end diff =  9.93701622246407e-13  , end itern =  3439 

OnesideSUPNbig14beta262g0_5r1_0.npy
##### Finished beta =  262 ############
F(tau = 0+) = (-0.2246+0.02665j)
end x =  0.01  , end diff =  9.931395597031286e-13  , end itern =  2392 

OnesideSUPNbig14beta263g0_5r1_0.npy
##### Finished beta =  263 ############
F(tau = 0+) = (-0.2246+0.0266j)
end x =  0.01  , end diff =  9.987238529211443e-13  , end itern =  2891 

OnesideSUPNbig14beta264g0_5r1_0.npy
##### Finished beta =  264 ############
F(tau = 0+) = (-0.2254+0.0189j)
end x =  0.01  , end diff =  9.992181374583706e-13  , end itern =  2821 

OnesideSUPNbig14beta265g0_5r1_0.npy
##### Finished beta =  265 ############
F(tau = 0+) = (-0.2254+0.0189j)
end x =  0.01  , end diff =  9.941811444780998e-13  , end itern =  2549 

OnesideSUPNbig14beta266g0_5r1_0.npy
##### Finished beta =  266 ############
F(tau = 0+) = (-0.2254+0.0189j)
end x =  0.01  , end diff =  9.959716784926609e-13  , end itern =  2739 

OnesideSUPNbig14beta267g0_5r1_0.npy
##### Finished beta =  267 ############
F(tau = 0+) = (-0.2254+0.0189j)
end x =  0.01  , end diff =  9.990331215163105e-13  , end itern =  2589 

OnesideSUPNbig14beta268g0_5r1_0.npy
##### Finished beta =  268 ############
F(tau = 0+) = (-0.2254+0.01889j)
end x =  0.01  , end diff =  9.952714015342856e-13  , end itern =  2521 

OnesideSUPNbig14beta269g0_5r1_0.npy
##### Finished beta =  269 ############
F(tau = 0+) = (-0.2254+0.01889j)
end x =  0.01  , end diff =  9.968757561436298e-13  , end itern =  3165 

OnesideSUPNbig14beta270g0_5r1_0.npy
##### Finished beta =  270 ############
F(tau = 0+) = (-0.2254+0.01889j)
end x =  0.01  , end diff =  9.951251268984936e-13  , end itern =  2801 

OnesideSUPNbig14beta271g0_5r1_0.npy
##### Finished beta =  271 ############
F(tau = 0+) = (-0.2254+0.01889j)
end x =  0.01  , end diff =  9.969150694847522e-13  , end itern =  2648 

OnesideSUPNbig14beta272g0_5r1_0.npy
##### Finished beta =  272 ############
F(tau = 0+) = (-0.1913+0.1207j)
end x =  0.01  , end diff =  9.961393010628144e-13  , end itern =  4619 

OnesideSUPNbig14beta273g0_5r1_0.npy
##### Finished beta =  273 ############
F(tau = 0+) = (-0.1683+0.1511j)
end x =  0.01  , end diff =  9.985352064052302e-13  , end itern =  7581 

OnesideSUPNbig14beta274g0_5r1_0.npy
##### Finished beta =  274 ############
F(tau = 0+) = (-0.1683+0.1511j)
end x =  0.01  , end diff =  9.9695837966065e-13  , end itern =  3583 

OnesideSUPNbig14beta275g0_5r1_0.npy
##### Finished beta =  275 ############
F(tau = 0+) = (-0.1683+0.1511j)
end x =  0.01  , end diff =  9.994614233971371e-13  , end itern =  2556 

OnesideSUPNbig14beta276g0_5r1_0.npy
##### Finished beta =  276 ############
F(tau = 0+) = (-0.1683+0.1511j)
end x =  0.01  , end diff =  9.934000093407288e-13  , end itern =  2693 

OnesideSUPNbig14beta277g0_5r1_0.npy
##### Finished beta =  277 ############
F(tau = 0+) = (0.1351-0.1814j)
end x =  0.01  , end diff =  9.99893910146798e-13  , end itern =  4900 

OnesideSUPNbig14beta278g0_5r1_0.npy
##### Finished beta =  278 ############
F(tau = 0+) = (0.1351-0.1814j)
end x =  0.01  , end diff =  9.963094660282055e-13  , end itern =  2836 

OnesideSUPNbig14beta279g0_5r1_0.npy
##### Finished beta =  279 ############
F(tau = 0+) = (0.1351-0.1814j)
end x =  0.01  , end diff =  9.981065741415664e-13  , end itern =  3801 

OnesideSUPNbig14beta280g0_5r1_0.npy
##### Finished beta =  280 ############
F(tau = 0+) = (0.1351-0.1814j)
end x =  0.01  , end diff =  9.975689434832528e-13  , end itern =  2454 

OnesideSUPNbig14beta281g0_5r1_0.npy
##### Finished beta =  281 ############
F(tau = 0+) = (0.1351-0.1814j)
end x =  0.01  , end diff =  9.980126334195138e-13  , end itern =  2771 

OnesideSUPNbig14beta282g0_5r1_0.npy
##### Finished beta =  282 ############
F(tau = 0+) = (0.1351-0.1814j)
end x =  0.01  , end diff =  9.996751261032423e-13  , end itern =  2531 

OnesideSUPNbig14beta283g0_5r1_0.npy
##### Finished beta =  283 ############
F(tau = 0+) = (0.1351-0.1814j)
end x =  0.01  , end diff =  9.944346042179632e-13  , end itern =  2470 

OnesideSUPNbig14beta284g0_5r1_0.npy
##### Finished beta =  284 ############
F(tau = 0+) = (0.1351-0.1814j)
end x =  0.01  , end diff =  9.938643500002018e-13  , end itern =  2463 

OnesideSUPNbig14beta285g0_5r1_0.npy
##### Finished beta =  285 ############
F(tau = 0+) = (0.1351-0.1814j)
end x =  0.01  , end diff =  9.95019509558585e-13  , end itern =  2502 

OnesideSUPNbig14beta286g0_5r1_0.npy
##### Finished beta =  286 ############
F(tau = 0+) = (-0.1041+0.2008j)
end x =  0.01  , end diff =  9.956872905670664e-13  , end itern =  3810 

OnesideSUPNbig14beta287g0_5r1_0.npy
##### Finished beta =  287 ############
F(tau = 0+) = (-0.1041+0.2008j)
end x =  0.01  , end diff =  9.978365623688159e-13  , end itern =  3430 

OnesideSUPNbig14beta288g0_5r1_0.npy
##### Finished beta =  288 ############
F(tau = 0+) = (-0.07158+0.2146j)
end x =  0.01  , end diff =  9.97642833641531e-13  , end itern =  7018 

OnesideSUPNbig14beta289g0_5r1_0.npy
##### Finished beta =  289 ############
F(tau = 0+) = (-0.07158+0.2145j)
end x =  0.01  , end diff =  9.932867434320567e-13  , end itern =  2583 

OnesideSUPNbig14beta290g0_5r1_0.npy
##### Finished beta =  290 ############
F(tau = 0+) = (-0.07158+0.2145j)
end x =  0.01  , end diff =  9.973265402148732e-13  , end itern =  2507 

OnesideSUPNbig14beta291g0_5r1_0.npy
##### Finished beta =  291 ############
F(tau = 0+) = (-0.07373+0.2138j)
end x =  0.01  , end diff =  9.98373812738918e-13  , end itern =  2960 

OnesideSUPNbig14beta292g0_5r1_0.npy
##### Finished beta =  292 ############
F(tau = 0+) = (0.05674+0.219j)
end x =  0.01  , end diff =  9.987608042827003e-13  , end itern =  6997 

OnesideSUPNbig14beta293g0_5r1_0.npy
##### Finished beta =  293 ############
F(tau = 0+) = (-0.1561+0.1637j)
end x =  0.01  , end diff =  9.97253581241092e-13  , end itern =  4504 

OnesideSUPNbig14beta294g0_5r1_0.npy
##### Finished beta =  294 ############
F(tau = 0+) = (-0.156+0.1637j)
end x =  0.01  , end diff =  9.956744872208757e-13  , end itern =  2530 

OnesideSUPNbig14beta295g0_5r1_0.npy
##### Finished beta =  295 ############
F(tau = 0+) = (-0.156+0.1637j)
end x =  0.01  , end diff =  9.957576002570698e-13  , end itern =  2545 

OnesideSUPNbig14beta296g0_5r1_0.npy
##### Finished beta =  296 ############
F(tau = 0+) = (-0.156+0.1637j)
end x =  0.01  , end diff =  9.946902283534316e-13  , end itern =  2893 

OnesideSUPNbig14beta297g0_5r1_0.npy
##### Finished beta =  297 ############
F(tau = 0+) = (-0.2171+0.0634j)
end x =  0.01  , end diff =  9.988503165255879e-13  , end itern =  4550 

OnesideSUPNbig14beta298g0_5r1_0.npy
##### Finished beta =  298 ############
F(tau = 0+) = (-0.2171+0.06339j)
end x =  0.01  , end diff =  9.94344968787348e-13  , end itern =  2545 

OnesideSUPNbig14beta299g0_5r1_0.npy
##### Finished beta =  299 ############
F(tau = 0+) = (-0.2171+0.06339j)
end x =  0.01  , end diff =  9.948114354471674e-13  , end itern =  3325 

OnesideSUPNbig14beta300g0_5r1_0.npy
##### Finished beta =  300 ############
F(tau = 0+) = (-0.2171+0.06339j)
end x =  0.01  , end diff =  9.943124929768772e-13  , end itern =  2583 

OnesideSUPNbig14beta301g0_5r1_0.npy
##### Finished beta =  301 ############
F(tau = 0+) = (0.4231-0.2173j)
end x =  0.01  , end diff =  0.013356862815833932  , end itern =  15000 

OnesideSUPNbig14beta302g0_5r1_0.npy
##### Finished beta =  302 ############
F(tau = 0+) = (0.196+0.1129j)
end x =  0.01  , end diff =  9.95150249953555e-13  , end itern =  3474 

OnesideSUPNbig14beta303g0_5r1_0.npy
##### Finished beta =  303 ############
F(tau = 0+) = (0.196+0.1129j)
end x =  0.01  , end diff =  9.9690450706051e-13  , end itern =  2466 

OnesideSUPNbig14beta304g0_5r1_0.npy
##### Finished beta =  304 ############
F(tau = 0+) = (0.196+0.1129j)
end x =  0.01  , end diff =  9.96309051253101e-13  , end itern =  2597 

OnesideSUPNbig14beta305g0_5r1_0.npy
##### Finished beta =  305 ############
F(tau = 0+) = (0.196+0.1129j)
end x =  0.01  , end diff =  9.983615519874554e-13  , end itern =  2584 

OnesideSUPNbig14beta306g0_5r1_0.npy
##### Finished beta =  306 ############
F(tau = 0+) = (0.196+0.1129j)
end x =  0.01  , end diff =  9.975067250493893e-13  , end itern =  2630 

OnesideSUPNbig14beta307g0_5r1_0.npy
##### Finished beta =  307 ############
F(tau = 0+) = (0.196+0.1129j)
end x =  0.01  , end diff =  9.965757962454874e-13  , end itern =  2472 

OnesideSUPNbig14beta308g0_5r1_0.npy
##### Finished beta =  308 ############
F(tau = 0+) = (0.196+0.1129j)
end x =  0.01  , end diff =  9.99802025197155e-13  , end itern =  2550 

OnesideSUPNbig14beta309g0_5r1_0.npy
##### Finished beta =  309 ############
F(tau = 0+) = (0.196+0.1129j)
end x =  0.01  , end diff =  9.961275469602808e-13  , end itern =  2573 

OnesideSUPNbig14beta310g0_5r1_0.npy
##### Finished beta =  310 ############
F(tau = 0+) = (0.1028+0.2015j)
end x =  0.01  , end diff =  9.969729483472742e-13  , end itern =  4109 

OnesideSUPNbig14beta311g0_5r1_0.npy
##### Finished beta =  311 ############
F(tau = 0+) = (-0.1463-0.1725j)
end x =  0.01  , end diff =  9.950338044579546e-13  , end itern =  6239 

OnesideSUPNbig14beta312g0_5r1_0.npy
##### Finished beta =  312 ############
F(tau = 0+) = (-0.1463-0.1725j)
end x =  0.01  , end diff =  9.989337121414689e-13  , end itern =  3406 

OnesideSUPNbig14beta313g0_5r1_0.npy
##### Finished beta =  313 ############
F(tau = 0+) = (-0.2218-0.04459j)
end x =  0.01  , end diff =  9.996990827991121e-13  , end itern =  5706 

OnesideSUPNbig14beta314g0_5r1_0.npy
##### Finished beta =  314 ############
F(tau = 0+) = (-0.2217-0.04482j)
end x =  0.01  , end diff =  9.95434505851633e-13  , end itern =  2906 

OnesideSUPNbig14beta315g0_5r1_0.npy
##### Finished beta =  315 ############
F(tau = 0+) = (-0.1717+0.1472j)
end x =  0.01  , end diff =  9.975507100280486e-13  , end itern =  8369 

OnesideSUPNbig14beta316g0_5r1_0.npy
##### Finished beta =  316 ############
F(tau = 0+) = (-0.1312-0.1843j)
end x =  0.01  , end diff =  9.944257119253968e-13  , end itern =  8039 

OnesideSUPNbig14beta317g0_5r1_0.npy
##### Finished beta =  317 ############
F(tau = 0+) = (0.08142-0.211j)
end x =  0.01  , end diff =  9.986089610462738e-13  , end itern =  4315 

OnesideSUPNbig14beta318g0_5r1_0.npy
##### Finished beta =  318 ############
F(tau = 0+) = (0.107-0.1993j)
end x =  0.01  , end diff =  9.97771489628392e-13  , end itern =  5724 

OnesideSUPNbig14beta319g0_5r1_0.npy
##### Finished beta =  319 ############
F(tau = 0+) = (-0.2259+0.01082j)
end x =  0.01  , end diff =  9.96841734924389e-13  , end itern =  6564 

OnesideSUPNbig14beta320g0_5r1_0.npy
##### Finished beta =  320 ############
F(tau = 0+) = (0.02019-0.2253j)
end x =  0.01  , end diff =  9.971185561518645e-13  , end itern =  4500 

OnesideSUPNbig14beta321g0_5r1_0.npy
##### Finished beta =  321 ############
F(tau = 0+) = (0.2016-0.1025j)
end x =  0.01  , end diff =  9.941251283901866e-13  , end itern =  4168 

OnesideSUPNbig14beta322g0_5r1_0.npy
##### Finished beta =  322 ############
F(tau = 0+) = (0.2016-0.1026j)
end x =  0.01  , end diff =  9.987157633259828e-13  , end itern =  2575 

OnesideSUPNbig14beta323g0_5r1_0.npy
##### Finished beta =  323 ############
F(tau = 0+) = (0.2016-0.1026j)
end x =  0.01  , end diff =  9.961526278265374e-13  , end itern =  2758 

OnesideSUPNbig14beta324g0_5r1_0.npy
##### Finished beta =  324 ############
F(tau = 0+) = (0.1532-0.1664j)
end x =  0.01  , end diff =  9.950491417758745e-13  , end itern =  6482 

OnesideSUPNbig14beta325g0_5r1_0.npy
##### Finished beta =  325 ############
F(tau = 0+) = (0.1531-0.1665j)
end x =  0.01  , end diff =  9.942947533313826e-13  , end itern =  3595 

OnesideSUPNbig14beta326g0_5r1_0.npy
##### Finished beta =  326 ############
F(tau = 0+) = (0.1384+0.1789j)
end x =  0.01  , end diff =  9.94406414127229e-13  , end itern =  6592 

OnesideSUPNbig14beta327g0_5r1_0.npy
##### Finished beta =  327 ############
F(tau = 0+) = (0.2259-0.01066j)
end x =  0.01  , end diff =  9.944447310085657e-13  , end itern =  4686 

OnesideSUPNbig14beta328g0_5r1_0.npy
##### Finished beta =  328 ############
F(tau = 0+) = (0.1118+0.1966j)
end x =  0.01  , end diff =  9.944633536169869e-13  , end itern =  4858 

OnesideSUPNbig14beta329g0_5r1_0.npy
##### Finished beta =  329 ############
F(tau = 0+) = (0.1118+0.1966j)
end x =  0.01  , end diff =  9.99335658693505e-13  , end itern =  2905 

OnesideSUPNbig14beta330g0_5r1_0.npy
##### Finished beta =  330 ############
F(tau = 0+) = (0.1057+0.2j)
end x =  0.01  , end diff =  9.937253349783417e-13  , end itern =  4638 

OnesideSUPNbig14beta331g0_5r1_0.npy
##### Finished beta =  331 ############
F(tau = 0+) = (0.2075+0.09015j)
end x =  0.01  , end diff =  9.935892545020016e-13  , end itern =  4386 

OnesideSUPNbig14beta332g0_5r1_0.npy
##### Finished beta =  332 ############
F(tau = 0+) = (0.1558+0.164j)
end x =  0.01  , end diff =  9.975531580530699e-13  , end itern =  5820 

OnesideSUPNbig14beta333g0_5r1_0.npy
##### Finished beta =  333 ############
F(tau = 0+) = (0.174+0.1445j)
end x =  0.01  , end diff =  9.995869324407687e-13  , end itern =  5007 

OnesideSUPNbig14beta334g0_5r1_0.npy
##### Finished beta =  334 ############
F(tau = 0+) = (-0.1556+0.1641j)
end x =  0.01  , end diff =  9.955849650310532e-13  , end itern =  7342 

OnesideSUPNbig14beta335g0_5r1_0.npy
##### Finished beta =  335 ############
F(tau = 0+) = (-0.2261+0.004321j)
end x =  0.01  , end diff =  9.94278699450568e-13  , end itern =  6462 

OnesideSUPNbig14beta336g0_5r1_0.npy
##### Finished beta =  336 ############
F(tau = 0+) = (-0.2257+0.01448j)
end x =  0.01  , end diff =  9.946756372186234e-13  , end itern =  5511 

OnesideSUPNbig14beta337g0_5r1_0.npy
##### Finished beta =  337 ############
F(tau = 0+) = (-0.2241+0.031j)
end x =  0.01  , end diff =  9.996626270838266e-13  , end itern =  4522 

OnesideSUPNbig14beta338g0_5r1_0.npy
##### Finished beta =  338 ############
F(tau = 0+) = (-0.1967-0.1117j)
end x =  0.01  , end diff =  9.948381471684755e-13  , end itern =  5287 

OnesideSUPNbig14beta339g0_5r1_0.npy
##### Finished beta =  339 ############
F(tau = 0+) = (-0.1969-0.1112j)
end x =  0.01  , end diff =  9.974525097915784e-13  , end itern =  3184 

OnesideSUPNbig14beta340g0_5r1_0.npy
##### Finished beta =  340 ############
F(tau = 0+) = (-0.1969-0.1112j)
end x =  0.01  , end diff =  9.978664617986363e-13  , end itern =  3474 

OnesideSUPNbig14beta341g0_5r1_0.npy
##### Finished beta =  341 ############
F(tau = 0+) = (-0.1969-0.1112j)
end x =  0.01  , end diff =  9.944894233092751e-13  , end itern =  2315 

OnesideSUPNbig14beta342g0_5r1_0.npy
##### Finished beta =  342 ############
F(tau = 0+) = (0.1991+0.1074j)
end x =  0.01  , end diff =  9.978878545008887e-13  , end itern =  7281 

OnesideSUPNbig14beta343g0_5r1_0.npy
##### Finished beta =  343 ############
F(tau = 0+) = (0.2104+0.08313j)
end x =  0.01  , end diff =  9.950509950677832e-13  , end itern =  4173 

OnesideSUPNbig14beta344g0_5r1_0.npy
##### Finished beta =  344 ############
F(tau = 0+) = (-0.1678+0.1517j)
end x =  0.01  , end diff =  9.98714109768513e-13  , end itern =  5636 

OnesideSUPNbig14beta345g0_5r1_0.npy
##### Finished beta =  345 ############
F(tau = 0+) = (-0.1453-0.1733j)
end x =  0.01  , end diff =  9.948628769277728e-13  , end itern =  4984 

OnesideSUPNbig14beta346g0_5r1_0.npy
##### Finished beta =  346 ############
F(tau = 0+) = (-0.1442-0.1743j)
end x =  0.01  , end diff =  9.988234186980338e-13  , end itern =  3247 

OnesideSUPNbig14beta347g0_5r1_0.npy
##### Finished beta =  347 ############
F(tau = 0+) = (-0.2256+0.01701j)
end x =  0.01  , end diff =  9.96806300700598e-13  , end itern =  5738 

OnesideSUPNbig14beta348g0_5r1_0.npy
##### Finished beta =  348 ############
F(tau = 0+) = (-0.2258-0.01297j)
end x =  0.01  , end diff =  9.973615045166299e-13  , end itern =  4765 

OnesideSUPNbig14beta349g0_5r1_0.npy
##### Finished beta =  349 ############
F(tau = 0+) = (-0.2248-0.02501j)
end x =  0.01  , end diff =  9.94678004594893e-13  , end itern =  3964 

OnesideSUPNbig14beta350g0_5r1_0.npy
##### Finished beta =  350 ############
F(tau = 0+) = (0.2254+0.01946j)
end x =  0.01  , end diff =  9.943403985102332e-13  , end itern =  5567 

OnesideSUPNbig14beta351g0_5r1_0.npy
##### Finished beta =  351 ############
F(tau = 0+) = (-0.1202+0.1916j)
end x =  0.01  , end diff =  9.9581858549811e-13  , end itern =  5996 

OnesideSUPNbig14beta352g0_5r1_0.npy
##### Finished beta =  352 ############
F(tau = 0+) = (-0.2186+0.05826j)
end x =  0.01  , end diff =  9.988045382328305e-13  , end itern =  6480 

OnesideSUPNbig14beta353g0_5r1_0.npy
##### Finished beta =  353 ############
F(tau = 0+) = (-0.216+0.06701j)
end x =  0.01  , end diff =  9.963509806600985e-13  , end itern =  3022 

OnesideSUPNbig14beta354g0_5r1_0.npy
##### Finished beta =  354 ############
F(tau = 0+) = (0.04382-0.2219j)
end x =  0.01  , end diff =  9.965441131020292e-13  , end itern =  6994 

OnesideSUPNbig14beta355g0_5r1_0.npy
##### Finished beta =  355 ############
F(tau = 0+) = (0.04027-0.2226j)
end x =  0.01  , end diff =  9.9667615850207e-13  , end itern =  2885 

OnesideSUPNbig14beta356g0_5r1_0.npy
##### Finished beta =  356 ############
F(tau = 0+) = (-0.1875-0.1266j)
end x =  0.01  , end diff =  9.992762943222796e-13  , end itern =  6274 

OnesideSUPNbig14beta357g0_5r1_0.npy
##### Finished beta =  357 ############
F(tau = 0+) = (-0.1692-0.1501j)
end x =  0.01  , end diff =  9.988906799788447e-13  , end itern =  3973 

OnesideSUPNbig14beta358g0_5r1_0.npy
##### Finished beta =  358 ############
F(tau = 0+) = (-0.2005+0.1046j)
end x =  0.01  , end diff =  9.952226515828547e-13  , end itern =  6810 

OnesideSUPNbig14beta359g0_5r1_0.npy
##### Finished beta =  359 ############
F(tau = 0+) = (-0.2005+0.1046j)
end x =  0.01  , end diff =  9.9737510917072e-13  , end itern =  2540 

OnesideSUPNbig14beta360g0_5r1_0.npy
##### Finished beta =  360 ############
F(tau = 0+) = (0.008622+0.226j)
end x =  0.01  , end diff =  9.945386868032168e-13  , end itern =  5053 

OnesideSUPNbig14beta361g0_5r1_0.npy
##### Finished beta =  361 ############
F(tau = 0+) = (0.05543+0.2193j)
end x =  0.01  , end diff =  9.968953116218e-13  , end itern =  4303 

OnesideSUPNbig14beta362g0_5r1_0.npy
##### Finished beta =  362 ############
F(tau = 0+) = (0.1744+0.1441j)
end x =  0.01  , end diff =  9.957542162833457e-13  , end itern =  3544 

OnesideSUPNbig14beta363g0_5r1_0.npy
##### Finished beta =  363 ############
F(tau = 0+) = (0.1814+0.1351j)
end x =  0.01  , end diff =  9.999632584692106e-13  , end itern =  3857 

OnesideSUPNbig14beta364g0_5r1_0.npy
##### Finished beta =  364 ############
F(tau = 0+) = (0.04126+0.2224j)
end x =  0.01  , end diff =  9.985204842304646e-13  , end itern =  4648 

OnesideSUPNbig14beta365g0_5r1_0.npy
##### Finished beta =  365 ############
F(tau = 0+) = (0.1318-0.1838j)
end x =  0.01  , end diff =  9.957166019354497e-13  , end itern =  5257 

OnesideSUPNbig14beta366g0_5r1_0.npy
##### Finished beta =  366 ############
F(tau = 0+) = (0.02424-0.2249j)
end x =  0.01  , end diff =  9.967083375544022e-13  , end itern =  4322 

OnesideSUPNbig14beta367g0_5r1_0.npy
##### Finished beta =  367 ############
F(tau = 0+) = (0.02424-0.2249j)
end x =  0.01  , end diff =  9.975830488159524e-13  , end itern =  2889 

OnesideSUPNbig14beta368g0_5r1_0.npy
##### Finished beta =  368 ############
F(tau = 0+) = (0.02424-0.2249j)
end x =  0.01  , end diff =  9.97300810397061e-13  , end itern =  2649 

OnesideSUPNbig14beta369g0_5r1_0.npy
##### Finished beta =  369 ############
F(tau = 0+) = (0.02424-0.2249j)
end x =  0.01  , end diff =  9.955244695958781e-13  , end itern =  2695 

OnesideSUPNbig14beta370g0_5r1_0.npy
##### Finished beta =  370 ############
F(tau = 0+) = (0.02424-0.2249j)
end x =  0.01  , end diff =  9.960235993162658e-13  , end itern =  2510 

OnesideSUPNbig14beta371g0_5r1_0.npy
##### Finished beta =  371 ############
F(tau = 0+) = (0.02424-0.2249j)
end x =  0.01  , end diff =  9.937844201732769e-13  , end itern =  2404 

OnesideSUPNbig14beta372g0_5r1_0.npy
##### Finished beta =  372 ############
F(tau = 0+) = (0.02424-0.2249j)
end x =  0.01  , end diff =  9.995643877723554e-13  , end itern =  2298 

OnesideSUPNbig14beta373g0_5r1_0.npy
##### Finished beta =  373 ############
F(tau = 0+) = (-0.05702+0.2189j)
end x =  0.01  , end diff =  9.941946193662254e-13  , end itern =  6300 

OnesideSUPNbig14beta374g0_5r1_0.npy
##### Finished beta =  374 ############
F(tau = 0+) = (-0.1993-0.107j)
end x =  0.01  , end diff =  9.969303001369291e-13  , end itern =  5584 

OnesideSUPNbig14beta375g0_5r1_0.npy
##### Finished beta =  375 ############
F(tau = 0+) = (0.07269+0.2142j)
end x =  0.01  , end diff =  9.954741974826951e-13  , end itern =  6379 

OnesideSUPNbig14beta376g0_5r1_0.npy
##### Finished beta =  376 ############
F(tau = 0+) = (0.1385+0.1788j)
end x =  0.01  , end diff =  9.972666965855472e-13  , end itern =  4960 

OnesideSUPNbig14beta377g0_5r1_0.npy
##### Finished beta =  377 ############
F(tau = 0+) = (0.182+0.1343j)
end x =  0.01  , end diff =  9.945715104838647e-13  , end itern =  5346 

OnesideSUPNbig14beta378g0_5r1_0.npy
##### Finished beta =  378 ############
F(tau = 0+) = (-0.06994-0.2151j)
end x =  0.01  , end diff =  9.972239143498302e-13  , end itern =  5904 

OnesideSUPNbig14beta379g0_5r1_0.npy
##### Finished beta =  379 ############
F(tau = 0+) = (0.1316-0.184j)
end x =  0.01  , end diff =  9.942309316908459e-13  , end itern =  4019 

OnesideSUPNbig14beta380g0_5r1_0.npy
##### Finished beta =  380 ############
F(tau = 0+) = (0.1316-0.184j)
end x =  0.01  , end diff =  9.999206734359988e-13  , end itern =  2455 

OnesideSUPNbig14beta381g0_5r1_0.npy
##### Finished beta =  381 ############
F(tau = 0+) = (0.1469-0.1721j)
end x =  0.01  , end diff =  9.94068358824391e-13  , end itern =  4758 

OnesideSUPNbig14beta382g0_5r1_0.npy
##### Finished beta =  382 ############
F(tau = 0+) = (0.1468-0.172j)
end x =  0.01  , end diff =  9.961171871642388e-13  , end itern =  2469 

OnesideSUPNbig14beta383g0_5r1_0.npy
##### Finished beta =  383 ############
F(tau = 0+) = (0.1468-0.172j)
end x =  0.01  , end diff =  9.952494902038599e-13  , end itern =  2482 

OnesideSUPNbig14beta384g0_5r1_0.npy
##### Finished beta =  384 ############
F(tau = 0+) = (0.1468-0.172j)
end x =  0.01  , end diff =  9.972163197336954e-13  , end itern =  2421 

OnesideSUPNbig14beta385g0_5r1_0.npy
##### Finished beta =  385 ############
F(tau = 0+) = (0.1468-0.172j)
end x =  0.01  , end diff =  9.995151665488974e-13  , end itern =  2447 

OnesideSUPNbig14beta386g0_5r1_0.npy
##### Finished beta =  386 ############
F(tau = 0+) = (0.1468-0.172j)
end x =  0.01  , end diff =  9.953898161527162e-13  , end itern =  2423 

OnesideSUPNbig14beta387g0_5r1_0.npy
##### Finished beta =  387 ############
F(tau = 0+) = (0.1723+0.1465j)
end x =  0.01  , end diff =  9.943394123711953e-13  , end itern =  4981 

OnesideSUPNbig14beta388g0_5r1_0.npy
##### Finished beta =  388 ############
F(tau = 0+) = (0.1723+0.1465j)
end x =  0.01  , end diff =  9.934332526694267e-13  , end itern =  2451 

OnesideSUPNbig14beta389g0_5r1_0.npy
##### Finished beta =  389 ############
F(tau = 0+) = (0.1723+0.1465j)
end x =  0.01  , end diff =  9.983506890688604e-13  , end itern =  2456 

OnesideSUPNbig14beta390g0_5r1_0.npy
##### Finished beta =  390 ############
F(tau = 0+) = (0.1723+0.1465j)
end x =  0.01  , end diff =  9.983320650041116e-13  , end itern =  2457 

OnesideSUPNbig14beta391g0_5r1_0.npy
##### Finished beta =  391 ############
F(tau = 0+) = (0.1723+0.1465j)
end x =  0.01  , end diff =  9.962232174900238e-13  , end itern =  2098 

OnesideSUPNbig14beta392g0_5r1_0.npy
##### Finished beta =  392 ############
F(tau = 0+) = (0.172+0.1469j)
end x =  0.01  , end diff =  9.99489521969734e-13  , end itern =  2214 

OnesideSUPNbig14beta393g0_5r1_0.npy
##### Finished beta =  393 ############
F(tau = 0+) = (0.2232+0.03645j)
end x =  0.01  , end diff =  9.970360439508028e-13  , end itern =  4664 

OnesideSUPNbig14beta394g0_5r1_0.npy
##### Finished beta =  394 ############
F(tau = 0+) = (0.2232+0.03645j)
end x =  0.01  , end diff =  9.969874014660459e-13  , end itern =  2531 

OnesideSUPNbig14beta395g0_5r1_0.npy
##### Finished beta =  395 ############
F(tau = 0+) = (0.2232+0.03645j)
end x =  0.01  , end diff =  9.98383501157043e-13  , end itern =  2573 

OnesideSUPNbig14beta396g0_5r1_0.npy
##### Finished beta =  396 ############
F(tau = 0+) = (0.2232+0.03645j)
end x =  0.01  , end diff =  9.985506289209562e-13  , end itern =  2475 

OnesideSUPNbig14beta397g0_5r1_0.npy
##### Finished beta =  397 ############
F(tau = 0+) = (0.2232+0.03645j)
end x =  0.01  , end diff =  9.949395335795205e-13  , end itern =  2537 

OnesideSUPNbig14beta398g0_5r1_0.npy
##### Finished beta =  398 ############
F(tau = 0+) = (0.2232+0.03645j)
end x =  0.01  , end diff =  9.965732597483669e-13  , end itern =  2454 

OnesideSUPNbig14beta399g0_5r1_0.npy
##### Finished beta =  399 ############
F(tau = 0+) = (0.2262-0.002402j)
end x =  0.01  , end diff =  9.998486679646605e-13  , end itern =  3007 

OnesideSUPNbig14beta400g0_5r1_0.npy
##### Finished beta =  400 ############
F(tau = 0+) = (0.2262-0.001887j)
end x =  0.01  , end diff =  9.985572031190943e-13  , end itern =  2631 

OnesideSUPNbig14beta401g0_5r1_0.npy
##### Finished beta =  401 ############
F(tau = 0+) = (0.2262-0.001887j)
end x =  0.01  , end diff =  9.97912533395627e-13  , end itern =  2354 

OnesideSUPNbig14beta402g0_5r1_0.npy
##### Finished beta =  402 ############
F(tau = 0+) = (0.2262-0.001393j)
end x =  0.01  , end diff =  9.983491458073135e-13  , end itern =  2585 

OnesideSUPNbig14beta403g0_5r1_0.npy
##### Finished beta =  403 ############
F(tau = 0+) = (0.2262-0.001392j)
end x =  0.01  , end diff =  9.972020179403737e-13  , end itern =  2417 

OnesideSUPNbig14beta404g0_5r1_0.npy
##### Finished beta =  404 ############
F(tau = 0+) = (0.2262-0.001392j)
end x =  0.01  , end diff =  9.998601838094277e-13  , end itern =  2476 

OnesideSUPNbig14beta405g0_5r1_0.npy
##### Finished beta =  405 ############
F(tau = 0+) = (0.2262-0.001393j)
end x =  0.01  , end diff =  9.947350656220194e-13  , end itern =  2434 

OnesideSUPNbig14beta406g0_5r1_0.npy
##### Finished beta =  406 ############
F(tau = 0+) = (0.2262-0.001393j)
end x =  0.01  , end diff =  9.987876583240226e-13  , end itern =  2491 

OnesideSUPNbig14beta407g0_5r1_0.npy
##### Finished beta =  407 ############
F(tau = 0+) = (0.2262-0.001387j)
end x =  0.01  , end diff =  9.987208040784125e-13  , end itern =  2304 

OnesideSUPNbig14beta408g0_5r1_0.npy
##### Finished beta =  408 ############
F(tau = 0+) = (0.1298+0.1853j)
end x =  0.01  , end diff =  9.94585987606123e-13  , end itern =  2607 

OnesideSUPNbig14beta409g0_5r1_0.npy
##### Finished beta =  409 ############
F(tau = 0+) = (0.1298+0.1853j)
end x =  0.01  , end diff =  9.954141182957957e-13  , end itern =  3043 

OnesideSUPNbig14beta410g0_5r1_0.npy
##### Finished beta =  410 ############
F(tau = 0+) = (0.1233+0.1897j)
end x =  0.01  , end diff =  9.954437599615523e-13  , end itern =  4338 

OnesideSUPNbig14beta411g0_5r1_0.npy
##### Finished beta =  411 ############
F(tau = 0+) = (0.1232+0.1897j)
end x =  0.01  , end diff =  9.999391333896428e-13  , end itern =  2446 

OnesideSUPNbig14beta412g0_5r1_0.npy
##### Finished beta =  412 ############
F(tau = 0+) = (0.197-0.4315j)
end x =  0.01  , end diff =  0.005454274848605866  , end itern =  15000 

OnesideSUPNbig14beta413g0_5r1_0.npy
##### Finished beta =  413 ############
F(tau = 0+) = (-0.1005+0.2026j)
end x =  0.01  , end diff =  9.949798355802059e-13  , end itern =  4834 

OnesideSUPNbig14beta414g0_5r1_0.npy
##### Finished beta =  414 ############
F(tau = 0+) = (-0.1005+0.2026j)
end x =  0.01  , end diff =  9.93411799613344e-13  , end itern =  2546 

OnesideSUPNbig14beta415g0_5r1_0.npy
##### Finished beta =  415 ############
F(tau = 0+) = (-0.2225-0.04074j)
end x =  0.01  , end diff =  9.98735126447167e-13  , end itern =  4514 

OnesideSUPNbig14beta416g0_5r1_0.npy
##### Finished beta =  416 ############
F(tau = 0+) = (-0.2225-0.04079j)
end x =  0.01  , end diff =  9.95092053612203e-13  , end itern =  2476 

OnesideSUPNbig14beta417g0_5r1_0.npy
##### Finished beta =  417 ############
F(tau = 0+) = (-0.2225-0.04078j)
end x =  0.01  , end diff =  9.97610453308547e-13  , end itern =  2350 

OnesideSUPNbig14beta418g0_5r1_0.npy
##### Finished beta =  418 ############
F(tau = 0+) = (-0.1201-0.1917j)
end x =  0.01  , end diff =  9.967303859155446e-13  , end itern =  4659 

OnesideSUPNbig14beta419g0_5r1_0.npy
##### Finished beta =  419 ############
F(tau = 0+) = (-0.2262+0.003069j)
end x =  0.01  , end diff =  9.990995212321798e-13  , end itern =  4647 

OnesideSUPNbig14beta420g0_5r1_0.npy
##### Finished beta =  420 ############
F(tau = 0+) = (-0.2262+0.003069j)
end x =  0.01  , end diff =  9.935933779304464e-13  , end itern =  2523 

OnesideSUPNbig14beta421g0_5r1_0.npy
##### Finished beta =  421 ############
F(tau = 0+) = (-0.2262+0.003574j)
end x =  0.01  , end diff =  9.961038487732338e-13  , end itern =  3198 

OnesideSUPNbig14beta422g0_5r1_0.npy
##### Finished beta =  422 ############
F(tau = 0+) = (-0.2262+0.003574j)
end x =  0.01  , end diff =  9.979306529025743e-13  , end itern =  2612 

OnesideSUPNbig14beta423g0_5r1_0.npy
##### Finished beta =  423 ############
F(tau = 0+) = (-0.06299+0.2173j)
end x =  0.01  , end diff =  9.996781127615875e-13  , end itern =  4695 

OnesideSUPNbig14beta424g0_5r1_0.npy
##### Finished beta =  424 ############
F(tau = 0+) = (-0.06334+0.2172j)
end x =  0.01  , end diff =  9.937239095558107e-13  , end itern =  2378 

OnesideSUPNbig14beta425g0_5r1_0.npy
##### Finished beta =  425 ############
F(tau = 0+) = (-0.2093+0.08591j)
end x =  0.01  , end diff =  9.947139865784917e-13  , end itern =  5047 

OnesideSUPNbig14beta426g0_5r1_0.npy
##### Finished beta =  426 ############
F(tau = 0+) = (-0.1698-0.1494j)
end x =  0.01  , end diff =  9.96104543595048e-13  , end itern =  4688 

OnesideSUPNbig14beta427g0_5r1_0.npy
##### Finished beta =  427 ############
F(tau = 0+) = (-0.2254+0.01899j)
end x =  0.01  , end diff =  9.977057109007864e-13  , end itern =  4640 

OnesideSUPNbig14beta428g0_5r1_0.npy
##### Finished beta =  428 ############
F(tau = 0+) = (-0.2254+0.01899j)
end x =  0.01  , end diff =  9.997649994481868e-13  , end itern =  2567 

OnesideSUPNbig14beta429g0_5r1_0.npy
##### Finished beta =  429 ############
F(tau = 0+) = (0.2067+0.09197j)
end x =  0.01  , end diff =  9.990452435288669e-13  , end itern =  3904 

OnesideSUPNbig14beta430g0_5r1_0.npy
##### Finished beta =  430 ############
F(tau = 0+) = (0.2067+0.09196j)
end x =  0.01  , end diff =  9.995128525450912e-13  , end itern =  2590 

OnesideSUPNbig14beta431g0_5r1_0.npy
##### Finished beta =  431 ############
F(tau = 0+) = (0.2067+0.09196j)
end x =  0.01  , end diff =  9.952535063773856e-13  , end itern =  2517 

OnesideSUPNbig14beta432g0_5r1_0.npy
##### Finished beta =  432 ############
F(tau = 0+) = (0.2067+0.09198j)
end x =  0.01  , end diff =  9.960054812942458e-13  , end itern =  3186 

OnesideSUPNbig14beta433g0_5r1_0.npy
##### Finished beta =  433 ############
F(tau = 0+) = (0.08188+0.2109j)
end x =  0.01  , end diff =  9.96174690376677e-13  , end itern =  4940 

OnesideSUPNbig14beta434g0_5r1_0.npy
##### Finished beta =  434 ############
F(tau = 0+) = (-0.2151+0.07017j)
end x =  0.01  , end diff =  9.942983514248493e-13  , end itern =  8978 

OnesideSUPNbig14beta435g0_5r1_0.npy
##### Finished beta =  435 ############
F(tau = 0+) = (-0.2167+0.06475j)
end x =  0.01  , end diff =  9.940890710879516e-13  , end itern =  2773 

OnesideSUPNbig14beta436g0_5r1_0.npy
##### Finished beta =  436 ############
F(tau = 0+) = (-0.2173+0.063j)
end x =  0.01  , end diff =  9.950520671465256e-13  , end itern =  2574 

OnesideSUPNbig14beta437g0_5r1_0.npy
##### Finished beta =  437 ############
F(tau = 0+) = (-0.2172+0.063j)
end x =  0.01  , end diff =  9.938514083670192e-13  , end itern =  2400 

OnesideSUPNbig14beta438g0_5r1_0.npy
##### Finished beta =  438 ############
F(tau = 0+) = (-0.2172+0.063j)
end x =  0.01  , end diff =  9.941714300825234e-13  , end itern =  2555 

OnesideSUPNbig14beta439g0_5r1_0.npy
##### Finished beta =  439 ############
F(tau = 0+) = (-0.2173+0.063j)
end x =  0.01  , end diff =  9.996141324738129e-13  , end itern =  2103 

OnesideSUPNbig14beta440g0_5r1_0.npy
##### Finished beta =  440 ############
F(tau = 0+) = (-0.2173+0.063j)
end x =  0.01  , end diff =  9.94678272167785e-13  , end itern =  2844 

OnesideSUPNbig14beta441g0_5r1_0.npy
##### Finished beta =  441 ############
F(tau = 0+) = (-0.2173+0.06299j)
end x =  0.01  , end diff =  9.965261814032189e-13  , end itern =  2706 

OnesideSUPNbig14beta442g0_5r1_0.npy
##### Finished beta =  442 ############
F(tau = 0+) = (-0.03523+0.2235j)
end x =  0.01  , end diff =  9.97899755023779e-13  , end itern =  4567 

OnesideSUPNbig14beta443g0_5r1_0.npy
##### Finished beta =  443 ############
F(tau = 0+) = (-0.2091+0.08636j)
end x =  0.01  , end diff =  9.949630148756911e-13  , end itern =  4525 

OnesideSUPNbig14beta444g0_5r1_0.npy
##### Finished beta =  444 ############
F(tau = 0+) = (-0.2091+0.08636j)
end x =  0.01  , end diff =  9.977467289478336e-13  , end itern =  2479 

OnesideSUPNbig14beta445g0_5r1_0.npy
##### Finished beta =  445 ############
F(tau = 0+) = (-0.2091+0.08636j)
end x =  0.01  , end diff =  9.962784704909575e-13  , end itern =  2721 

OnesideSUPNbig14beta446g0_5r1_0.npy
##### Finished beta =  446 ############
F(tau = 0+) = (-0.2091+0.08636j)
end x =  0.01  , end diff =  9.976344068224045e-13  , end itern =  2704 

OnesideSUPNbig14beta447g0_5r1_0.npy
##### Finished beta =  447 ############
F(tau = 0+) = (-0.2091+0.08636j)
end x =  0.01  , end diff =  9.970672517418216e-13  , end itern =  2661 

OnesideSUPNbig14beta448g0_5r1_0.npy
##### Finished beta =  448 ############
F(tau = 0+) = (-0.006962+0.2261j)
end x =  0.01  , end diff =  9.9841392039616e-13  , end itern =  4196 

OnesideSUPNbig14beta449g0_5r1_0.npy
##### Finished beta =  449 ############
F(tau = 0+) = (-0.006962+0.2261j)
end x =  0.01  , end diff =  9.949933301699201e-13  , end itern =  2458 

OnesideSUPNbig14beta450g0_5r1_0.npy
##### Finished beta =  450 ############
F(tau = 0+) = (-0.1739+0.1447j)
end x =  0.01  , end diff =  9.988223268279834e-13  , end itern =  5019 

OnesideSUPNbig14beta451g0_5r1_0.npy
##### Finished beta =  451 ############
F(tau = 0+) = (-0.1853-0.1297j)
end x =  0.01  , end diff =  9.980017561789556e-13  , end itern =  5773 

OnesideSUPNbig14beta452g0_5r1_0.npy
##### Finished beta =  452 ############
F(tau = 0+) = (-0.1853-0.1297j)
end x =  0.01  , end diff =  9.972233207389331e-13  , end itern =  2471 

OnesideSUPNbig14beta453g0_5r1_0.npy
##### Finished beta =  453 ############
F(tau = 0+) = (-0.1853-0.1297j)
end x =  0.01  , end diff =  9.950077020386013e-13  , end itern =  2479 

OnesideSUPNbig14beta454g0_5r1_0.npy
##### Finished beta =  454 ############
F(tau = 0+) = (-0.1091+0.1982j)
end x =  0.01  , end diff =  9.951609606832358e-13  , end itern =  5016 

OnesideSUPNbig14beta455g0_5r1_0.npy
##### Finished beta =  455 ############
F(tau = 0+) = (-0.1091+0.1981j)
end x =  0.01  , end diff =  9.958306418397538e-13  , end itern =  2429 

OnesideSUPNbig14beta456g0_5r1_0.npy
##### Finished beta =  456 ############
F(tau = 0+) = (-0.1091+0.1981j)
end x =  0.01  , end diff =  9.967285834294928e-13  , end itern =  2707 

OnesideSUPNbig14beta457g0_5r1_0.npy
##### Finished beta =  457 ############
F(tau = 0+) = (-0.2095+0.08546j)
end x =  0.01  , end diff =  9.931024439322472e-13  , end itern =  3845 

OnesideSUPNbig14beta458g0_5r1_0.npy
##### Finished beta =  458 ############
F(tau = 0+) = (-0.2094+0.08545j)
end x =  0.01  , end diff =  9.989633880596181e-13  , end itern =  2764 

OnesideSUPNbig14beta459g0_5r1_0.npy
##### Finished beta =  459 ############
F(tau = 0+) = (-0.2094+0.08545j)
end x =  0.01  , end diff =  9.951179721382176e-13  , end itern =  2895 

OnesideSUPNbig14beta460g0_5r1_0.npy
##### Finished beta =  460 ############
F(tau = 0+) = (-0.2122+0.07837j)
end x =  0.01  , end diff =  9.952413485475646e-13  , end itern =  4349 

OnesideSUPNbig14beta461g0_5r1_0.npy
##### Finished beta =  461 ############
F(tau = 0+) = (-0.2122+0.07836j)
end x =  0.01  , end diff =  9.93297857935086e-13  , end itern =  2489 

OnesideSUPNbig14beta462g0_5r1_0.npy
##### Finished beta =  462 ############
F(tau = 0+) = (-0.2122+0.07836j)
end x =  0.01  , end diff =  9.986632653859213e-13  , end itern =  2464 

OnesideSUPNbig14beta463g0_5r1_0.npy
##### Finished beta =  463 ############
F(tau = 0+) = (-0.1236+0.1895j)
end x =  0.01  , end diff =  9.983562659554112e-13  , end itern =  3658 

OnesideSUPNbig14beta464g0_5r1_0.npy
##### Finished beta =  464 ############
F(tau = 0+) = (-0.1236+0.1895j)
end x =  0.01  , end diff =  9.997276236150544e-13  , end itern =  2516 

OnesideSUPNbig14beta465g0_5r1_0.npy
##### Finished beta =  465 ############
F(tau = 0+) = (-0.1236+0.1895j)
end x =  0.01  , end diff =  9.94315262900013e-13  , end itern =  2455 

OnesideSUPNbig14beta466g0_5r1_0.npy
##### Finished beta =  466 ############
F(tau = 0+) = (-0.1232+0.1897j)
end x =  0.01  , end diff =  9.970824764892786e-13  , end itern =  3498 

OnesideSUPNbig14beta467g0_5r1_0.npy
##### Finished beta =  467 ############
F(tau = 0+) = (-0.1958+0.1133j)
end x =  0.01  , end diff =  9.99399215050281e-13  , end itern =  3615 

OnesideSUPNbig14beta468g0_5r1_0.npy
##### Finished beta =  468 ############
F(tau = 0+) = (-0.1958+0.1133j)
end x =  0.01  , end diff =  9.946218283726255e-13  , end itern =  2468 

OnesideSUPNbig14beta469g0_5r1_0.npy
##### Finished beta =  469 ############
F(tau = 0+) = (-0.295+0.3671j)
end x =  0.01  , end diff =  0.0001649659987189831  , end itern =  15000 

OnesideSUPNbig14beta470g0_5r1_0.npy
##### Finished beta =  470 ############
F(tau = 0+) = (0.06297+0.2173j)
end x =  0.01  , end diff =  9.954790272574873e-13  , end itern =  3342 

OnesideSUPNbig14beta471g0_5r1_0.npy
##### Finished beta =  471 ############
F(tau = 0+) = (-0.1609+0.159j)
end x =  0.01  , end diff =  9.99873652410935e-13  , end itern =  8135 

OnesideSUPNbig14beta472g0_5r1_0.npy
##### Finished beta =  472 ############
F(tau = 0+) = (-0.1609+0.159j)
end x =  0.01  , end diff =  9.96127834714316e-13  , end itern =  2444 

OnesideSUPNbig14beta473g0_5r1_0.npy
##### Finished beta =  473 ############
F(tau = 0+) = (-0.1609+0.159j)
end x =  0.01  , end diff =  9.957494318959214e-13  , end itern =  2441 

OnesideSUPNbig14beta474g0_5r1_0.npy
##### Finished beta =  474 ############
F(tau = 0+) = (-0.1609+0.159j)
end x =  0.01  , end diff =  9.99436857813e-13  , end itern =  2942 

OnesideSUPNbig14beta475g0_5r1_0.npy
##### Finished beta =  475 ############
F(tau = 0+) = (-0.1609+0.159j)
end x =  0.01  , end diff =  9.948189034194517e-13  , end itern =  2530 

OnesideSUPNbig14beta476g0_5r1_0.npy
##### Finished beta =  476 ############
F(tau = 0+) = (-0.1609+0.159j)
end x =  0.01  , end diff =  9.970210368518308e-13  , end itern =  2591 

OnesideSUPNbig14beta477g0_5r1_0.npy
##### Finished beta =  477 ############
F(tau = 0+) = (-0.1609+0.1591j)
end x =  0.01  , end diff =  9.9707423753497e-13  , end itern =  2053 

OnesideSUPNbig14beta478g0_5r1_0.npy
##### Finished beta =  478 ############
F(tau = 0+) = (-0.202-0.1019j)
end x =  0.01  , end diff =  9.946334010512976e-13  , end itern =  4381 

OnesideSUPNbig14beta479g0_5r1_0.npy
##### Finished beta =  479 ############
F(tau = 0+) = (-0.2019-0.1019j)
end x =  0.01  , end diff =  9.978533646195523e-13  , end itern =  2318 

OnesideSUPNbig14beta480g0_5r1_0.npy
##### Finished beta =  480 ############
F(tau = 0+) = (0.1294-0.1856j)
end x =  0.01  , end diff =  9.963240920013286e-13  , end itern =  5345 

OnesideSUPNbig14beta481g0_5r1_0.npy
##### Finished beta =  481 ############
F(tau = 0+) = (-0.1022-0.2018j)
end x =  0.01  , end diff =  9.991814746065242e-13  , end itern =  4641 

OnesideSUPNbig14beta482g0_5r1_0.npy
##### Finished beta =  482 ############
F(tau = 0+) = (-0.1022-0.2018j)
end x =  0.01  , end diff =  9.979205285183454e-13  , end itern =  2445 

OnesideSUPNbig14beta483g0_5r1_0.npy
##### Finished beta =  483 ############
F(tau = 0+) = (-0.1028-0.2015j)
end x =  0.01  , end diff =  9.998577337292516e-13  , end itern =  1991 

OnesideSUPNbig14beta484g0_5r1_0.npy
##### Finished beta =  484 ############
F(tau = 0+) = (-0.1028-0.2015j)
end x =  0.01  , end diff =  9.958232636609005e-13  , end itern =  2412 

OnesideSUPNbig14beta485g0_5r1_0.npy
##### Finished beta =  485 ############
F(tau = 0+) = (-0.1103-0.1975j)
end x =  0.01  , end diff =  9.979808685479664e-13  , end itern =  4391 

OnesideSUPNbig14beta486g0_5r1_0.npy
##### Finished beta =  486 ############
F(tau = 0+) = (-0.1103-0.1975j)
end x =  0.01  , end diff =  9.969467314035588e-13  , end itern =  2458 

OnesideSUPNbig14beta487g0_5r1_0.npy
##### Finished beta =  487 ############
F(tau = 0+) = (-0.1103-0.1975j)
end x =  0.01  , end diff =  9.982707680706543e-13  , end itern =  2508 

OnesideSUPNbig14beta488g0_5r1_0.npy
##### Finished beta =  488 ############
F(tau = 0+) = (-0.1103-0.1975j)
end x =  0.01  , end diff =  9.95560720634112e-13  , end itern =  2486 

OnesideSUPNbig14beta489g0_5r1_0.npy
##### Finished beta =  489 ############
F(tau = 0+) = (0.03779+0.223j)
end x =  0.01  , end diff =  9.967444287953282e-13  , end itern =  4250 

OnesideSUPNbig14beta490g0_5r1_0.npy
##### Finished beta =  490 ############
F(tau = 0+) = (0.03746+0.2231j)
end x =  0.01  , end diff =  9.95801553540911e-13  , end itern =  3093 

OnesideSUPNbig14beta491g0_5r1_0.npy
##### Finished beta =  491 ############
F(tau = 0+) = (-0.1477+0.1713j)
end x =  0.01  , end diff =  9.94755908918106e-13  , end itern =  4947 

OnesideSUPNbig14beta492g0_5r1_0.npy
##### Finished beta =  492 ############
F(tau = 0+) = (-0.1477+0.1713j)
end x =  0.01  , end diff =  9.990016036974228e-13  , end itern =  2597 

OnesideSUPNbig14beta493g0_5r1_0.npy
##### Finished beta =  493 ############
F(tau = 0+) = (-0.1918-0.12j)
end x =  0.01  , end diff =  9.99653350379188e-13  , end itern =  5377 

OnesideSUPNbig14beta494g0_5r1_0.npy
##### Finished beta =  494 ############
F(tau = 0+) = (-0.1919-0.1198j)
end x =  0.01  , end diff =  9.96460221151391e-13  , end itern =  3163 

OnesideSUPNbig14beta495g0_5r1_0.npy
##### Finished beta =  495 ############
F(tau = 0+) = (-0.1919-0.1198j)
end x =  0.01  , end diff =  9.956540478822119e-13  , end itern =  3627 

OnesideSUPNbig14beta496g0_5r1_0.npy
##### Finished beta =  496 ############
F(tau = 0+) = (0.0006714-0.2262j)
end x =  0.01  , end diff =  9.987260055448522e-13  , end itern =  4527 

OnesideSUPNbig14beta497g0_5r1_0.npy
##### Finished beta =  497 ############
F(tau = 0+) = (-0.04354+0.222j)
end x =  0.01  , end diff =  9.95481572456942e-13  , end itern =  4250 

OnesideSUPNbig14beta498g0_5r1_0.npy
##### Finished beta =  498 ############
F(tau = 0+) = (-0.04356+0.222j)
end x =  0.01  , end diff =  9.993418495354976e-13  , end itern =  2877 

OnesideSUPNbig14beta499g0_5r1_0.npy
##### Finished beta =  499 ############
F(tau = 0+) = (-0.04356+0.222j)
end x =  0.01  , end diff =  9.985995513094988e-13  , end itern =  2491 

OnesideSUPNbig14beta500g0_5r1_0.npy
##### Finished beta =  500 ############
F(tau = 0+) = (0.1104-0.1974j)
end x =  0.01  , end diff =  9.95115983236658e-13  , end itern =  4033 

500
499.9847412109375
slope of fit = 0.691
