[/bin/bash] ## This is shankaras1 on #HOSTNAME and job ID 2165159
[/bin/bash] Current working directory: /home/shankaras1/data1/Maj_WH
[/bin/bash] Running Python script
/data1/shankaras1/Maj_WH/./Sources/SYK_fft.py:87: RuntimeWarning: overflow encountered in exp
  return (1.0/(1.0 + np.exp(arg)))
T =  524288 , dw =   0.000006 , dt =  0.031250 , omega_max =  100.531
dw/temp =  0.0300
flag fft_check =  True
grid_flag =  True
######## State Variables ################
J =  1.0
mu =  0.0
kappa =  0.01
beta =  5000.0
log_2 M =  24.0
eta =  5.992112463104604e-05
T =  524288
err =  0.01
######## End of State variables #########
itern =  1  , diff =  16808.318050450776 16808.318050450776  , x =  0.25 0.25
itern =  2  , diff =  5094.96987558856 5094.96987558856  , x =  0.25 0.25
itern =  3  , diff =  3496.95968121007 3496.95968121007  , x =  0.25 0.25
itern =  4  , diff =  2567.0014940441447 2567.0014940441447  , x =  0.25 0.25
itern =  5  , diff =  1905.7914167009983 1905.7914167009983  , x =  0.25 0.25
itern =  6  , diff =  1430.674032715159 1430.674032715159  , x =  0.25 0.25
itern =  7  , diff =  1082.6957128124145 1082.6957128124145  , x =  0.25 0.25
itern =  8  , diff =  836.6061235220334 836.6061235220334  , x =  0.25 0.25
itern =  9  , diff =  662.8677296540737 662.8677296540737  , x =  0.25 0.25
itern =  10  , diff =  531.1906189015145 531.1906189015145  , x =  0.25 0.25
itern =  11  , diff =  464.2959162706201 464.2959162706201  , x =  0.25 0.25
itern =  12  , diff =  580.9191350003816 580.9191350003816  , x =  0.125 0.125
itern =  13  , diff =  992.6743832010873 992.6743832010873  , x =  0.0625 0.0625
itern =  14  , diff =  218.27680340920907 218.27680340920907  , x =  0.0625 0.0625
itern =  15  , diff =  190.99839952252077 190.99839952252077  , x =  0.0625 0.0625
itern =  16  , diff =  175.70134339862233 175.70134339862233  , x =  0.0625 0.0625
itern =  17  , diff =  167.38646391269546 167.38646391269546  , x =  0.0625 0.0625
itern =  18  , diff =  161.76846235864843 161.76846235864843  , x =  0.0625 0.0625
itern =  19  , diff =  155.9277970431246 155.9277970431246  , x =  0.0625 0.0625
itern =  20  , diff =  149.24818038928626 149.24818038928626  , x =  0.0625 0.0625
itern =  21  , diff =  142.20776582714495 142.20776582714495  , x =  0.0625 0.0625
itern =  22  , diff =  135.391410863901 135.391410863901  , x =  0.0625 0.0625
itern =  23  , diff =  129.13597527662247 129.13597527662247  , x =  0.0625 0.0625
itern =  24  , diff =  123.52628959764587 123.52628959764587  , x =  0.0625 0.0625
itern =  25  , diff =  118.52470107530513 118.52470107530513  , x =  0.0625 0.0625
itern =  26  , diff =  114.05822996396842 114.05822996396842  , x =  0.0625 0.0625
itern =  27  , diff =  110.05443608397493 110.05443608397493  , x =  0.0625 0.0625
itern =  28  , diff =  106.45167916987432 106.45167916987432  , x =  0.0625 0.0625
itern =  29  , diff =  103.19975958192623 103.19975958192623  , x =  0.0625 0.0625
itern =  30  , diff =  100.25791631736402 100.25791631736402  , x =  0.0625 0.0625
itern =  31  , diff =  97.59268626176262 97.59268626176262  , x =  0.0625 0.0625
itern =  32  , diff =  95.17625375575261 95.17625375575261  , x =  0.0625 0.0625
itern =  33  , diff =  92.98526375187863 92.98526375187863  , x =  0.0625 0.0625
itern =  34  , diff =  90.9999321622526 90.9999321622526  , x =  0.0625 0.0625
itern =  35  , diff =  89.20333076783112 89.20333076783112  , x =  0.0625 0.0625
itern =  36  , diff =  87.58080281048305 87.58080281048305  , x =  0.0625 0.0625
itern =  37  , diff =  86.11951435569082 86.11951435569082  , x =  0.0625 0.0625
itern =  38  , diff =  84.80814687452119 84.80814687452119  , x =  0.0625 0.0625
itern =  39  , diff =  83.63670643600588 83.63670643600588  , x =  0.0625 0.0625
itern =  40  , diff =  82.5963996335505 82.5963996335505  , x =  0.0625 0.0625
itern =  41  , diff =  81.67952703754705 81.67952703754705  , x =  0.0625 0.0625
itern =  42  , diff =  80.87936638326502 80.87936638326502  , x =  0.0625 0.0625
itern =  43  , diff =  80.19004211667806 80.19004211667806  , x =  0.0625 0.0625
itern =  44  , diff =  79.60639281284334 79.60639281284334  , x =  0.0625 0.0625
itern =  45  , diff =  79.12385141820556 79.12385141820556  , x =  0.0625 0.0625
itern =  46  , diff =  78.73834950538333 78.73834950538333  , x =  0.0625 0.0625
itern =  47  , diff =  78.44625074276998 78.44625074276998  , x =  0.0625 0.0625
itern =  48  , diff =  78.24431369624403 78.24431369624403  , x =  0.0625 0.0625
itern =  49  , diff =  78.12968102383377 78.12968102383377  , x =  0.0625 0.0625
itern =  50  , diff =  78.09989099225118 78.09989099225118  , x =  0.0625 0.0625
itern =  51  , diff =  78.15290744105724 78.15290744105724  , x =  0.03125 0.03125
itern =  52  , diff =  39.14358259600637 39.14358259600637  , x =  0.03125 0.03125
itern =  53  , diff =  39.207871060786985 39.207871060786985  , x =  0.015625 0.015625
itern =  54  , diff =  19.640649147462604 19.640649147462604  , x =  0.015625 0.015625
itern =  55  , diff =  19.662688544609672 19.662688544609672  , x =  0.0078125 0.0078125
itern =  56  , diff =  9.842928813932064 9.842928813932064  , x =  0.0078125 0.0078125
itern =  57  , diff =  9.849179667345672 9.849179667345672  , x =  0.00390625 0.00390625
itern =  58  , diff =  4.927786141121002 4.927786141121002  , x =  0.00390625 0.00390625
itern =  59  , diff =  4.929441735309172 4.929441735309172  , x =  0.001953125 0.001953125
itern =  60  , diff =  2.465557561813922 2.465557561813922  , x =  0.001953125 0.001953125
itern =  61  , diff =  2.465983103088365 2.465983103088365  , x =  0.0009765625 0.0009765625
itern =  62  , diff =  1.2332054372286896 1.2332054372286896  , x =  0.0009765625 0.0009765625
itern =  63  , diff =  1.233313280437217 1.233313280437217  , x =  0.00048828125 0.00048828125
itern =  64  , diff =  0.6167107014045814 0.6167107014045814  , x =  0.00048828125 0.00048828125
itern =  65  , diff =  0.6167378446180588 0.6167378446180588  , x =  0.000244140625 0.000244140625
itern =  66  , diff =  0.3083825113766132 0.3083825113766132  , x =  0.000244140625 0.000244140625
itern =  67  , diff =  0.3083893199928358 0.3083893199928358  , x =  0.0001220703125 0.0001220703125
itern =  68  , diff =  0.1541980664879738 0.1541980664879738  , x =  0.0001220703125 0.0001220703125
itern =  69  , diff =  0.15419977149436642 0.15419977149436642  , x =  6.103515625e-05 6.103515625e-05
itern =  70  , diff =  0.07710073852336288 0.07710073852336288  , x =  6.103515625e-05 6.103515625e-05
itern =  71  , diff =  0.07710116513154981 0.07710116513154981  , x =  3.0517578125e-05 3.0517578125e-05
itern =  72  , diff =  0.03855079590399456 0.03855079590399456  , x =  3.0517578125e-05 3.0517578125e-05
itern =  73  , diff =  0.038550902600617463 0.038550902600617463  , x =  1.52587890625e-05 1.52587890625e-05
itern =  74  , diff =  0.01927550465288616 0.01927550465288616  , x =  1.52587890625e-05 1.52587890625e-05
itern =  75  , diff =  0.019275531332613935 0.019275531332613935  , x =  7.62939453125e-06 7.62939453125e-06
itern =  76  , diff =  0.009637779006704254 0.009637779006704254  , x =  7.62939453125e-06 7.62939453125e-06

###########Data Writing############
Dictionary saved to ./Outputs/cSYK_WH_2165159.h5
*********Program exited successfully *********
[/bin/bash]#### SLURM script finished. 
