[/bin/bash] ## This is shankaras1 on #HOSTNAME and job ID 2332886
[/bin/bash] Current working directory: /home/shankaras1/data1/Maj_WH
[/bin/bash] Running Python script
/data1/shankaras1/Maj_WH/./Sources/SYK_fft.py:87: RuntimeWarning: overflow encountered in exp
  return (1.0/(1.0 + np.exp(arg)))
/data1/shankaras1/Maj_WH/./Sources/testingscripts.py:39: UserWarning: converging too slowly in function RE_wormhole_cSYK_iterator
  warnings.warn('converging too slowly in function ' + inspect.stack()[1][3])
T =  524288 , dw =   0.000006 , dt =  0.031250 , omega_max =  100.531
dw/temp =  0.0300
flag fft_check =  True
grid_flag =  True
######## State Variables ################
J =  1.0
mu =  0.0
kappa =  0.01
beta =  5000.0
log_2 M =  24.0
eta =  5.992112463104604e-05
T =  524288
err =  0.01
######## End of State variables #########
itern =  1  , diff =  12667.78609656855 12667.78609656855  , x =  0.25 0.25
itern =  2  , diff =  3393.210335525578 3393.210335525578  , x =  0.25 0.25
itern =  3  , diff =  2534.260945928993 2534.260945928993  , x =  0.25 0.25
itern =  4  , diff =  1912.4675261515195 1912.4675261515195  , x =  0.25 0.25
itern =  5  , diff =  1450.7210117196146 1450.7210117196146  , x =  0.25 0.25
itern =  6  , diff =  1102.3887836972417 1102.3887836972417  , x =  0.25 0.25
itern =  7  , diff =  836.9994683326652 836.9994683326652  , x =  0.25 0.25
itern =  8  , diff =  633.5142434539723 633.5142434539723  , x =  0.25 0.25
itern =  9  , diff =  477.1294187185571 477.1294187185571  , x =  0.25 0.25
itern =  10  , diff =  357.7498146501478 357.7498146501478  , x =  0.25 0.25
itern =  11  , diff =  267.3447986522541 267.3447986522541  , x =  0.25 0.25
itern =  12  , diff =  198.85426653636762 198.85426653636762  , x =  0.25 0.25
itern =  13  , diff =  149.43263440067062 149.43263440067062  , x =  0.25 0.25
itern =  14  , diff =  116.21574791840932 116.21574791840932  , x =  0.25 0.25
itern =  15  , diff =  92.77743086819476 92.77743086819476  , x =  0.25 0.25
itern =  16  , diff =  74.73265696780554 74.73265696780554  , x =  0.25 0.25
itern =  17  , diff =  60.488477830999514 60.488477830999514  , x =  0.25 0.25
itern =  18  , diff =  49.06257947519275 49.06257947519275  , x =  0.25 0.25
itern =  19  , diff =  40.174283168910065 40.174283168910065  , x =  0.25 0.25
itern =  20  , diff =  33.420775459843235 33.420775459843235  , x =  0.25 0.25
itern =  21  , diff =  28.422917192648733 28.422917192648733  , x =  0.25 0.25
itern =  22  , diff =  24.823610043028765 24.823610043028765  , x =  0.25 0.25
itern =  23  , diff =  22.291671291260254 22.291671291260254  , x =  0.25 0.25
itern =  24  , diff =  20.532106752328126 20.532106752328126  , x =  0.25 0.25
itern =  25  , diff =  19.2989378045903 19.2989378045903  , x =  0.25 0.25
itern =  26  , diff =  18.40239808554157 18.40239808554157  , x =  0.25 0.25
itern =  27  , diff =  17.706635948898537 17.706635948898537  , x =  0.25 0.25
itern =  28  , diff =  17.120505828814657 17.120505828814657  , x =  0.25 0.25
itern =  29  , diff =  16.586207272512286 16.586207272512286  , x =  0.25 0.25
itern =  30  , diff =  16.069072266988343 16.069072266988343  , x =  0.25 0.25
itern =  31  , diff =  15.549721739028055 15.549721739028055  , x =  0.25 0.25
itern =  32  , diff =  15.018547934756906 15.018547934756906  , x =  0.25 0.25
itern =  33  , diff =  14.472021309757412 14.472021309757412  , x =  0.25 0.25
itern =  34  , diff =  13.91028532743217 13.91028532743217  , x =  0.25 0.25
itern =  35  , diff =  13.335612009020469 13.335612009020469  , x =  0.25 0.25
itern =  36  , diff =  12.751417042241435 12.751417042241435  , x =  0.25 0.25
itern =  37  , diff =  12.161634415762485 12.161634415762485  , x =  0.25 0.25
itern =  38  , diff =  11.570321682868894 11.570321682868894  , x =  0.25 0.25
itern =  39  , diff =  10.981413895990233 10.981413895990233  , x =  0.25 0.25
itern =  40  , diff =  10.398574232052892 10.398574232052892  , x =  0.25 0.25
itern =  41  , diff =  9.82510817505345 9.82510817505345  , x =  0.25 0.25
itern =  42  , diff =  9.263919906147798 9.263919906147798  , x =  0.25 0.25
itern =  43  , diff =  8.717496932250892 8.717496932250892  , x =  0.25 0.25
itern =  44  , diff =  8.187913641119497 8.187913641119497  , x =  0.25 0.25
itern =  45  , diff =  7.676847445604158 7.676847445604158  , x =  0.25 0.25
itern =  46  , diff =  7.1856031124097335 7.1856031124097335  , x =  0.25 0.25
itern =  47  , diff =  6.715142153546619 6.715142153546619  , x =  0.25 0.25
itern =  48  , diff =  6.266115032108103 6.266115032108103  , x =  0.25 0.25
itern =  49  , diff =  5.838894545723148 5.838894545723148  , x =  0.25 0.25
itern =  50  , diff =  5.433609192291495 5.433609192291495  , x =  0.25 0.25
itern =  51  , diff =  5.050175649862219 5.050175649862219  , x =  0.25 0.25
itern =  52  , diff =  4.688329751323105 4.688329751323105  , x =  0.25 0.25
itern =  53  , diff =  4.347655527256471 4.347655527256471  , x =  0.25 0.25
itern =  54  , diff =  4.027612041404788 4.027612041404788  , x =  0.25 0.25
itern =  55  , diff =  3.7275578622133763 3.7275578622133763  , x =  0.25 0.25
itern =  56  , diff =  3.4467731074426773 3.4467731074426773  , x =  0.25 0.25
itern =  57  , diff =  3.184479071594157 3.184479071594157  , x =  0.25 0.25
itern =  58  , diff =  2.9398555014303653 2.9398555014303653  , x =  0.25 0.25
itern =  59  , diff =  2.7120556260787305 2.7120556260787305  , x =  0.25 0.25
itern =  60  , diff =  2.5002190774175843 2.5002190774175843  , x =  0.25 0.25
itern =  61  , diff =  2.3034828557653353 2.3034828557653353  , x =  0.25 0.25
itern =  62  , diff =  2.120990507039971 2.120990507039971  , x =  0.25 0.25
itern =  63  , diff =  1.9518996821654357 1.9518996821654357  , x =  0.25 0.25
itern =  64  , diff =  1.7953882489000477 1.7953882489000477  , x =  0.25 0.25
itern =  65  , diff =  1.6506591216915973 1.6506591216915973  , x =  0.25 0.25
itern =  66  , diff =  1.516943967611967 1.516943967611967  , x =  0.25 0.25
itern =  67  , diff =  1.393505936819098 1.393505936819098  , x =  0.25 0.25
itern =  68  , diff =  1.2796415550102003 1.2796415550102003  , x =  0.25 0.25
itern =  69  , diff =  1.1746819036142968 1.1746819036142968  , x =  0.25 0.25
itern =  70  , diff =  1.0779932014597922 1.0779932014597922  , x =  0.25 0.25
itern =  71  , diff =  0.988976889738892 0.988976889738892  , x =  0.25 0.25
itern =  72  , diff =  0.9070693105543937 0.9070693105543937  , x =  0.25 0.25
itern =  73  , diff =  0.8317410583651188 0.8317410583651188  , x =  0.25 0.25
itern =  74  , diff =  0.7624960733883572 0.7624960733883572  , x =  0.25 0.25
itern =  75  , diff =  0.6988705365648946 0.6988705365648946  , x =  0.25 0.25
itern =  76  , diff =  0.6404316170621622 0.6404316170621622  , x =  0.25 0.25
itern =  77  , diff =  0.5867761155341593 0.5867761155341593  , x =  0.25 0.25
itern =  78  , diff =  0.537529039398589 0.537529039398589  , x =  0.25 0.25
itern =  79  , diff =  0.4923421402594915 0.4923421402594915  , x =  0.25 0.25
itern =  80  , diff =  0.4508924382188194 0.4508924382188194  , x =  0.25 0.25
itern =  81  , diff =  0.4128807531177973 0.4128807531177973  , x =  0.25 0.25
itern =  82  , diff =  0.37803025870807966 0.37803025870807966  , x =  0.25 0.25
itern =  83  , diff =  0.34608507227092444 0.34608507227092444  , x =  0.25 0.25
itern =  84  , diff =  0.31680888926124445 0.31680888926124445  , x =  0.25 0.25
itern =  85  , diff =  0.2899836700501498 0.2899836700501498  , x =  0.25 0.25
itern =  86  , diff =  0.2654083837635286 0.2654083837635286  , x =  0.25 0.25
itern =  87  , diff =  0.24289781248726952 0.24289781248726952  , x =  0.25 0.25
itern =  88  , diff =  0.22228141768261436 0.22228141768261436  , x =  0.25 0.25
itern =  89  , diff =  0.20340226951011714 0.20340226951011714  , x =  0.25 0.25
itern =  90  , diff =  0.1861160388365594 0.1861160388365594  , x =  0.25 0.25
itern =  91  , diff =  0.17029005096573271 0.17029005096573271  , x =  0.25 0.25
itern =  92  , diff =  0.15580239957411024 0.15580239957411024  , x =  0.25 0.25
itern =  93  , diff =  0.14254111889978568 0.14254111889978568  , x =  0.25 0.25
itern =  94  , diff =  0.13040341192589508 0.13040341192589508  , x =  0.25 0.25
itern =  95  , diff =  0.11929493207925265 0.11929493207925265  , x =  0.25 0.25
itern =  96  , diff =  0.10912911582635568 0.10912911582635568  , x =  0.25 0.25
itern =  97  , diff =  0.09982656347551629 0.09982656347551629  , x =  0.25 0.25
itern =  98  , diff =  0.09131446546299546 0.09131446546299546  , x =  0.25 0.25
itern =  99  , diff =  0.0835260714205881 0.0835260714205881  , x =  0.25 0.25
itern =  100  , diff =  0.07640019936700021 0.07640019936700021  , x =  0.25 0.25
itern =  101  , diff =  0.06988078243867535 0.06988078243867535  , x =  0.25 0.25
itern =  102  , diff =  0.0639164506548531 0.0639164506548531  , x =  0.25 0.25
itern =  103  , diff =  0.05846014532699485 0.05846014532699485  , x =  0.25 0.25

###########Data Writing############
Dictionary saved to ./Outputs/cSYK_WH_2332886.h5
*********Program exited successfully *********
[/bin/bash]#### SLURM script finished. 
