[/bin/bash] ## This is shankaras1 on #HOSTNAME and job ID 2371829
[/bin/bash] Current working directory: /home/shankaras1/data1/Maj_WH
[/bin/bash] Running Python script
##### NOW beta =  201 ############

##### NOW beta =  202 ############

##### NOW beta =  203 ############

##### NOW beta =  204 ############

##### NOW beta =  205 ############

##### NOW beta =  206 ############

##### NOW beta =  207 ############

##### NOW beta =  208 ############

##### NOW beta =  209 ############

##### NOW beta =  210 ############

##### NOW beta =  211 ############

##### NOW beta =  212 ############

##### NOW beta =  213 ############

##### NOW beta =  214 ############

##### NOW beta =  215 ############

##### NOW beta =  216 ############

##### NOW beta =  217 ############

##### NOW beta =  218 ############

##### NOW beta =  219 ############

##### NOW beta =  220 ############

##### NOW beta =  221 ############

##### NOW beta =  222 ############

##### NOW beta =  223 ############

##### NOW beta =  224 ############

##### NOW beta =  225 ############

##### NOW beta =  226 ############

##### NOW beta =  227 ############

##### NOW beta =  228 ############

##### NOW beta =  229 ############

##### NOW beta =  230 ############

##### NOW beta =  231 ############

##### NOW beta =  232 ############

##### NOW beta =  233 ############

##### NOW beta =  234 ############

##### NOW beta =  235 ############

##### NOW beta =  236 ############

##### NOW beta =  237 ############

##### NOW beta =  238 ############

##### NOW beta =  239 ############

##### NOW beta =  240 ############

##### NOW beta =  241 ############

##### NOW beta =  242 ############

##### NOW beta =  243 ############

##### NOW beta =  244 ############

##### NOW beta =  245 ############

##### NOW beta =  246 ############

##### NOW beta =  247 ############

##### NOW beta =  248 ############

##### NOW beta =  249 ############

##### NOW beta =  250 ############

##### NOW beta =  251 ############

##### NOW beta =  252 ############

##### NOW beta =  253 ############

##### NOW beta =  254 ############

##### NOW beta =  255 ############

##### NOW beta =  256 ############

##### NOW beta =  257 ############

##### NOW beta =  258 ############

##### NOW beta =  259 ############

##### NOW beta =  260 ############

##### NOW beta =  261 ############

##### NOW beta =  262 ############

##### NOW beta =  263 ############

##### NOW beta =  264 ############

##### NOW beta =  265 ############

##### NOW beta =  266 ############

##### NOW beta =  267 ############

##### NOW beta =  268 ############

##### NOW beta =  269 ############

##### NOW beta =  270 ############

##### NOW beta =  271 ############

##### NOW beta =  272 ############

##### NOW beta =  273 ############

##### NOW beta =  274 ############

##### NOW beta =  275 ############

##### NOW beta =  276 ############

##### NOW beta =  277 ############

##### NOW beta =  278 ############

##### NOW beta =  279 ############

##### NOW beta =  280 ############

##### NOW beta =  281 ############

##### NOW beta =  282 ############

##### NOW beta =  283 ############

##### NOW beta =  284 ############

##### NOW beta =  285 ############

##### NOW beta =  286 ############

##### NOW beta =  287 ############

##### NOW beta =  288 ############

##### NOW beta =  289 ############

##### NOW beta =  290 ############

##### NOW beta =  291 ############

##### NOW beta =  292 ############

##### NOW beta =  293 ############

##### NOW beta =  294 ############

##### NOW beta =  295 ############

##### NOW beta =  296 ############

##### NOW beta =  297 ############

##### NOW beta =  298 ############

##### NOW beta =  299 ############

##### NOW beta =  300 ############

ProgES_2371829Nbig22beta300g0_5r1.0.npy

###########Data Writing############
Dictionary saved to ./Outputs/ProgESOutputs/ProgES_2371829Nbig22beta300g0_5r1_0.h5
##### NOW beta =  301 ############

##### NOW beta =  302 ############

##### NOW beta =  303 ############

##### NOW beta =  304 ############

##### NOW beta =  305 ############

##### NOW beta =  306 ############

##### NOW beta =  307 ############

##### NOW beta =  308 ############

##### NOW beta =  309 ############

##### NOW beta =  310 ############

##### NOW beta =  311 ############

##### NOW beta =  312 ############

##### NOW beta =  313 ############

##### NOW beta =  314 ############

##### NOW beta =  315 ############

##### NOW beta =  316 ############

##### NOW beta =  317 ############

##### NOW beta =  318 ############

##### NOW beta =  319 ############

##### NOW beta =  320 ############

##### NOW beta =  321 ############

##### NOW beta =  322 ############

##### NOW beta =  323 ############

##### NOW beta =  324 ############

##### NOW beta =  325 ############

##### NOW beta =  326 ############

##### NOW beta =  327 ############

##### NOW beta =  328 ############

##### NOW beta =  329 ############

##### NOW beta =  330 ############

##### NOW beta =  331 ############

##### NOW beta =  332 ############

##### NOW beta =  333 ############

##### NOW beta =  334 ############

##### NOW beta =  335 ############

##### NOW beta =  336 ############

##### NOW beta =  337 ############

##### NOW beta =  338 ############

##### NOW beta =  339 ############

##### NOW beta =  340 ############

##### NOW beta =  341 ############

##### NOW beta =  342 ############

##### NOW beta =  343 ############

##### NOW beta =  344 ############

##### NOW beta =  345 ############

##### NOW beta =  346 ############

##### NOW beta =  347 ############

##### NOW beta =  348 ############

##### NOW beta =  349 ############

##### NOW beta =  350 ############

##### NOW beta =  351 ############

##### NOW beta =  352 ############

##### NOW beta =  353 ############

##### NOW beta =  354 ############

##### NOW beta =  355 ############

##### NOW beta =  356 ############

##### NOW beta =  357 ############

##### NOW beta =  358 ############

##### NOW beta =  359 ############

##### NOW beta =  360 ############

##### NOW beta =  361 ############

##### NOW beta =  362 ############

##### NOW beta =  363 ############

##### NOW beta =  364 ############

##### NOW beta =  365 ############

##### NOW beta =  366 ############

##### NOW beta =  367 ############

##### NOW beta =  368 ############

##### NOW beta =  369 ############

##### NOW beta =  370 ############

##### NOW beta =  371 ############

##### NOW beta =  372 ############

##### NOW beta =  373 ############

##### NOW beta =  374 ############

##### NOW beta =  375 ############

##### NOW beta =  376 ############

##### NOW beta =  377 ############

##### NOW beta =  378 ############

##### NOW beta =  379 ############

##### NOW beta =  380 ############

##### NOW beta =  381 ############

##### NOW beta =  382 ############

##### NOW beta =  383 ############

##### NOW beta =  384 ############

##### NOW beta =  385 ############

##### NOW beta =  386 ############

##### NOW beta =  387 ############

##### NOW beta =  388 ############

##### NOW beta =  389 ############

##### NOW beta =  390 ############

##### NOW beta =  391 ############

##### NOW beta =  392 ############

##### NOW beta =  393 ############

##### NOW beta =  394 ############

##### NOW beta =  395 ############

##### NOW beta =  396 ############

##### NOW beta =  397 ############

##### NOW beta =  398 ############

##### NOW beta =  399 ############

##### NOW beta =  400 ############

ProgES_2371829Nbig22beta400g0_5r1.0.npy

###########Data Writing############
Dictionary saved to ./Outputs/ProgESOutputs/ProgES_2371829Nbig22beta400g0_5r1_0.h5
*********Program exited successfully *********
[/bin/bash]#### SLURM script finished. 
