[/bin/bash] ## This is shankaras1 on #HOSTNAME and job ID 2335587
[/bin/bash] Current working directory: /home/shankaras1/data1/Maj_WH
[/bin/bash] Running Python script
/data1/shankaras1/Maj_WH/./Sources/SYK_fft.py:87: RuntimeWarning: overflow encountered in exp
  return (1.0/(1.0 + np.exp(arg)))
/data1/shankaras1/Maj_WH/./Sources/testingscripts.py:39: UserWarning: converging too slowly in function RE_wormhole_cSYK_iterator
  warnings.warn('converging too slowly in function ' + inspect.stack()[1][3])
T =  524288 , dw =   0.000006 , dt =  0.031250 , omega_max =  100.531
dw/temp =  0.0300
flag fft_check =  True
grid_flag =  True
######## State Variables ################
J =  1.0
mu =  0.0
kappa =  0.04
beta =  5000.0
log_2 M =  24.0
eta =  1.258343617251967e-05
T =  524288
err =  0.01
######## End of State variables #########
itern =  1  , diff =  26550.001406300195 26550.001406300195  , x =  0.25 0.25
itern =  2  , diff =  6876.8367849983815 6876.8367849983815  , x =  0.25 0.25
itern =  3  , diff =  5159.489876866036 5159.489876866036  , x =  0.25 0.25
itern =  4  , diff =  3884.322441172761 3884.322441172761  , x =  0.25 0.25
itern =  5  , diff =  2931.1402411781037 2931.1402411781037  , x =  0.25 0.25
itern =  6  , diff =  2212.532774024746 2212.532774024746  , x =  0.25 0.25
itern =  7  , diff =  1669.5730161462652 1669.5730161462652  , x =  0.25 0.25
itern =  8  , diff =  1259.9590319390625 1259.9590319390625  , x =  0.25 0.25
itern =  9  , diff =  953.8099338751008 953.8099338751008  , x =  0.25 0.25
itern =  10  , diff =  725.2429728598934 725.2429728598934  , x =  0.25 0.25
itern =  11  , diff =  559.5044648053272 559.5044648053272  , x =  0.25 0.25
itern =  12  , diff =  498.2548374254989 498.2548374254989  , x =  0.25 0.25
itern =  13  , diff =  395.5158761951239 395.5158761951239  , x =  0.25 0.25
itern =  14  , diff =  518.4066188093327 518.4066188093327  , x =  0.125 0.125
itern =  15  , diff =  140.18744742590252 140.18744742590252  , x =  0.125 0.125
itern =  16  , diff =  169.46353428933728 169.46353428933728  , x =  0.0625 0.0625
itern =  17  , diff =  139.53317841220039 139.53317841220039  , x =  0.0625 0.0625
itern =  18  , diff =  176.15904765367753 176.15904765367753  , x =  0.03125 0.03125
itern =  19  , diff =  55.699564324554956 55.699564324554956  , x =  0.03125 0.03125
itern =  20  , diff =  67.64058509314205 67.64058509314205  , x =  0.015625 0.015625
itern =  21  , diff =  95.0176799578964 95.0176799578964  , x =  0.0078125 0.0078125
itern =  22  , diff =  24.387824377772915 24.387824377772915  , x =  0.0078125 0.0078125
itern =  23  , diff =  33.80713213588244 33.80713213588244  , x =  0.00390625 0.00390625
itern =  24  , diff =  78.58584122766067 78.58584122766067  , x =  0.001953125 0.001953125
itern =  25  , diff =  7.868248402614472 7.868248402614472  , x =  0.001953125 0.001953125
itern =  26  , diff =  8.039151007414223 8.039151007414223  , x =  0.0009765625 0.0009765625
itern =  27  , diff =  4.043080758543611 4.043080758543611  , x =  0.0009765625 0.0009765625
itern =  28  , diff =  4.02690214831931 4.02690214831931  , x =  0.0009765625 0.0009765625
itern =  29  , diff =  4.002081586817295 4.002081586817295  , x =  0.0009765625 0.0009765625
itern =  30  , diff =  3.9708429323049734 3.9708429323049734  , x =  0.0009765625 0.0009765625
itern =  31  , diff =  3.935154514153049 3.935154514153049  , x =  0.0009765625 0.0009765625
itern =  32  , diff =  3.8966427688441088 3.8966427688441088  , x =  0.0009765625 0.0009765625
itern =  33  , diff =  3.856582541538452 3.856582541538452  , x =  0.0009765625 0.0009765625
itern =  34  , diff =  3.81593112934806 3.81593112934806  , x =  0.0009765625 0.0009765625
itern =  35  , diff =  3.7753807404198296 3.7753807404198296  , x =  0.0009765625 0.0009765625
itern =  36  , diff =  3.7354136268174107 3.7354136268174107  , x =  0.0009765625 0.0009765625
itern =  37  , diff =  3.696351864661789 3.696351864661789  , x =  0.0009765625 0.0009765625
itern =  38  , diff =  3.658398745449886 3.658398745449886  , x =  0.0009765625 0.0009765625
itern =  39  , diff =  3.6216714826661462 3.6216714826661462  , x =  0.0009765625 0.0009765625
itern =  40  , diff =  3.5862261953744152 3.5862261953744152  , x =  0.0009765625 0.0009765625
itern =  41  , diff =  3.552076544673989 3.552076544673989  , x =  0.0009765625 0.0009765625
itern =  42  , diff =  3.519207393456998 3.519207393456998  , x =  0.0009765625 0.0009765625
itern =  43  , diff =  3.4875846801185233 3.4875846801185233  , x =  0.0009765625 0.0009765625
itern =  44  , diff =  3.4571624699964607 3.4571624699964607  , x =  0.0009765625 0.0009765625
itern =  45  , diff =  3.427887932720668 3.427887932720668  , x =  0.0009765625 0.0009765625
itern =  46  , diff =  3.3997048111084913 3.3997048111084913  , x =  0.0009765625 0.0009765625
itern =  47  , diff =  3.372555801851063 3.372555801851063  , x =  0.0009765625 0.0009765625
itern =  48  , diff =  3.3463841565499557 3.3463841565499557  , x =  0.0009765625 0.0009765625
itern =  49  , diff =  3.321134727819054 3.321134727819054  , x =  0.0009765625 0.0009765625
itern =  50  , diff =  3.29675462314778 3.29675462314778  , x =  0.0009765625 0.0009765625
itern =  51  , diff =  3.2731935837975463 3.2731935837975463  , x =  0.0009765625 0.0009765625
itern =  52  , diff =  3.250404172951921 3.250404172951921  , x =  0.0009765625 0.0009765625
itern =  53  , diff =  3.2283418333935776 3.2283418333935776  , x =  0.0009765625 0.0009765625
itern =  54  , diff =  3.2069648576844627 3.2069648576844627  , x =  0.0009765625 0.0009765625
itern =  55  , diff =  3.186234301356543 3.186234301356543  , x =  0.0009765625 0.0009765625
itern =  56  , diff =  3.1661138606470542 3.1661138606470542  , x =  0.0009765625 0.0009765625
itern =  57  , diff =  3.1465697298641526 3.1465697298641526  , x =  0.0009765625 0.0009765625
itern =  58  , diff =  3.1275704488432154 3.1275704488432154  , x =  0.0009765625 0.0009765625
itern =  59  , diff =  3.1090867476431785 3.1090867476431785  , x =  0.0009765625 0.0009765625
itern =  60  , diff =  3.0910913932692887 3.0910913932692887  , x =  0.0009765625 0.0009765625
itern =  61  , diff =  3.073559041529039 3.073559041529039  , x =  0.0009765625 0.0009765625
itern =  62  , diff =  3.0564660959405607 3.0564660959405607  , x =  0.0009765625 0.0009765625
itern =  63  , diff =  3.03979057478099 3.03979057478099  , x =  0.0009765625 0.0009765625
itern =  64  , diff =  3.023511986783667 3.023511986783667  , x =  0.0009765625 0.0009765625
itern =  65  , diff =  3.007611215599513 3.007611215599513  , x =  0.0009765625 0.0009765625
itern =  66  , diff =  2.992070412873756 2.992070412873756  , x =  0.0009765625 0.0009765625
itern =  67  , diff =  2.9768728996189804 2.9768728996189804  , x =  0.0009765625 0.0009765625
itern =  68  , diff =  2.962003075461669 2.962003075461669  , x =  0.0009765625 0.0009765625
itern =  69  , diff =  2.9474463352809925 2.9474463352809925  , x =  0.0009765625 0.0009765625
itern =  70  , diff =  2.9331889927335713 2.9331889927335713  , x =  0.0009765625 0.0009765625
itern =  71  , diff =  2.9192182101538595 2.9192182101538595  , x =  0.0009765625 0.0009765625
itern =  72  , diff =  2.905521934331097 2.905521934331097  , x =  0.0009765625 0.0009765625
itern =  73  , diff =  2.8920888376837457 2.8920888376837457  , x =  0.0009765625 0.0009765625
itern =  74  , diff =  2.8789082643790262 2.8789082643790262  , x =  0.0009765625 0.0009765625
itern =  75  , diff =  2.8659701809732976 2.8659701809732976  , x =  0.0009765625 0.0009765625
itern =  76  , diff =  2.8532651311805157 2.8532651311805157  , x =  0.0009765625 0.0009765625
itern =  77  , diff =  2.840784194405436 2.840784194405436  , x =  0.0009765625 0.0009765625
itern =  78  , diff =  2.828518947708197 2.828518947708197  , x =  0.0009765625 0.0009765625
itern =  79  , diff =  2.816461430895329 2.816461430895329  , x =  0.0009765625 0.0009765625
itern =  80  , diff =  2.8046041144585163 2.8046041144585163  , x =  0.0009765625 0.0009765625
itern =  81  , diff =  2.7929398701073413 2.7929398701073413  , x =  0.0009765625 0.0009765625
itern =  82  , diff =  2.781461943665548 2.781461943665548  , x =  0.0009765625 0.0009765625
itern =  83  , diff =  2.7701639301210417 2.7701639301210417  , x =  0.0009765625 0.0009765625
itern =  84  , diff =  2.7590397506394275 2.7590397506394275  , x =  0.0009765625 0.0009765625
itern =  85  , diff =  2.748083631368657 2.748083631368657  , x =  0.0009765625 0.0009765625
itern =  86  , diff =  2.737290083878202 2.737290083878202  , x =  0.0009765625 0.0009765625
itern =  87  , diff =  2.7266538870908885 2.7266538870908885  , x =  0.0009765625 0.0009765625
itern =  88  , diff =  2.716170070578759 2.716170070578759  , x =  0.0009765625 0.0009765625
itern =  89  , diff =  2.7058338991063025 2.7058338991063025  , x =  0.0009765625 0.0009765625
itern =  90  , diff =  2.6956408583151177 2.6956408583151177  , x =  0.0009765625 0.0009765625
itern =  91  , diff =  2.6855866414540532 2.6855866414540532  , x =  0.0009765625 0.0009765625
itern =  92  , diff =  2.6756671370675433 2.6756671370675433  , x =  0.0009765625 0.0009765625
itern =  93  , diff =  2.665878417562891 2.665878417562891  , x =  0.0009765625 0.0009765625
itern =  94  , diff =  2.656216728584525 2.656216728584525  , x =  0.0009765625 0.0009765625
itern =  95  , diff =  2.646678479129854 2.646678479129854  , x =  0.0009765625 0.0009765625
itern =  96  , diff =  2.6372602323467356 2.6372602323467356  , x =  0.0009765625 0.0009765625
itern =  97  , diff =  2.6279586969588085 2.6279586969588085  , x =  0.0009765625 0.0009765625
itern =  98  , diff =  2.618770719268701 2.618770719268701  , x =  0.0009765625 0.0009765625
itern =  99  , diff =  2.6096932756943714 2.6096932756943714  , x =  0.0009765625 0.0009765625
itern =  100  , diff =  2.6007234657971683 2.6007234657971683  , x =  0.0009765625 0.0009765625
itern =  101  , diff =  2.591858505764115 2.591858505764115  , x =  0.0009765625 0.0009765625
itern =  102  , diff =  2.583095722309917 2.583095722309917  , x =  0.0009765625 0.0009765625
itern =  103  , diff =  2.574432546967354 2.574432546967354  , x =  0.0009765625 0.0009765625
itern =  104  , diff =  2.5658665107370657 2.5658665107370657  , x =  0.0009765625 0.0009765625
itern =  105  , diff =  2.5573952390705923 2.5573952390705923  , x =  0.0009765625 0.0009765625
itern =  106  , diff =  2.5490164471621544 2.5490164471621544  , x =  0.0009765625 0.0009765625
itern =  107  , diff =  2.5407279355271717 2.5407279355271717  , x =  0.0009765625 0.0009765625
itern =  108  , diff =  2.5325275858469944 2.5325275858469944  , x =  0.0009765625 0.0009765625
itern =  109  , diff =  2.524413357061139 2.524413357061139  , x =  0.0009765625 0.0009765625
itern =  110  , diff =  2.516383281689718 2.516383281689718  , x =  0.0009765625 0.0009765625
itern =  111  , diff =  2.5084354623701572 2.5084354623701572  , x =  0.0009765625 0.0009765625
itern =  112  , diff =  2.5005680685936387 2.5005680685936387  , x =  0.0009765625 0.0009765625
itern =  113  , diff =  2.4927793336275657 2.4927793336275657  , x =  0.0009765625 0.0009765625
itern =  114  , diff =  2.4850675516118836 2.4850675516118836  , x =  0.0009765625 0.0009765625
itern =  115  , diff =  2.4774310748173303 2.4774310748173303  , x =  0.0009765625 0.0009765625
itern =  116  , diff =  2.469868311055407 2.469868311055407  , x =  0.0009765625 0.0009765625
itern =  117  , diff =  2.46237772122985 2.46237772122985  , x =  0.0009765625 0.0009765625
itern =  118  , diff =  2.4549578170207536 2.4549578170207536  , x =  0.0009765625 0.0009765625
itern =  119  , diff =  2.4476071586926347 2.4476071586926347  , x =  0.0009765625 0.0009765625
itern =  120  , diff =  2.4403243530189584 2.4403243530189584  , x =  0.0009765625 0.0009765625
itern =  121  , diff =  2.4331080513154646 2.4331080513154646  , x =  0.0009765625 0.0009765625
itern =  122  , diff =  2.4259569475758616 2.4259569475758616  , x =  0.0009765625 0.0009765625
itern =  123  , diff =  2.418869776703443 2.418869776703443  , x =  0.0009765625 0.0009765625
itern =  124  , diff =  2.4118453128328343 2.4118453128328343  , x =  0.0009765625 0.0009765625
itern =  125  , diff =  2.4048823677365707 2.4048823677365707  , x =  0.0009765625 0.0009765625
itern =  126  , diff =  2.397979789311189 2.397979789311189  , x =  0.0009765625 0.0009765625

###########Data Writing############
Dictionary saved to ./Outputs/StephcSYK_WH_2335587.h5
*********Program exited successfully *********
[/bin/bash]#### SLURM script finished. 
