[/bin/bash] ## This is shankaras1 on #HOSTNAME and job ID 2335508
[/bin/bash] Current working directory: /home/shankaras1/data1/Maj_WH
[/bin/bash] Running Python script
/data1/shankaras1/Maj_WH/./Sources/SYK_fft.py:87: RuntimeWarning: overflow encountered in exp
  return (1.0/(1.0 + np.exp(arg)))
T =  524288 , dw =   0.000006 , dt =  0.031250 , omega_max =  100.531
dw/temp =  0.0300
flag fft_check =  True
grid_flag =  True
######## State Variables ################
J =  1.0
mu =  0.0
kappa =  0.05
beta =  5000.0
log_2 M =  24.0
eta =  1.258343617251967e-05
T =  524288
err =  0.01
######## End of State variables #########
itern =  1  , diff =  26551.9259795917 26551.9259795917  , x =  0.25 0.25
itern =  2  , diff =  6877.3402380239795 6877.3402380239795  , x =  0.25 0.25
itern =  3  , diff =  5156.4968102847015 5156.4968102847015  , x =  0.25 0.25
itern =  4  , diff =  3879.861901652336 3879.861901652336  , x =  0.25 0.25
itern =  5  , diff =  2925.46518927097 2925.46518927097  , x =  0.25 0.25
itern =  6  , diff =  2206.6860801958014 2206.6860801958014  , x =  0.25 0.25
itern =  7  , diff =  1664.2809993366345 1664.2809993366345  , x =  0.25 0.25
itern =  8  , diff =  1257.6650331779078 1257.6650331779078  , x =  0.25 0.25
itern =  9  , diff =  954.2819066872756 954.2819066872756  , x =  0.25 0.25
itern =  10  , diff =  734.7405060274343 734.7405060274343  , x =  0.25 0.25
itern =  11  , diff =  619.3735127286445 619.3735127286445  , x =  0.25 0.25
itern =  12  , diff =  503.0899891087988 503.0899891087988  , x =  0.25 0.25
itern =  13  , diff =  741.7842899384204 741.7842899384204  , x =  0.125 0.125
itern =  14  , diff =  174.30911047850253 174.30911047850253  , x =  0.125 0.125
itern =  15  , diff =  203.56934052394223 203.56934052394223  , x =  0.0625 0.0625
itern =  16  , diff =  246.86810866591918 246.86810866591918  , x =  0.03125 0.03125
itern =  17  , diff =  110.07193009310294 110.07193009310294  , x =  0.03125 0.03125
itern =  18  , diff =  94.15440596418617 94.15440596418617  , x =  0.03125 0.03125
itern =  19  , diff =  82.96492708622938 82.96492708622938  , x =  0.03125 0.03125
itern =  20  , diff =  206.59207862191562 206.59207862191562  , x =  0.015625 0.015625
itern =  21  , diff =  34.0389761415217 34.0389761415217  , x =  0.015625 0.015625
itern =  22  , diff =  40.0362481348711 40.0362481348711  , x =  0.0078125 0.0078125
itern =  23  , diff =  21.69677103423308 21.69677103423308  , x =  0.0078125 0.0078125
itern =  24  , diff =  21.012708535848724 21.012708535848724  , x =  0.0078125 0.0078125
itern =  25  , diff =  20.567154127657496 20.567154127657496  , x =  0.0078125 0.0078125
itern =  26  , diff =  20.218188316439267 20.218188316439267  , x =  0.0078125 0.0078125
itern =  27  , diff =  19.930670266143775 19.930670266143775  , x =  0.0078125 0.0078125
itern =  28  , diff =  19.689766528442732 19.689766528442732  , x =  0.0078125 0.0078125
itern =  29  , diff =  19.48644356710681 19.48644356710681  , x =  0.0078125 0.0078125
itern =  30  , diff =  19.314388492436002 19.314388492436002  , x =  0.0078125 0.0078125
itern =  31  , diff =  19.169070625938197 19.169070625938197  , x =  0.0078125 0.0078125
itern =  32  , diff =  19.04728532720107 19.04728532720107  , x =  0.0078125 0.0078125
itern =  33  , diff =  18.946860280442255 18.946860280442255  , x =  0.0078125 0.0078125
itern =  34  , diff =  18.86645316903833 18.86645316903833  , x =  0.0078125 0.0078125
itern =  35  , diff =  18.80541725060385 18.80541725060385  , x =  0.0078125 0.0078125
itern =  36  , diff =  18.76372238534079 18.76372238534079  , x =  0.0078125 0.0078125
itern =  37  , diff =  18.741924420863192 18.741924420863192  , x =  0.0078125 0.0078125
itern =  38  , diff =  18.741181112795367 18.741181112795367  , x =  0.0078125 0.0078125
itern =  39  , diff =  18.763319657937814 18.763319657937814  , x =  0.00390625 0.00390625
itern =  40  , diff =  9.405485788133756 9.405485788133756  , x =  0.00390625 0.00390625
itern =  41  , diff =  9.424088468695896 9.424088468695896  , x =  0.001953125 0.001953125
itern =  42  , diff =  4.7232282395195355 4.7232282395195355  , x =  0.001953125 0.001953125
itern =  43  , diff =  4.7297585931283965 4.7297585931283965  , x =  0.0009765625 0.0009765625
itern =  44  , diff =  2.3684137638427183 2.3684137638427183  , x =  0.0009765625 0.0009765625
itern =  45  , diff =  2.3703085262589836 2.3703085262589836  , x =  0.00048828125 0.00048828125
itern =  46  , diff =  1.1861379453281415 1.1861379453281415  , x =  0.00048828125 0.00048828125
itern =  47  , diff =  1.186646490314548 1.186646490314548  , x =  0.000244140625 0.000244140625
itern =  48  , diff =  0.5935822387193559 0.5935822387193559  , x =  0.000244140625 0.000244140625
itern =  49  , diff =  0.5937138753314706 0.5937138753314706  , x =  0.0001220703125 0.0001220703125
itern =  50  , diff =  0.2969233581995139 0.2969233581995139  , x =  0.0001220703125 0.0001220703125
itern =  51  , diff =  0.29695683932321154 0.29695683932321154  , x =  6.103515625e-05 6.103515625e-05
itern =  52  , diff =  0.14849523627842237 0.14849523627842237  , x =  6.103515625e-05 6.103515625e-05
itern =  53  , diff =  0.1485036786594851 0.1485036786594851  , x =  3.0517578125e-05 3.0517578125e-05
itern =  54  , diff =  0.0742560700763373 0.0742560700763373  , x =  3.0517578125e-05 3.0517578125e-05
itern =  55  , diff =  0.07425818972232767 0.07425818972232767  , x =  1.52587890625e-05 1.52587890625e-05
itern =  56  , diff =  0.0371301558817594 0.0371301558817594  , x =  1.52587890625e-05 1.52587890625e-05
itern =  57  , diff =  0.03713068692700536 0.03713068692700536  , x =  7.62939453125e-06 7.62939453125e-06
itern =  58  , diff =  0.018565609136017368 0.018565609136017368  , x =  7.62939453125e-06 7.62939453125e-06
itern =  59  , diff =  0.018565742039199848 0.018565742039199848  , x =  3.814697265625e-06 3.814697265625e-06
itern =  60  , diff =  0.009282937489934324 0.009282937489934324  , x =  3.814697265625e-06 3.814697265625e-06

###########Data Writing############
Dictionary saved to ./Outputs/StephcSYK_WH_2335508.h5
*********Program exited successfully *********
[/bin/bash]#### SLURM script finished. 
