[/bin/bash] ## This is shankaras1 on #HOSTNAME and job ID 2336401
[/bin/bash] Current working directory: /home/shankaras1/data1/Maj_WH
[/bin/bash] Running Python script
/data1/shankaras1/Maj_WH/./Sources/SYK_fft.py:87: RuntimeWarning: overflow encountered in exp
  return (1.0/(1.0 + np.exp(arg)))
/data1/shankaras1/Maj_WH/./Sources/testingscripts.py:39: UserWarning: converging too slowly in function RE_wormhole_cSYK_iterator
  warnings.warn('converging too slowly in function ' + inspect.stack()[1][3])
T =  524288 , dw =   0.000006 , dt =  0.031250 , omega_max =  100.531
dw/temp =  0.0300
flag fft_check =  True
grid_flag =  True
######## State Variables ################
J =  1.0
mu =  0.0
kappa =  0.0
beta =  5000.0
log_2 M =  24.0
eta =  1.258343617251967e-05
T =  524288
err =  0.01
######## End of State variables #########
itern =  1  , diff =  25555.672329341804 25555.672329341804  , x =  0.25 0.25
itern =  2  , diff =  6415.841697080369 6415.841697080369  , x =  0.25 0.25
itern =  3  , diff =  4813.972384438986 4813.972384438986  , x =  0.25 0.25
itern =  4  , diff =  3614.1517464366884 3614.1517464366884  , x =  0.25 0.25
itern =  5  , diff =  2714.9154393347994 2714.9154393347994  , x =  0.25 0.25
itern =  6  , diff =  2040.7244251289344 2040.7244251289344  , x =  0.25 0.25
itern =  7  , diff =  1534.8434059529834 1534.8434059529834  , x =  0.25 0.25
itern =  8  , diff =  1154.917284749695 1154.917284749695  , x =  0.25 0.25
itern =  9  , diff =  869.311156480028 869.311156480028  , x =  0.25 0.25
itern =  10  , diff =  654.286222271437 654.286222271437  , x =  0.25 0.25
itern =  11  , diff =  491.95010706833517 491.95010706833517  , x =  0.25 0.25
itern =  12  , diff =  368.65068591315486 368.65068591315486  , x =  0.25 0.25
itern =  13  , diff =  274.06259586969236 274.06259586969236  , x =  0.25 0.25
itern =  14  , diff =  201.0081069697883 201.0081069697883  , x =  0.25 0.25
itern =  15  , diff =  145.17128298270362 145.17128298270362  , x =  0.25 0.25
itern =  16  , diff =  104.36942943834985 104.36942943834985  , x =  0.25 0.25
itern =  17  , diff =  75.60401761784388 75.60401761784388  , x =  0.25 0.25
itern =  18  , diff =  55.339514105520955 55.339514105520955  , x =  0.25 0.25
itern =  19  , diff =  40.842221931446005 40.842221931446005  , x =  0.25 0.25
itern =  20  , diff =  30.30895660042611 30.30895660042611  , x =  0.25 0.25
itern =  21  , diff =  22.569958338386826 22.569958338386826  , x =  0.25 0.25
itern =  22  , diff =  16.842922615779933 16.842922615779933  , x =  0.25 0.25
itern =  23  , diff =  12.585836308817372 12.585836308817372  , x =  0.25 0.25
itern =  24  , diff =  9.412703124041112 9.412703124041112  , x =  0.25 0.25
itern =  25  , diff =  7.0434802260161335 7.0434802260161335  , x =  0.25 0.25
itern =  26  , diff =  5.272581383963013 5.272581383963013  , x =  0.25 0.25
itern =  27  , diff =  3.947971916184284 3.947971916184284  , x =  0.25 0.25
itern =  28  , diff =  2.9567107263086045 2.9567107263086045  , x =  0.25 0.25
itern =  29  , diff =  2.214662246926373 2.214662246926373  , x =  0.25 0.25
itern =  30  , diff =  1.6590384424034044 1.6590384424034044  , x =  0.25 0.25
itern =  31  , diff =  1.2429285999098756 1.2429285999098756  , x =  0.25 0.25
itern =  32  , diff =  0.9312576270028922 0.9312576270028922  , x =  0.25 0.25
itern =  33  , diff =  0.6977861150256558 0.6977861150256558  , x =  0.25 0.25
itern =  34  , diff =  0.5228771940297696 0.5228771940297696  , x =  0.25 0.25
itern =  35  , diff =  0.39183107866973776 0.39183107866973776  , x =  0.25 0.25
itern =  36  , diff =  0.2936414560308649 0.2936414560308649  , x =  0.25 0.25
itern =  37  , diff =  0.22006608470105818 0.22006608470105818  , x =  0.25 0.25
itern =  38  , diff =  0.1649318041779218 0.1649318041779218  , x =  0.25 0.25
itern =  39  , diff =  0.123614607850325 0.123614607850325  , x =  0.25 0.25
itern =  40  , diff =  0.09265055580277975 0.09265055580277975  , x =  0.25 0.25
itern =  41  , diff =  0.069444528265382 0.069444528265382  , x =  0.25 0.25
itern =  42  , diff =  0.052052172855443946 0.052052172855443946  , x =  0.25 0.25
itern =  43  , diff =  0.03901662451531939 0.03901662451531939  , x =  0.25 0.25
itern =  44  , diff =  0.029246223243836487 0.029246223243836487  , x =  0.25 0.25
itern =  45  , diff =  0.021922925075309387 0.021922925075309387  , x =  0.25 0.25
itern =  46  , diff =  0.016433695493757578 0.016433695493757578  , x =  0.25 0.25
itern =  47  , diff =  0.012319113946382491 0.012319113946382491  , x =  0.25 0.25
itern =  48  , diff =  0.009234868913147285 0.009234868913147285  , x =  0.25 0.25

###########Data Writing############
Dictionary saved to ./Outputs/StephcSYK_WH_2336401.h5
*********Program exited successfully *********
[/bin/bash]#### SLURM script finished. 
