[/bin/bash] ## This is shankaras1 on #HOSTNAME and job ID 2335833
[/bin/bash] Current working directory: /home/shankaras1/data1/Maj_WH
[/bin/bash] Running Python script
/data1/shankaras1/Maj_WH/./Sources/SYK_fft.py:87: RuntimeWarning: overflow encountered in exp
  return (1.0/(1.0 + np.exp(arg)))
T =  524288 , dw =   0.000006 , dt =  0.031250 , omega_max =  100.531
dw/temp =  0.0300
flag fft_check =  True
grid_flag =  True
######## State Variables ################
J =  1.0
mu =  0.0
kappa =  0.02
beta =  5000.0
log_2 M =  24.0
eta =  1.258343617251967e-05
T =  524288
err =  0.01
######## End of State variables #########
itern =  1  , diff =  26535.914714811395 26535.914714811395  , x =  0.25 0.25
itern =  2  , diff =  6868.469022820471 6868.469022820471  , x =  0.25 0.25
itern =  3  , diff =  5155.580027939113 5155.580027939113  , x =  0.25 0.25
itern =  4  , diff =  3884.5679710860377 3884.5679710860377  , x =  0.25 0.25
itern =  5  , diff =  2936.549972477645 2936.549972477645  , x =  0.25 0.25
itern =  6  , diff =  2222.792041386828 2222.792041386828  , x =  0.25 0.25
itern =  7  , diff =  1682.255615792629 1682.255615792629  , x =  0.25 0.25
itern =  8  , diff =  1271.714949925313 1271.714949925313  , x =  0.25 0.25
itern =  9  , diff =  960.2385035255151 960.2385035255151  , x =  0.25 0.25
itern =  10  , diff =  726.16970310753 726.16970310753  , x =  0.25 0.25
itern =  11  , diff =  552.0613224917572 552.0613224917572  , x =  0.25 0.25
itern =  12  , diff =  421.9276938570179 421.9276938570179  , x =  0.25 0.25
itern =  13  , diff =  326.18868194638776 326.18868194638776  , x =  0.25 0.25
itern =  14  , diff =  267.5466509951997 267.5466509951997  , x =  0.25 0.25
itern =  15  , diff =  390.7144174345275 390.7144174345275  , x =  0.125 0.125
itern =  16  , diff =  128.19666665635856 128.19666665635856  , x =  0.125 0.125
itern =  17  , diff =  156.55976065206926 156.55976065206926  , x =  0.0625 0.0625
itern =  18  , diff =  105.37348162262404 105.37348162262404  , x =  0.0625 0.0625
itern =  19  , diff =  99.17443108357348 99.17443108357348  , x =  0.0625 0.0625
itern =  20  , diff =  121.895778855293 121.895778855293  , x =  0.03125 0.03125
itern =  21  , diff =  48.95595843044915 48.95595843044915  , x =  0.03125 0.03125
itern =  22  , diff =  100.36587690332837 100.36587690332837  , x =  0.015625 0.015625
itern =  23  , diff =  30.588692569338853 30.588692569338853  , x =  0.015625 0.015625
itern =  24  , diff =  60.30475149096529 60.30475149096529  , x =  0.0078125 0.0078125
itern =  25  , diff =  17.959983261782142 17.959983261782142  , x =  0.0078125 0.0078125
itern =  26  , diff =  28.468815014222052 28.468815014222052  , x =  0.00390625 0.00390625
itern =  27  , diff =  20.482169799653594 20.482169799653594  , x =  0.00390625 0.00390625
itern =  28  , diff =  17.428331629644497 17.428331629644497  , x =  0.00390625 0.00390625
itern =  29  , diff =  25.41873481861056 25.41873481861056  , x =  0.001953125 0.001953125
itern =  30  , diff =  10.381702683419153 10.381702683419153  , x =  0.001953125 0.001953125
itern =  31  , diff =  9.662434777866515 9.662434777866515  , x =  0.001953125 0.001953125
itern =  32  , diff =  9.19510897043477 9.19510897043477  , x =  0.001953125 0.001953125
itern =  33  , diff =  8.86077383830531 8.86077383830531  , x =  0.001953125 0.001953125
itern =  34  , diff =  8.609641297264265 8.609641297264265  , x =  0.001953125 0.001953125
itern =  35  , diff =  8.416061554154016 8.416061554154016  , x =  0.001953125 0.001953125
itern =  36  , diff =  8.264962037775675 8.264962037775675  , x =  0.001953125 0.001953125
itern =  37  , diff =  8.146676940546147 8.146676940546147  , x =  0.001953125 0.001953125
itern =  38  , diff =  8.054621475322627 8.054621475322627  , x =  0.001953125 0.001953125
itern =  39  , diff =  7.984109249938172 7.984109249938172  , x =  0.001953125 0.001953125
itern =  40  , diff =  7.931692631425684 7.931692631425684  , x =  0.001953125 0.001953125
itern =  41  , diff =  7.894767947190939 7.894767947190939  , x =  0.001953125 0.001953125
itern =  42  , diff =  7.8713259482291145 7.8713259482291145  , x =  0.001953125 0.001953125
itern =  43  , diff =  7.8597871387993905 7.8597871387993905  , x =  0.001953125 0.001953125
itern =  44  , diff =  7.858889247900317 7.858889247900317  , x =  0.001953125 0.001953125
itern =  45  , diff =  7.867608072441474 7.867608072441474  , x =  0.0009765625 0.0009765625
itern =  46  , diff =  3.9425502089091182 3.9425502089091182  , x =  0.0009765625 0.0009765625
itern =  47  , diff =  3.9485193378018515 3.9485193378018515  , x =  0.00048828125 0.00048828125
itern =  48  , diff =  1.9777576698293595 1.9777576698293595  , x =  0.00048828125 0.00048828125
itern =  49  , diff =  1.9796983892964306 1.9796983892964306  , x =  0.000244140625 0.000244140625
itern =  50  , diff =  0.9908798202543229 0.9908798202543229  , x =  0.000244140625 0.000244140625
itern =  51  , diff =  0.9914182478421176 0.9914182478421176  , x =  0.0001220703125 0.0001220703125
itern =  52  , diff =  0.49598563212407754 0.49598563212407754  , x =  0.0001220703125 0.0001220703125
itern =  53  , diff =  0.496126720575503 0.496126720575503  , x =  6.103515625e-05 6.103515625e-05
itern =  54  , diff =  0.24813480173624264 0.24813480173624264  , x =  6.103515625e-05 6.103515625e-05
itern =  55  , diff =  0.24817087330956084 0.24817087330956084  , x =  3.0517578125e-05 3.0517578125e-05
itern =  56  , diff =  0.12410358369504514 0.12410358369504514  , x =  3.0517578125e-05 3.0517578125e-05
itern =  57  , diff =  0.12411270085629342 0.12411270085629342  , x =  1.52587890625e-05 1.52587890625e-05
itern =  58  , diff =  0.06206092285964769 0.06206092285964769  , x =  1.52587890625e-05 1.52587890625e-05
itern =  59  , diff =  0.06206321451711566 0.06206321451711566  , x =  7.62939453125e-06 7.62939453125e-06
itern =  60  , diff =  0.031032754815172738 0.031032754815172738  , x =  7.62939453125e-06 7.62939453125e-06
itern =  61  , diff =  0.031033329272859317 0.031033329272859317  , x =  3.814697265625e-06 3.814697265625e-06
itern =  62  , diff =  0.015516952081038623 0.015516952081038623  , x =  3.814697265625e-06 3.814697265625e-06
itern =  63  , diff =  0.015517095888213268 0.015517095888213268  , x =  1.9073486328125e-06 1.9073486328125e-06
itern =  64  , diff =  0.007758619874654771 0.007758619874654771  , x =  1.9073486328125e-06 1.9073486328125e-06

###########Data Writing############
Dictionary saved to ./Outputs/StephcSYK_WH_2335833.h5
*********Program exited successfully *********
[/bin/bash]#### SLURM script finished. 
