[/bin/bash] ## This is shankaras1 on #HOSTNAME and job ID 2335505
[/bin/bash] Current working directory: /home/shankaras1/data1/Maj_WH
[/bin/bash] Running Python script
/data1/shankaras1/Maj_WH/./Sources/SYK_fft.py:87: RuntimeWarning: overflow encountered in exp
  return (1.0/(1.0 + np.exp(arg)))
/data1/shankaras1/Maj_WH/./Sources/testingscripts.py:39: UserWarning: converging too slowly in function RE_wormhole_cSYK_iterator
  warnings.warn('converging too slowly in function ' + inspect.stack()[1][3])
T =  524288 , dw =   0.000006 , dt =  0.031250 , omega_max =  100.531
dw/temp =  0.0300
flag fft_check =  True
grid_flag =  True
######## State Variables ################
J =  1.0
mu =  0.0
kappa =  0.01
beta =  5000.0
log_2 M =  24.0
eta =  1.258343617251967e-05
T =  524288
err =  0.01
######## End of State variables #########
itern =  1  , diff =  26485.981314754994 26485.981314754994  , x =  0.25 0.25
itern =  2  , diff =  6841.8826199913065 6841.8826199913065  , x =  0.25 0.25
itern =  3  , diff =  5126.928810990899 5126.928810990899  , x =  0.25 0.25
itern =  4  , diff =  3862.281506883575 3862.281506883575  , x =  0.25 0.25
itern =  5  , diff =  2919.1806608634433 2919.1806608634433  , x =  0.25 0.25
itern =  6  , diff =  2210.3456789034058 2210.3456789034058  , x =  0.25 0.25
itern =  7  , diff =  1675.274545062512 1675.274545062512  , x =  0.25 0.25
itern =  8  , diff =  1270.0019074596669 1270.0019074596669  , x =  0.25 0.25
itern =  9  , diff =  962.0290182352571 962.0290182352571  , x =  0.25 0.25
itern =  10  , diff =  727.4640380000941 727.4640380000941  , x =  0.25 0.25
itern =  11  , diff =  549.5566684338818 549.5566684338818  , x =  0.25 0.25
itern =  12  , diff =  415.6147956344007 415.6147956344007  , x =  0.25 0.25
itern =  13  , diff =  314.83803245300453 314.83803245300453  , x =  0.25 0.25
itern =  14  , diff =  238.2224763179339 238.2224763179339  , x =  0.25 0.25
itern =  15  , diff =  181.31509246779345 181.31509246779345  , x =  0.25 0.25
itern =  16  , diff =  140.59655805143126 140.59655805143126  , x =  0.25 0.25
itern =  17  , diff =  111.07205549609091 111.07205549609091  , x =  0.25 0.25
itern =  18  , diff =  88.94565256275669 88.94565256275669  , x =  0.25 0.25
itern =  19  , diff =  71.8319026749694 71.8319026749694  , x =  0.25 0.25
itern =  20  , diff =  58.023819177528964 58.023819177528964  , x =  0.25 0.25
itern =  21  , diff =  46.37549440539465 46.37549440539465  , x =  0.25 0.25
itern =  22  , diff =  36.3426347533637 36.3426347533637  , x =  0.25 0.25
itern =  23  , diff =  27.816096773447544 27.816096773447544  , x =  0.25 0.25
itern =  24  , diff =  20.825277741127017 20.825277741127017  , x =  0.25 0.25
itern =  25  , diff =  15.33078443601007 15.33078443601007  , x =  0.25 0.25
itern =  26  , diff =  11.174704103165373 11.174704103165373  , x =  0.25 0.25
itern =  27  , diff =  8.124159065082232 8.124159065082232  , x =  0.25 0.25
itern =  28  , diff =  5.93054013285988 5.93054013285988  , x =  0.25 0.25
itern =  29  , diff =  4.370324699141006 4.370324699141006  , x =  0.25 0.25
itern =  30  , diff =  3.262674730298113 3.262674730298113  , x =  0.25 0.25
itern =  31  , diff =  2.4713836186136247 2.4713836186136247  , x =  0.25 0.25
itern =  32  , diff =  1.8987085147878886 1.8987085147878886  , x =  0.25 0.25
itern =  33  , diff =  1.476867731203715 1.476867731203715  , x =  0.25 0.25
itern =  34  , diff =  1.1599441722374957 1.1599441722374957  , x =  0.25 0.25
itern =  35  , diff =  0.9172778060817117 0.9172778060817117  , x =  0.25 0.25
itern =  36  , diff =  0.7284594416803932 0.7284594416803932  , x =  0.25 0.25
itern =  37  , diff =  0.5797494184198821 0.5797494184198821  , x =  0.25 0.25
itern =  38  , diff =  0.46167898548903363 0.46167898548903363  , x =  0.25 0.25
itern =  39  , diff =  0.36749602387445846 0.36749602387445846  , x =  0.25 0.25
itern =  40  , diff =  0.29221649670039673 0.29221649670039673  , x =  0.25 0.25
itern =  41  , diff =  0.23203295121083026 0.23203295121083026  , x =  0.25 0.25
itern =  42  , diff =  0.18396606310643435 0.18396606310643435  , x =  0.25 0.25
itern =  43  , diff =  0.14563781466110717 0.14563781466110717  , x =  0.25 0.25
itern =  44  , diff =  0.11513432472590113 0.11513432472590113  , x =  0.25 0.25
itern =  45  , diff =  0.09090463166517371 0.09090463166517371  , x =  0.25 0.25
itern =  46  , diff =  0.07169405444579938 0.07169405444579938  , x =  0.25 0.25
itern =  47  , diff =  0.056487140284113585 0.056487140284113585  , x =  0.25 0.25
itern =  48  , diff =  0.044466736243972835 0.044466736243972835  , x =  0.25 0.25
itern =  49  , diff =  0.03497605990305375 0.03497605990305375  , x =  0.25 0.25
itern =  50  , diff =  0.027490529578648074 0.027490529578648074  , x =  0.25 0.25
itern =  51  , diff =  0.02159139297585376 0.02159139297585376  , x =  0.25 0.25
itern =  52  , diff =  0.01694622282372362 0.01694622282372362  , x =  0.25 0.25
itern =  53  , diff =  0.013290926079863628 0.013290926079863628  , x =  0.25 0.25

###########Data Writing############
Dictionary saved to ./Outputs/StephcSYK_WH_2335505.h5
*********Program exited successfully *********
[/bin/bash]#### SLURM script finished. 
