[/bin/bash] ## This is shankaras1 on #HOSTNAME and job ID 2335479
[/bin/bash] Current working directory: /home/shankaras1/data1/Maj_WH
[/bin/bash] Running Python script
/data1/shankaras1/Maj_WH/./Sources/SYK_fft.py:87: RuntimeWarning: overflow encountered in exp
  return (1.0/(1.0 + np.exp(arg)))
/data1/shankaras1/Maj_WH/./Sources/testingscripts.py:39: UserWarning: converging too slowly in function RE_wormhole_cSYK_iterator
  warnings.warn('converging too slowly in function ' + inspect.stack()[1][3])
T =  524288 , dw =   0.000006 , dt =  0.031250 , omega_max =  100.531
dw/temp =  0.0300
flag fft_check =  True
grid_flag =  True
######## State Variables ################
J =  1.0
mu =  0.0
kappa =  0.03
beta =  5000.0
log_2 M =  24.0
eta =  1.258343617251967e-05
T =  524288
err =  0.01
######## End of State variables #########
itern =  1  , diff =  26546.193114975722 26546.193114975722  , x =  0.25 0.25
itern =  2  , diff =  6874.775143681481 6874.775143681481  , x =  0.25 0.25
itern =  3  , diff =  5160.434440748791 5160.434440748791  , x =  0.25 0.25
itern =  4  , diff =  3886.939736373011 3886.939736373011  , x =  0.25 0.25
itern =  5  , diff =  2936.06924662759 2936.06924662759  , x =  0.25 0.25
itern =  6  , diff =  2218.9531763844598 2218.9531763844598  , x =  0.25 0.25
itern =  7  , diff =  1675.9800514695175 1675.9800514695175  , x =  0.25 0.25
itern =  8  , diff =  1264.9896676978424 1264.9896676978424  , x =  0.25 0.25
itern =  9  , diff =  955.6439014007635 955.6439014007635  , x =  0.25 0.25
itern =  10  , diff =  725.1197029881799 725.1197029881799  , x =  0.25 0.25
itern =  11  , diff =  553.1284899243041 553.1284899243041  , x =  0.25 0.25
itern =  12  , diff =  429.63973016046845 429.63973016046845  , x =  0.25 0.25
itern =  13  , diff =  392.95656403107733 392.95656403107733  , x =  0.25 0.25
itern =  14  , diff =  327.94989440127165 327.94989440127165  , x =  0.25 0.25
itern =  15  , diff =  397.9356580737888 397.9356580737888  , x =  0.125 0.125
itern =  16  , diff =  121.52967130024908 121.52967130024908  , x =  0.125 0.125
itern =  17  , diff =  166.05127505335608 166.05127505335608  , x =  0.0625 0.0625
itern =  18  , diff =  103.98634712187723 103.98634712187723  , x =  0.0625 0.0625
itern =  19  , diff =  301.886447196356 301.886447196356  , x =  0.03125 0.03125
itern =  20  , diff =  43.70319582172529 43.70319582172529  , x =  0.03125 0.03125
itern =  21  , diff =  68.17479304204312 68.17479304204312  , x =  0.015625 0.015625
itern =  22  , diff =  41.756374808796096 41.756374808796096  , x =  0.015625 0.015625
itern =  23  , diff =  509.06875294443455 509.06875294443455  , x =  0.0078125 0.0078125
itern =  24  , diff =  36.40550728805273 36.40550728805273  , x =  0.0078125 0.0078125
itern =  25  , diff =  21.150970704675643 21.150970704675643  , x =  0.0078125 0.0078125
itern =  26  , diff =  28.594610030261947 28.594610030261947  , x =  0.00390625 0.00390625
itern =  27  , diff =  12.323610147921734 12.323610147921734  , x =  0.00390625 0.00390625
itern =  28  , diff =  12.72902461357723 12.72902461357723  , x =  0.001953125 0.001953125
itern =  29  , diff =  6.3557622071780315 6.3557622071780315  , x =  0.001953125 0.001953125
itern =  30  , diff =  6.3268325570966315 6.3268325570966315  , x =  0.001953125 0.001953125
itern =  31  , diff =  6.296731358005479 6.296731358005479  , x =  0.001953125 0.001953125
itern =  32  , diff =  6.266437990964718 6.266437990964718  , x =  0.001953125 0.001953125
itern =  33  , diff =  6.23649961995897 6.23649961995897  , x =  0.001953125 0.001953125
itern =  34  , diff =  6.207216584341354 6.207216584341354  , x =  0.001953125 0.001953125
itern =  35  , diff =  6.178748794379398 6.178748794379398  , x =  0.001953125 0.001953125
itern =  36  , diff =  6.151176496547624 6.151176496547624  , x =  0.001953125 0.001953125
itern =  37  , diff =  6.124534966349653 6.124534966349653  , x =  0.001953125 0.001953125
itern =  38  , diff =  6.098834350974604 6.098834350974604  , x =  0.001953125 0.001953125
itern =  39  , diff =  6.074071046168285 6.074071046168285  , x =  0.001953125 0.001953125
itern =  40  , diff =  6.050234232501788 6.050234232501788  , x =  0.001953125 0.001953125
itern =  41  , diff =  6.027309632987382 6.027309632987382  , x =  0.001953125 0.001953125
itern =  42  , diff =  6.005281669099889 6.005281669099889  , x =  0.001953125 0.001953125
itern =  43  , diff =  5.984134690221598 5.984134690221598  , x =  0.001953125 0.001953125
itern =  44  , diff =  5.963853665550384 5.963853665550384  , x =  0.001953125 0.001953125
itern =  45  , diff =  5.944424563827676 5.944424563827676  , x =  0.001953125 0.001953125
itern =  46  , diff =  5.92583455204821 5.92583455204821  , x =  0.001953125 0.001953125
itern =  47  , diff =  5.908072089821205 5.908072089821205  , x =  0.001953125 0.001953125
itern =  48  , diff =  5.8911269643614865 5.8911269643614865  , x =  0.001953125 0.001953125
itern =  49  , diff =  5.874990292555499 5.874990292555499  , x =  0.001953125 0.001953125
itern =  50  , diff =  5.859654505670497 5.859654505670497  , x =  0.001953125 0.001953125
itern =  51  , diff =  5.845113325850056 5.845113325850056  , x =  0.001953125 0.001953125
itern =  52  , diff =  5.831361739742862 5.831361739742862  , x =  0.001953125 0.001953125
itern =  53  , diff =  5.818395972353309 5.818395972353309  , x =  0.001953125 0.001953125
itern =  54  , diff =  5.8062134628604545 5.8062134628604545  , x =  0.001953125 0.001953125
itern =  55  , diff =  5.794812843356694 5.794812843356694  , x =  0.001953125 0.001953125
itern =  56  , diff =  5.784193920979341 5.784193920979341  , x =  0.001953125 0.001953125
itern =  57  , diff =  5.774357663629485 5.774357663629485  , x =  0.001953125 0.001953125
itern =  58  , diff =  5.76530618930517 5.76530618930517  , x =  0.001953125 0.001953125
itern =  59  , diff =  5.757042758976005 5.757042758976005  , x =  0.001953125 0.001953125
itern =  60  , diff =  5.749571772867595 5.749571772867595  , x =  0.001953125 0.001953125
itern =  61  , diff =  5.742898769984576 5.742898769984576  , x =  0.001953125 0.001953125
itern =  62  , diff =  5.737030430674126 5.737030430674126  , x =  0.001953125 0.001953125
itern =  63  , diff =  5.731974582006458 5.731974582006458  , x =  0.001953125 0.001953125
itern =  64  , diff =  5.7277402057248405 5.7277402057248405  , x =  0.001953125 0.001953125

###########Data Writing############
Dictionary saved to ./Outputs/StephcSYK_WH_2335479.h5
*********Program exited successfully *********
[/bin/bash]#### SLURM script finished. 
