[/bin/bash] ## This is shankaras1 on #HOSTNAME and job ID 2335473
[/bin/bash] Current working directory: /home/shankaras1/data1/Maj_WH
[/bin/bash] Running Python script
/data1/shankaras1/Maj_WH/./Sources/SYK_fft.py:87: RuntimeWarning: overflow encountered in exp
  return (1.0/(1.0 + np.exp(arg)))
/data1/shankaras1/Maj_WH/./Sources/testingscripts.py:39: UserWarning: converging too slowly in function RE_wormhole_cSYK_iterator
  warnings.warn('converging too slowly in function ' + inspect.stack()[1][3])
T =  16384 , dw =   0.000192 , dt =  0.062500 , omega_max =  50.265
dw/temp =  0.9587
flag fft_check =  True
grid_flag =  True
######## State Variables ################
J =  1.0
mu =  0.0
kappa =  0.01
beta =  5000.0
log_2 M =  18.0
eta =  0.0004026699568193237
T =  16384
err =  0.01
######## End of State variables #########
itern =  1  , diff =  898.4015115193502 898.4015115193502  , x =  0.25 0.25
itern =  2  , diff =  248.07917715807883 248.07917715807883  , x =  0.25 0.25
itern =  3  , diff =  182.12367198875896 182.12367198875896  , x =  0.25 0.25
itern =  4  , diff =  136.35073518946137 136.35073518946137  , x =  0.25 0.25
itern =  5  , diff =  102.46497906035886 102.46497906035886  , x =  0.25 0.25
itern =  6  , diff =  76.84630422666122 76.84630422666122  , x =  0.25 0.25
itern =  7  , diff =  57.003069448956275 57.003069448956275  , x =  0.25 0.25
itern =  8  , diff =  41.27121970914913 41.27121970914913  , x =  0.25 0.25
itern =  9  , diff =  28.793245796337835 28.793245796337835  , x =  0.25 0.25
itern =  10  , diff =  19.932435523089048 19.932435523089048  , x =  0.25 0.25
itern =  11  , diff =  14.58413609685958 14.58413609685958  , x =  0.25 0.25
itern =  12  , diff =  11.275862442402342 11.275862442402342  , x =  0.25 0.25
itern =  13  , diff =  8.934081232114144 8.934081232114144  , x =  0.25 0.25
itern =  14  , diff =  7.143500982418113 7.143500982418113  , x =  0.25 0.25
itern =  15  , diff =  5.753532730520636 5.753532730520636  , x =  0.25 0.25
itern =  16  , diff =  4.684667943188374 4.684667943188374  , x =  0.25 0.25
itern =  17  , diff =  3.8675574895158933 3.8675574895158933  , x =  0.25 0.25
itern =  18  , diff =  3.233526572493589 3.233526572493589  , x =  0.25 0.25
itern =  19  , diff =  2.7224426252333753 2.7224426252333753  , x =  0.25 0.25
itern =  20  , diff =  2.291083954050244 2.291083954050244  , x =  0.25 0.25
itern =  21  , diff =  1.914568663915237 1.914568663915237  , x =  0.25 0.25
itern =  22  , diff =  1.5818116403033495 1.5818116403033495  , x =  0.25 0.25
itern =  23  , diff =  1.2892787807355435 1.2892787807355435  , x =  0.25 0.25
itern =  24  , diff =  1.03609470981486 1.03609470981486  , x =  0.25 0.25
itern =  25  , diff =  0.8212795330723264 0.8212795330723264  , x =  0.25 0.25
itern =  26  , diff =  0.6427235312293768 0.6427235312293768  , x =  0.25 0.25
itern =  27  , diff =  0.4971576329005452 0.4971576329005452  , x =  0.25 0.25
itern =  28  , diff =  0.3805545669086788 0.3805545669086788  , x =  0.25 0.25
itern =  29  , diff =  0.28859801956799913 0.28859801956799913  , x =  0.25 0.25
itern =  30  , diff =  0.21706955691889904 0.21706955691889904  , x =  0.25 0.25
itern =  31  , diff =  0.16210097279880725 0.16210097279880725  , x =  0.25 0.25
itern =  32  , diff =  0.12030814666925563 0.12030814666925563  , x =  0.25 0.25
itern =  33  , diff =  0.08883299332521721 0.08883299332521721  , x =  0.25 0.25
itern =  34  , diff =  0.06532783524630362 0.06532783524630362  , x =  0.25 0.25
itern =  35  , diff =  0.04790602663145852 0.04790602663145852  , x =  0.25 0.25
itern =  36  , diff =  0.03507846673588899 0.03507846673588899  , x =  0.25 0.25
itern =  37  , diff =  0.025686881489333603 0.025686881489333603  , x =  0.25 0.25
itern =  38  , diff =  0.01884145931524064 0.01884145931524064  , x =  0.25 0.25
itern =  39  , diff =  0.013866024996517068 0.013866024996517068  , x =  0.25 0.25
itern =  40  , diff =  0.010252399988472806 0.010252399988472806  , x =  0.25 0.25
itern =  41  , diff =  0.007623394263208297 0.007623394263208297  , x =  0.25 0.25

###########Data Writing############
Dictionary saved to ./Outputs/StephcSYK_WH_2335473.h5
*********Program exited successfully *********
[/bin/bash]#### SLURM script finished. 
