[/bin/bash] ## This is shankaras1 on #HOSTNAME and job ID 2335468
[/bin/bash] Current working directory: /home/shankaras1/data1/Maj_WH
[/bin/bash] Running Python script
/data1/shankaras1/Maj_WH/./Sources/SYK_fft.py:87: RuntimeWarning: overflow encountered in exp
  return (1.0/(1.0 + np.exp(arg)))
T =  16384 , dw =   0.000192 , dt =  0.062500 , omega_max =  50.265
dw/temp =  0.9587
flag fft_check =  True
grid_flag =  True
######## State Variables ################
J =  1.0
mu =  0.0
kappa =  0.05
beta =  5000.0
log_2 M =  18.0
eta =  0.0004026699568193237
T =  16384
err =  0.01
######## End of State variables #########
itern =  1  , diff =  923.652132899876 923.652132899876  , x =  0.25 0.25
itern =  2  , diff =  259.58785671744124 259.58785671744124  , x =  0.25 0.25
itern =  3  , diff =  191.48260143885287 191.48260143885287  , x =  0.25 0.25
itern =  4  , diff =  143.08937998647087 143.08937998647087  , x =  0.25 0.25
itern =  5  , diff =  107.31079694225258 107.31079694225258  , x =  0.25 0.25
itern =  6  , diff =  80.41383030455825 80.41383030455825  , x =  0.25 0.25
itern =  7  , diff =  60.34010532580568 60.34010532580568  , x =  0.25 0.25
itern =  8  , diff =  45.7542614246688 45.7542614246688  , x =  0.25 0.25
itern =  9  , diff =  36.25538834752907 36.25538834752907  , x =  0.25 0.25
itern =  10  , diff =  31.044978809605805 31.044978809605805  , x =  0.25 0.25
itern =  11  , diff =  33.64530038727823 33.64530038727823  , x =  0.125 0.125
itern =  12  , diff =  24.854231149322253 24.854231149322253  , x =  0.125 0.125
itern =  13  , diff =  34.552534984194054 34.552534984194054  , x =  0.0625 0.0625
itern =  14  , diff =  11.374786297351285 11.374786297351285  , x =  0.0625 0.0625
itern =  15  , diff =  25.47561639962243 25.47561639962243  , x =  0.03125 0.03125
itern =  16  , diff =  8.729467085537836 8.729467085537836  , x =  0.03125 0.03125
itern =  17  , diff =  20.364630601053893 20.364630601053893  , x =  0.015625 0.015625
itern =  18  , diff =  5.027533782415273 5.027533782415273  , x =  0.015625 0.015625
itern =  19  , diff =  6.71681252403365 6.71681252403365  , x =  0.0078125 0.0078125
itern =  20  , diff =  8.851232530244861 8.851232530244861  , x =  0.00390625 0.00390625
itern =  21  , diff =  4.306892212985606 4.306892212985606  , x =  0.00390625 0.00390625
itern =  22  , diff =  4.678119090654958 4.678119090654958  , x =  0.001953125 0.001953125
itern =  23  , diff =  1.719121082965731 1.719121082965731  , x =  0.001953125 0.001953125
itern =  24  , diff =  2.949566884710788 2.949566884710788  , x =  0.0009765625 0.0009765625
itern =  25  , diff =  1.4598600294001605 1.4598600294001605  , x =  0.0009765625 0.0009765625
itern =  26  , diff =  1.0969213868031926 1.0969213868031926  , x =  0.0009765625 0.0009765625
itern =  27  , diff =  1.0724157137972208 1.0724157137972208  , x =  0.0009765625 0.0009765625
itern =  28  , diff =  1.0700626030246603 1.0700626030246603  , x =  0.0009765625 0.0009765625
itern =  29  , diff =  1.0922771690764141 1.0922771690764141  , x =  0.00048828125 0.00048828125
itern =  30  , diff =  0.569689848798755 0.569689848798755  , x =  0.00048828125 0.00048828125
itern =  31  , diff =  0.5884715454337738 0.5884715454337738  , x =  0.000244140625 0.000244140625
itern =  32  , diff =  0.3066625027454113 0.3066625027454113  , x =  0.000244140625 0.000244140625
itern =  33  , diff =  0.31473337951573654 0.31473337951573654  , x =  0.0001220703125 0.0001220703125
itern =  34  , diff =  0.16212233338567172 0.16212233338567172  , x =  0.0001220703125 0.0001220703125
itern =  35  , diff =  0.1648953263501991 0.1648953263501991  , x =  6.103515625e-05 6.103515625e-05
itern =  36  , diff =  0.08397165903699652 0.08397165903699652  , x =  6.103515625e-05 6.103515625e-05
itern =  37  , diff =  0.08480222434916135 0.08480222434916135  , x =  3.0517578125e-05 3.0517578125e-05
itern =  38  , diff =  0.04283843090912334 0.04283843090912334  , x =  3.0517578125e-05 3.0517578125e-05
itern =  39  , diff =  0.04306740929048172 0.04306740929048172  , x =  1.52587890625e-05 1.52587890625e-05
itern =  40  , diff =  0.02165134948370693 0.02165134948370693  , x =  1.52587890625e-05 1.52587890625e-05
itern =  41  , diff =  0.02171159662572255 0.02171159662572255  , x =  7.62939453125e-06 7.62939453125e-06
itern =  42  , diff =  0.010886345512304241 0.010886345512304241  , x =  7.62939453125e-06 7.62939453125e-06
itern =  43  , diff =  0.010901806627414365 0.010901806627414365  , x =  3.814697265625e-06 3.814697265625e-06
itern =  44  , diff =  0.005458688798019422 0.005458688798019422  , x =  3.814697265625e-06 3.814697265625e-06

###########Data Writing############
Dictionary saved to ./Outputs/StephcSYK_WH_2335468.h5
*********Program exited successfully *********
[/bin/bash]#### SLURM script finished. 
