[/bin/bash] ## This is shankaras1 on #HOSTNAME and job ID 2153063
[/bin/bash] Current working directory: /home/shankaras1/data1/Maj_WH
[/bin/bash] Running Python script
/data1/shankaras1/Maj_WH/./Sources/SYK_fft.py:87: RuntimeWarning: overflow encountered in exp
  return (1.0/(1.0 + np.exp(arg)))
/data1/shankaras1/Maj_WH/./Sources/SYK_fft.py:102: RuntimeWarning: overflow encountered in exp
  return (1.0/(np.exp(arg)-1))
T =  524288 , dw =   0.000006 , dt =  0.031250 , omega_max =  100.531
dw/temp =  0.0300
flag fft_check =  True
grid_flag =  True
######## State Variables ################
g =  0.5
mu =  0.0
r =  1.0
lamb=  0.0003
J =  0
beta =  5000.0
log_2 M =  24.0
eta =  5.992112463104604e-05
T =  524288
err =  0.01
######## End of State variables #########
itern =  1  , diff =  26299.47368419874 26299.47368419874  , x =  0.25 0.25
itern =  2  , diff =  8659.980093075073 8659.980093075073  , x =  0.25 0.25
itern =  3  , diff =  6727.692904481657 6727.692904481657  , x =  0.25 0.25
itern =  4  , diff =  5156.149452167711 5156.149452167711  , x =  0.25 0.25
itern =  5  , diff =  4030.1055129909714 4030.1055129909714  , x =  0.25 0.25
itern =  6  , diff =  3190.5422156085556 3190.5422156085556  , x =  0.25 0.25
itern =  7  , diff =  2563.5954976129324 2563.5954976129324  , x =  0.25 0.25
itern =  8  , diff =  2093.965618080806 2093.965618080806  , x =  0.25 0.25
itern =  9  , diff =  1741.1079868366821 1741.1079868366821  , x =  0.25 0.25
itern =  10  , diff =  1491.5157623772998 1491.5157623772998  , x =  0.25 0.25
itern =  11  , diff =  1466.6086405983967 1466.6086405983967  , x =  0.25 0.25
itern =  12  , diff =  1639.2119192233488 1639.2119192233488  , x =  0.125 0.125
itern =  13  , diff =  749.9514827047074 749.9514827047074  , x =  0.125 0.125
itern =  14  , diff =  467.4570811081436 467.4570811081436  , x =  0.125 0.125
itern =  15  , diff =  447.2906377369733 447.2906377369733  , x =  0.125 0.125
itern =  16  , diff =  435.5469045415722 435.5469045415722  , x =  0.125 0.125
itern =  17  , diff =  449.793772445181 449.793772445181  , x =  0.0625 0.0625
itern =  18  , diff =  236.5079511015705 236.5079511015705  , x =  0.0625 0.0625
itern =  19  , diff =  174.96208174857085 174.96208174857085  , x =  0.0625 0.0625
itern =  20  , diff =  162.73171635534706 162.73171635534706  , x =  0.0625 0.0625
itern =  21  , diff =  154.78615655519715 154.78615655519715  , x =  0.0625 0.0625
itern =  22  , diff =  147.71722596082557 147.71722596082557  , x =  0.0625 0.0625
itern =  23  , diff =  141.1721926990239 141.1721926990239  , x =  0.0625 0.0625
itern =  24  , diff =  134.9524989652414 134.9524989652414  , x =  0.0625 0.0625
itern =  25  , diff =  129.0257821207198 129.0257821207198  , x =  0.0625 0.0625
itern =  26  , diff =  123.34110710393091 123.34110710393091  , x =  0.0625 0.0625
itern =  27  , diff =  117.87264421466983 117.87264421466983  , x =  0.0625 0.0625
itern =  28  , diff =  112.59551726952422 112.59551726952422  , x =  0.0625 0.0625
itern =  29  , diff =  107.49112560633954 107.49112560633954  , x =  0.0625 0.0625
itern =  30  , diff =  102.54322535198254 102.54322535198254  , x =  0.0625 0.0625
itern =  31  , diff =  97.738027346846 97.738027346846  , x =  0.0625 0.0625
itern =  32  , diff =  93.06337937610091 93.06337937610091  , x =  0.0625 0.0625
itern =  33  , diff =  88.50855303726068 88.50855303726068  , x =  0.0625 0.0625
itern =  34  , diff =  84.06402948346994 84.06402948346994  , x =  0.0625 0.0625
itern =  35  , diff =  79.72142233294444 79.72142233294444  , x =  0.0625 0.0625
itern =  36  , diff =  75.47345658808514 75.47345658808514  , x =  0.0625 0.0625
itern =  37  , diff =  71.31400589285025 71.31400589285025  , x =  0.0625 0.0625
itern =  38  , diff =  67.23817279250054 67.23817279250054  , x =  0.0625 0.0625
itern =  39  , diff =  63.24240803806498 63.24240803806498  , x =  0.0625 0.0625
itern =  40  , diff =  59.32466672739341 59.32466672739341  , x =  0.0625 0.0625
itern =  41  , diff =  55.48460424227263 55.48460424227263  , x =  0.0625 0.0625
itern =  42  , diff =  51.72382077092145 51.72382077092145  , x =  0.0625 0.0625
itern =  43  , diff =  48.04617187935646 48.04617187935646  , x =  0.0625 0.0625
itern =  44  , diff =  44.458175455901525 44.458175455901525  , x =  0.0625 0.0625
itern =  45  , diff =  40.96956498292066 40.96956498292066  , x =  0.0625 0.0625
itern =  46  , diff =  37.59406884351508 37.59406884351508  , x =  0.0625 0.0625
itern =  47  , diff =  34.350538329392506 34.350538329392506  , x =  0.0625 0.0625
itern =  48  , diff =  31.264600229593547 31.264600229593547  , x =  0.0625 0.0625
itern =  49  , diff =  28.371044103370362 28.371044103370362  , x =  0.0625 0.0625
itern =  50  , diff =  25.717052826985945 25.717052826985945  , x =  0.0625 0.0625
itern =  51  , diff =  23.36579417311285 23.36579417311285  , x =  0.0625 0.0625
itern =  52  , diff =  21.398019405734725 21.398019405734725  , x =  0.0625 0.0625
itern =  53  , diff =  19.90541887640919 19.90541887640919  , x =  0.0625 0.0625
itern =  54  , diff =  18.966543397246486 18.966543397246486  , x =  0.0625 0.0625
itern =  55  , diff =  18.60631845958281 18.60631845958281  , x =  0.0625 0.0625
itern =  56  , diff =  18.767945195738374 18.767945195738374  , x =  0.03125 0.03125
itern =  57  , diff =  9.664748955666221 9.664748955666221  , x =  0.03125 0.03125
itern =  58  , diff =  9.857653035728879 9.857653035728879  , x =  0.015625 0.015625
itern =  59  , diff =  5.037504893568177 5.037504893568177  , x =  0.015625 0.015625
itern =  60  , diff =  5.0952643216170665 5.0952643216170665  , x =  0.0078125 0.0078125
itern =  61  , diff =  2.57738099302203 2.57738099302203  , x =  0.0078125 0.0078125
itern =  62  , diff =  2.592523681091579 2.592523681091579  , x =  0.00390625 0.00390625
itern =  63  , diff =  1.3039072288451008 1.3039072288451008  , x =  0.00390625 0.00390625
itern =  64  , diff =  1.30775476872846 1.30775476872846  , x =  0.001953125 0.001953125
itern =  65  , diff =  0.6558084498326965 0.6558084498326965  , x =  0.001953125 0.001953125
itern =  66  , diff =  0.6567765834337546 0.6567765834337546  , x =  0.0009765625 0.0009765625
itern =  67  , diff =  0.3288731540574976 0.3288731540574976  , x =  0.0009765625 0.0009765625
itern =  68  , diff =  0.32911587994186986 0.32911587994186986  , x =  0.00048828125 0.00048828125
itern =  69  , diff =  0.16467939526704478 0.16467939526704478  , x =  0.00048828125 0.00048828125
itern =  70  , diff =  0.16474015789033003 0.16474015789033003  , x =  0.000244140625 0.000244140625
itern =  71  , diff =  0.08240047136376402 0.08240047136376402  , x =  0.000244140625 0.000244140625
itern =  72  , diff =  0.08241567182957582 0.08241567182957582  , x =  0.0001220703125 0.0001220703125
itern =  73  , diff =  0.04121543750891246 0.04121543750891246  , x =  0.0001220703125 0.0001220703125
itern =  74  , diff =  0.04121923883085417 0.04121923883085417  , x =  6.103515625e-05 6.103515625e-05
itern =  75  , diff =  0.020611520244861983 0.020611520244861983  , x =  6.103515625e-05 6.103515625e-05
itern =  76  , diff =  0.020612470724742083 0.020612470724742083  , x =  3.0517578125e-05 3.0517578125e-05
itern =  77  , diff =  0.010306710623262895 0.010306710623262895  , x =  3.0517578125e-05 3.0517578125e-05
itern =  78  , diff =  0.010306948261825436 0.010306948261825436  , x =  1.52587890625e-05 1.52587890625e-05
itern =  79  , diff =  0.005153592952808343 0.005153592952808343  , x =  1.52587890625e-05 1.52587890625e-05

###########Data Writing############
Dictionary saved to ./Outputs/Y_WH_2153063.h5
*********Program exited successfully *********
[/bin/bash]#### SLURM script finished. 
