[/bin/bash] ## This is shankaras1 on #HOSTNAME and job ID 2149835
[/bin/bash] Current working directory: /home/shankaras1/data1/Maj_WH
[/bin/bash] Running Python script
/data1/shankaras1/Maj_WH/./Sources/SYK_fft.py:87: RuntimeWarning: overflow encountered in exp
  return (1.0/(1.0 + np.exp(arg)))
/data1/shankaras1/Maj_WH/./Sources/SYK_fft.py:102: RuntimeWarning: overflow encountered in exp
  return (1.0/(np.exp(arg)-1))
T =  524288 , dw =   0.000006 , dt =  0.031250 , omega_max =  100.531
dw/temp =  0.0300
flag fft_check =  True
grid_flag =  True
######## State Variables ################
g =  0.5
mu =  0.0
r =  1.0
lamb=  0.002
J =  0.004
beta =  5000.0
log_2 M =  24.0
eta =  5.992112463104604e-05
T =  524288
err =  0.01
######## End of State variables #########
itern =  1  , diff =  37769.485541791975 37769.485541791975  , x =  0.25 0.25
itern =  2  , diff =  10394.685405774733 10394.685405774733  , x =  0.25 0.25
itern =  3  , diff =  8142.843945801676 8142.843945801676  , x =  0.25 0.25
itern =  4  , diff =  6274.3124664179795 6274.3124664179795  , x =  0.25 0.25
itern =  5  , diff =  4957.092897378943 4957.092897378943  , x =  0.25 0.25
itern =  6  , diff =  3976.1563269136814 3976.1563269136814  , x =  0.25 0.25
itern =  7  , diff =  3242.7190931651558 3242.7190931651558  , x =  0.25 0.25
itern =  8  , diff =  2690.84880999438 2690.84880999438  , x =  0.25 0.25
itern =  9  , diff =  2271.200814885895 2271.200814885895  , x =  0.25 0.25
itern =  10  , diff =  1947.1419575694895 1947.1419575694895  , x =  0.25 0.25
itern =  11  , diff =  1692.6289404475588 1692.6289404475588  , x =  0.25 0.25
itern =  12  , diff =  1499.0491660496223 1499.0491660496223  , x =  0.25 0.25
itern =  13  , diff =  1417.7583901289147 1417.7583901289147  , x =  0.25 0.25
itern =  14  , diff =  1619.1252920590964 1619.1252920590964  , x =  0.125 0.125
itern =  15  , diff =  869.8189443185265 869.8189443185265  , x =  0.125 0.125
itern =  16  , diff =  581.7444910787922 581.7444910787922  , x =  0.125 0.125
itern =  17  , diff =  620.9804450606539 620.9804450606539  , x =  0.0625 0.0625
itern =  18  , diff =  266.9965204208469 266.9965204208469  , x =  0.0625 0.0625
itern =  19  , diff =  217.53591802764055 217.53591802764055  , x =  0.0625 0.0625
itern =  20  , diff =  206.72084150756476 206.72084150756476  , x =  0.0625 0.0625
itern =  21  , diff =  196.6844265158055 196.6844265158055  , x =  0.0625 0.0625
itern =  22  , diff =  187.10721970100587 187.10721970100587  , x =  0.0625 0.0625
itern =  23  , diff =  177.96517474201264 177.96517474201264  , x =  0.0625 0.0625
itern =  24  , diff =  169.20742894773133 169.20742894773133  , x =  0.0625 0.0625
itern =  25  , diff =  160.78949495574582 160.78949495574582  , x =  0.0625 0.0625
itern =  26  , diff =  152.67390205158918 152.67390205158918  , x =  0.0625 0.0625
itern =  27  , diff =  144.82859331604087 144.82859331604087  , x =  0.0625 0.0625
itern =  28  , diff =  137.22582950140495 137.22582950140495  , x =  0.0625 0.0625
itern =  29  , diff =  129.8418476253523 129.8418476253523  , x =  0.0625 0.0625
itern =  30  , diff =  122.65662414058602 122.65662414058602  , x =  0.0625 0.0625
itern =  31  , diff =  115.65356653615036 115.65356653615036  , x =  0.0625 0.0625
itern =  32  , diff =  108.81924112361469 108.81924112361469  , x =  0.0625 0.0625
itern =  33  , diff =  102.14322494646783 102.14322494646783  , x =  0.0625 0.0625
itern =  34  , diff =  95.61810572064715 95.61810572064715  , x =  0.0625 0.0625
itern =  35  , diff =  89.23962840919725 89.23962840919725  , x =  0.0625 0.0625
itern =  36  , diff =  83.00698975151622 83.00698975151622  , x =  0.0625 0.0625
itern =  37  , diff =  76.92329773296746 76.92329773296746  , x =  0.0625 0.0625
itern =  38  , diff =  70.9962381397616 70.9962381397616  , x =  0.0625 0.0625
itern =  39  , diff =  65.23902993137915 65.23902993137915  , x =  0.0625 0.0625
itern =  40  , diff =  59.67181674617198 59.67181674617198  , x =  0.0625 0.0625
itern =  41  , diff =  54.323752666727906 54.323752666727906  , x =  0.0625 0.0625
itern =  42  , diff =  49.23622230925781 49.23622230925781  , x =  0.0625 0.0625
itern =  43  , diff =  44.46789694346998 44.46789694346998  , x =  0.0625 0.0625
itern =  44  , diff =  40.1025180226394 40.1025180226394  , x =  0.0625 0.0625
itern =  45  , diff =  36.259461311022235 36.259461311022235  , x =  0.0625 0.0625
itern =  46  , diff =  33.10144848376572 33.10144848376572  , x =  0.0625 0.0625
itern =  47  , diff =  30.815668881972513 30.815668881972513  , x =  0.0625 0.0625
itern =  48  , diff =  29.53051512123014 29.53051512123014  , x =  0.0625 0.0625
itern =  49  , diff =  29.20773409766163 29.20773409766163  , x =  0.0625 0.0625
itern =  50  , diff =  29.650288904185672 29.650288904185672  , x =  0.03125 0.03125
itern =  51  , diff =  15.306224463813322 15.306224463813322  , x =  0.03125 0.03125
itern =  52  , diff =  15.611207084423267 15.611207084423267  , x =  0.015625 0.015625
itern =  53  , diff =  7.971233709779527 7.971233709779527  , x =  0.015625 0.015625
itern =  54  , diff =  8.057697539392123 8.057697539392123  , x =  0.0078125 0.0078125
itern =  55  , diff =  4.072841842612845 4.072841842612845  , x =  0.0078125 0.0078125
itern =  56  , diff =  4.095082180822755 4.095082180822755  , x =  0.00390625 0.00390625
itern =  57  , diff =  2.0587110828289177 2.0587110828289177  , x =  0.00390625 0.00390625
itern =  58  , diff =  2.0643150793546914 2.0643150793546914  , x =  0.001953125 0.001953125
itern =  59  , diff =  1.0349632110365472 1.0349632110365472  , x =  0.001953125 0.001953125
itern =  60  , diff =  1.036367756664351 1.036367756664351  , x =  0.0009765625 0.0009765625
itern =  61  , diff =  0.5188864588207809 0.5188864588207809  , x =  0.0009765625 0.0009765625
itern =  62  , diff =  0.519237922803425 0.519237922803425  , x =  0.00048828125 0.00048828125
itern =  63  , diff =  0.25979472263525516 0.25979472263525516  , x =  0.00048828125 0.00048828125
itern =  64  , diff =  0.2598826225168177 0.2598826225168177  , x =  0.000244140625 0.000244140625
itern =  65  , diff =  0.1299852642860675 0.1299852642860675  , x =  0.000244140625 0.000244140625
itern =  66  , diff =  0.13000724305619998 0.13000724305619998  , x =  0.0001220703125 0.0001220703125
itern =  67  , diff =  0.06501461126374067 0.06501461126374067  , x =  0.0001220703125 0.0001220703125
itern =  68  , diff =  0.06502010640415008 0.06502010640415008  , x =  6.103515625e-05 6.103515625e-05
itern =  69  , diff =  0.032512800813908165 0.032512800813908165  , x =  6.103515625e-05 6.103515625e-05
itern =  70  , diff =  0.032514174653314125 0.032514174653314125  , x =  3.0517578125e-05 3.0517578125e-05
itern =  71  , diff =  0.01625777425142045 0.01625777425142045  , x =  3.0517578125e-05 3.0517578125e-05
itern =  72  , diff =  0.01625811771795211 0.01625811771795211  , x =  1.52587890625e-05 1.52587890625e-05
itern =  73  , diff =  0.00812923059286785 0.00812923059286785  , x =  1.52587890625e-05 1.52587890625e-05

###########Data Writing############
Dictionary saved to ./Outputs/Y_WH_2149835.h5
*********Program exited successfully *********
[/bin/bash]#### SLURM script finished. 
