[/bin/bash] ## This is shankaras1 on #HOSTNAME and job ID 2148976
[/bin/bash] Current working directory: /home/shankaras1/data1/Maj_WH/ClusterScript
[/bin/bash] Running Python script
/data1/shankaras1/Maj_WH/ClusterScript/./Sources/SYK_fft.py:87: RuntimeWarning: overflow encountered in exp
  return (1.0/(1.0 + np.exp(arg)))
/data1/shankaras1/Maj_WH/ClusterScript/./Sources/SYK_fft.py:102: RuntimeWarning: overflow encountered in exp
  return (1.0/(np.exp(arg)-1))
T =  262144 , dw =   0.000012 , dt =  0.031250 , omega_max =  100.531
dw/temp =  0.0599
flag fft_check =  True
grid_flag =  True
######## State Variables ################
g =  0.5
mu =  0.0
r =  1.0
lamb=  0.002
J =  0.002
beta =  5000.0
log_2 M =  23.0
eta =  0.00011984224897787499
T =  262144
err =  0.01
######## End of State variables #########
itern =  1  , diff =  19040.721839594913 19040.721839594913  , x =  0.25 0.25
itern =  2  , diff =  5456.017534505165 5456.017534505165  , x =  0.25 0.25
itern =  3  , diff =  4377.077719925439 4377.077719925439  , x =  0.25 0.25
itern =  4  , diff =  3430.8904913877846 3430.8904913877846  , x =  0.25 0.25
itern =  5  , diff =  2775.121428921201 2775.121428921201  , x =  0.25 0.25
itern =  6  , diff =  2284.547280445147 2284.547280445147  , x =  0.25 0.25
itern =  7  , diff =  1913.9645964183837 1913.9645964183837  , x =  0.25 0.25
itern =  8  , diff =  1630.4262751356991 1630.4262751356991  , x =  0.25 0.25
itern =  9  , diff =  1409.7594416961774 1409.7594416961774  , x =  0.25 0.25
itern =  10  , diff =  1234.3451324396679 1234.3451324396679  , x =  0.25 0.25
itern =  11  , diff =  1091.4514004839411 1091.4514004839411  , x =  0.25 0.25
itern =  12  , diff =  972.2953902875661 972.2953902875661  , x =  0.25 0.25
itern =  13  , diff =  875.1357737576811 875.1357737576811  , x =  0.25 0.25
itern =  14  , diff =  827.0932607497945 827.0932607497945  , x =  0.25 0.25
itern =  15  , diff =  921.3971945519692 921.3971945519692  , x =  0.125 0.125
itern =  16  , diff =  555.8219453442496 555.8219453442496  , x =  0.125 0.125
itern =  17  , diff =  429.82341684280806 429.82341684280806  , x =  0.125 0.125
itern =  18  , diff =  410.8214557824755 410.8214557824755  , x =  0.125 0.125
itern =  19  , diff =  357.24395407137587 357.24395407137587  , x =  0.125 0.125
itern =  20  , diff =  353.7994446221012 353.7994446221012  , x =  0.125 0.125
itern =  21  , diff =  312.97280911772407 312.97280911772407  , x =  0.125 0.125
itern =  22  , diff =  310.32369724681655 310.32369724681655  , x =  0.125 0.125
itern =  23  , diff =  276.76100381578726 276.76100381578726  , x =  0.125 0.125
itern =  24  , diff =  272.22052958718075 272.22052958718075  , x =  0.125 0.125
itern =  25  , diff =  243.45596729110906 243.45596729110906  , x =  0.125 0.125
itern =  26  , diff =  236.752101051001 236.752101051001  , x =  0.125 0.125
itern =  27  , diff =  211.60854608849527 211.60854608849527  , x =  0.125 0.125
itern =  28  , diff =  203.5711940738244 203.5711940738244  , x =  0.125 0.125
itern =  29  , diff =  182.2248366524585 182.2248366524585  , x =  0.125 0.125
itern =  30  , diff =  175.4729386427445 175.4729386427445  , x =  0.125 0.125
itern =  31  , diff =  161.96306629214743 161.96306629214743  , x =  0.125 0.125
itern =  32  , diff =  164.75475649540095 164.75475649540095  , x =  0.0625 0.0625
itern =  33  , diff =  82.25021394089886 82.25021394089886  , x =  0.0625 0.0625
itern =  34  , diff =  65.70649355039208 65.70649355039208  , x =  0.0625 0.0625
itern =  35  , diff =  63.75499437688157 63.75499437688157  , x =  0.0625 0.0625
itern =  36  , diff =  61.96262134857527 61.96262134857527  , x =  0.0625 0.0625
itern =  37  , diff =  60.29100714442349 60.29100714442349  , x =  0.0625 0.0625
itern =  38  , diff =  58.70473049626375 58.70473049626375  , x =  0.0625 0.0625
itern =  39  , diff =  57.17743786598599 57.17743786598599  , x =  0.0625 0.0625
itern =  40  , diff =  55.68953649088746 55.68953649088746  , x =  0.0625 0.0625
itern =  41  , diff =  54.22677768545606 54.22677768545606  , x =  0.0625 0.0625
itern =  42  , diff =  52.77922085069588 52.77922085069588  , x =  0.0625 0.0625
itern =  43  , diff =  51.34042294825139 51.34042294825139  , x =  0.0625 0.0625
itern =  44  , diff =  49.90676380671409 49.90676380671409  , x =  0.0625 0.0625
itern =  45  , diff =  48.476861829727305 48.476861829727305  , x =  0.0625 0.0625
itern =  46  , diff =  47.0510597968687 47.0510597968687  , x =  0.0625 0.0625
itern =  47  , diff =  45.63097345218002 45.63097345218002  , x =  0.0625 0.0625
itern =  48  , diff =  44.21910116360218 44.21910116360218  , x =  0.0625 0.0625
itern =  49  , diff =  42.81849425682233 42.81849425682233  , x =  0.0625 0.0625
itern =  50  , diff =  41.43248675435649 41.43248675435649  , x =  0.0625 0.0625
itern =  51  , diff =  40.06448151712479 40.06448151712479  , x =  0.0625 0.0625
itern =  52  , diff =  38.71778799866335 38.71778799866335  , x =  0.0625 0.0625
itern =  53  , diff =  37.39550542091381 37.39550542091381  , x =  0.0625 0.0625
itern =  54  , diff =  36.1004443551202 36.1004443551202  , x =  0.0625 0.0625
itern =  55  , diff =  34.83507947034141 34.83507947034141  , x =  0.0625 0.0625
itern =  56  , diff =  33.60152652524658 33.60152652524658  , x =  0.0625 0.0625
itern =  57  , diff =  32.40153739970162 32.40153739970162  , x =  0.0625 0.0625
itern =  58  , diff =  31.23650793823775 31.23650793823775  , x =  0.0625 0.0625
itern =  59  , diff =  30.107494452652517 30.107494452652517  , x =  0.0625 0.0625
itern =  60  , diff =  29.01523576886452 29.01523576886452  , x =  0.0625 0.0625
itern =  61  , diff =  27.960178601782083 27.960178601782083  , x =  0.0625 0.0625
itern =  62  , diff =  26.94250474385623 26.94250474385623  , x =  0.0625 0.0625
itern =  63  , diff =  25.962159045585114 25.962159045585114  , x =  0.0625 0.0625
itern =  64  , diff =  25.018877473883265 25.018877473883265  , x =  0.0625 0.0625
itern =  65  , diff =  24.11221470416558 24.11221470416558  , x =  0.0625 0.0625
itern =  66  , diff =  23.241570788779107 23.241570788779107  , x =  0.0625 0.0625
itern =  67  , diff =  22.406216496632567 22.406216496632567  , x =  0.0625 0.0625
itern =  68  , diff =  21.605316970690644 21.605316970690644  , x =  0.0625 0.0625
itern =  69  , diff =  20.83795341865675 20.83795341865675  , x =  0.0625 0.0625
itern =  70  , diff =  20.103142639919145 20.103142639919145  , x =  0.0625 0.0625
itern =  71  , diff =  19.399854291037567 19.399854291037567  , x =  0.0625 0.0625
itern =  72  , diff =  18.72702589076905 18.72702589076905  , x =  0.0625 0.0625
itern =  73  , diff =  18.083575652411174 18.083575652411174  , x =  0.0625 0.0625
itern =  74  , diff =  17.46841329813889 17.46841329813889  , x =  0.0625 0.0625
itern =  75  , diff =  16.88044905356182 16.88044905356182  , x =  0.0625 0.0625
itern =  76  , diff =  16.318601041649753 16.318601041649753  , x =  0.0625 0.0625
itern =  77  , diff =  15.781801297025044 15.781801297025044  , x =  0.0625 0.0625
itern =  78  , diff =  15.269000609440273 15.269000609440273  , x =  0.0625 0.0625
itern =  79  , diff =  14.779172384242758 14.779172384242758  , x =  0.0625 0.0625
itern =  80  , diff =  14.311315682349528 14.311315682349528  , x =  0.0625 0.0625
itern =  81  , diff =  13.864457576227178 13.864457576227178  , x =  0.0625 0.0625
itern =  82  , diff =  13.437654933959276 13.437654933959276  , x =  0.0625 0.0625
itern =  83  , diff =  13.029995722080336 13.029995722080336  , x =  0.0625 0.0625
itern =  84  , diff =  12.640599900059344 12.640599900059344  , x =  0.0625 0.0625
itern =  85  , diff =  12.268619965175931 12.268619965175931  , x =  0.0625 0.0625
itern =  86  , diff =  11.913241195779047 11.913241195779047  , x =  0.0625 0.0625
itern =  87  , diff =  11.573681633066824 11.573681633066824  , x =  0.0625 0.0625
itern =  88  , diff =  11.249191836014461 11.249191836014461  , x =  0.0625 0.0625
itern =  89  , diff =  10.93905444034625 10.93905444034625  , x =  0.0625 0.0625
itern =  90  , diff =  10.642583549956006 10.642583549956006  , x =  0.0625 0.0625
itern =  91  , diff =  10.35912398746736 10.35912398746736  , x =  0.0625 0.0625
itern =  92  , diff =  10.088050429315224 10.088050429315224  , x =  0.0625 0.0625
itern =  93  , diff =  9.828766449530733 9.828766449530733  , x =  0.0625 0.0625
itern =  94  , diff =  9.580703495132578 9.580703495132578  , x =  0.0625 0.0625
itern =  95  , diff =  9.343319814547499 9.343319814547499  , x =  0.0625 0.0625
itern =  96  , diff =  9.11609935875499 9.11609935875499  , x =  0.0625 0.0625
itern =  97  , diff =  8.898550672879649 8.898550672879649  , x =  0.0625 0.0625
itern =  98  , diff =  8.690205793772941 8.690205793772941  , x =  0.0625 0.0625
itern =  99  , diff =  8.49061916680082 8.49061916680082  , x =  0.0625 0.0625
itern =  100  , diff =  8.29936659264939 8.29936659264939  , x =  0.0625 0.0625
itern =  101  , diff =  8.116044212559832 8.116044212559832  , x =  0.0625 0.0625
itern =  102  , diff =  7.940267538064452 7.940267538064452  , x =  0.0625 0.0625
itern =  103  , diff =  7.771670529104833 7.771670529104833  , x =  0.0625 0.0625
itern =  104  , diff =  7.609904722403394 7.609904722403394  , x =  0.0625 0.0625
itern =  105  , diff =  7.454638410203028 7.454638410203028  , x =  0.0625 0.0625
itern =  106  , diff =  7.305555868010445 7.305555868010445  , x =  0.0625 0.0625
itern =  107  , diff =  7.162356628803155 7.162356628803155  , x =  0.0625 0.0625
itern =  108  , diff =  7.024754800306285 7.024754800306285  , x =  0.0625 0.0625
itern =  109  , diff =  6.892478421396457 6.892478421396457  , x =  0.0625 0.0625
itern =  110  , diff =  6.765268853441695 6.765268853441695  , x =  0.0625 0.0625
itern =  111  , diff =  6.642880202388222 6.642880202388222  , x =  0.0625 0.0625
itern =  112  , diff =  6.52507876763192 6.52507876763192  , x =  0.0625 0.0625
itern =  113  , diff =  6.411642514096781 6.411642514096781  , x =  0.0625 0.0625
itern =  114  , diff =  6.302360564439725 6.302360564439725  , x =  0.0625 0.0625
itern =  115  , diff =  6.197032708859894 6.197032708859894  , x =  0.0625 0.0625
itern =  116  , diff =  6.0954689305597825 6.0954689305597825  , x =  0.0625 0.0625
itern =  117  , diff =  5.997488945441188 5.997488945441188  , x =  0.0625 0.0625
itern =  118  , diff =  5.902921755111346 5.902921755111346  , x =  0.0625 0.0625
itern =  119  , diff =  5.811605212680849 5.811605212680849  , x =  0.0625 0.0625
itern =  120  , diff =  5.723385601157801 5.723385601157801  , x =  0.0625 0.0625
itern =  121  , diff =  5.638117224486424 5.638117224486424  , x =  0.0625 0.0625
itern =  122  , diff =  5.555662011431795 5.555662011431795  , x =  0.0625 0.0625
itern =  123  , diff =  5.475889132600173 5.475889132600173  , x =  0.0625 0.0625
itern =  124  , diff =  5.398674630912721 5.398674630912721  , x =  0.0625 0.0625
itern =  125  , diff =  5.323901065822845 5.323901065822845  , x =  0.0625 0.0625
itern =  126  , diff =  5.251457171522248 5.251457171522248  , x =  0.0625 0.0625
itern =  127  , diff =  5.181237529297606 5.181237529297606  , x =  0.0625 0.0625
itern =  128  , diff =  5.113142254108116 5.113142254108116  , x =  0.0625 0.0625
itern =  129  , diff =  5.0470766953691975 5.0470766953691975  , x =  0.0625 0.0625
itern =  130  , diff =  4.98295115182188 4.98295115182188  , x =  0.0625 0.0625
itern =  131  , diff =  4.920680600295863 4.920680600295863  , x =  0.0625 0.0625
itern =  132  , diff =  4.860184438082851 4.860184438082851  , x =  0.0625 0.0625
itern =  133  , diff =  4.8013862385816815 4.8013862385816815  , x =  0.0625 0.0625
itern =  134  , diff =  4.744213519813111 4.744213519813111  , x =  0.0625 0.0625
itern =  135  , diff =  4.688597525366099 4.688597525366099  , x =  0.0625 0.0625
itern =  136  , diff =  4.634473017299277 4.634473017299277  , x =  0.0625 0.0625
itern =  137  , diff =  4.581778080501151 4.581778080501151  , x =  0.0625 0.0625
itern =  138  , diff =  4.5304539379971045 4.5304539379971045  , x =  0.0625 0.0625
itern =  139  , diff =  4.480444776687999 4.480444776687999  , x =  0.0625 0.0625
itern =  140  , diff =  4.431697583003973 4.431697583003973  , x =  0.0625 0.0625
itern =  141  , diff =  4.3841619879596125 4.3841619879596125  , x =  0.0625 0.0625
itern =  142  , diff =  4.337790121114741 4.337790121114741  , x =  0.0625 0.0625
itern =  143  , diff =  4.292536472949959 4.292536472949959  , x =  0.0625 0.0625
itern =  144  , diff =  4.248357765189076 4.248357765189076  , x =  0.0625 0.0625
itern =  145  , diff =  4.2052128286135275 4.2052128286135275  , x =  0.0625 0.0625
itern =  146  , diff =  4.1630624879368066 4.1630624879368066  , x =  0.0625 0.0625
itern =  147  , diff =  4.1218694533268145 4.1218694533268145  , x =  0.0625 0.0625
itern =  148  , diff =  4.081598218180378 4.081598218180378  , x =  0.0625 0.0625
itern =  149  , diff =  4.042214962781448 4.042214962781448  , x =  0.0625 0.0625
itern =  150  , diff =  4.003687463488443 4.003687463488443  , x =  0.0625 0.0625

###########Data Writing############
Dictionary saved to ./Outputs/Y_WH_2148976.h5
*********Program exited successfully *********
[/bin/bash]#### SLURM script finished. 
