[/bin/bash] ## This is shankaras1 on #HOSTNAME and job ID 2148975
[/bin/bash] Current working directory: /home/shankaras1/data1/Maj_WH/ClusterScript
[/bin/bash] Running Python script
/data1/shankaras1/Maj_WH/ClusterScript/./Sources/SYK_fft.py:87: RuntimeWarning: overflow encountered in exp
  return (1.0/(1.0 + np.exp(arg)))
/data1/shankaras1/Maj_WH/ClusterScript/./Sources/SYK_fft.py:102: RuntimeWarning: overflow encountered in exp
  return (1.0/(np.exp(arg)-1))
T =  262144 , dw =   0.000012 , dt =  0.031250 , omega_max =  100.531
dw/temp =  0.0599
flag fft_check =  True
grid_flag =  True
######## State Variables ################
g =  0.5
mu =  0.0
r =  1.0
lamb=  0.002
J =  0.0
beta =  5000.0
log_2 M =  23.0
eta =  0.00011984224897787499
T =  262144
err =  0.01
######## End of State variables #########
itern =  1  , diff =  13863.246155154842 13863.246155154842  , x =  0.25 0.25
itern =  2  , diff =  4685.416651405995 4685.416651405995  , x =  0.25 0.25
itern =  3  , diff =  3758.022967052104 3758.022967052104  , x =  0.25 0.25
itern =  4  , diff =  2926.862189305526 2926.862189305526  , x =  0.25 0.25
itern =  5  , diff =  2340.850520433984 2340.850520433984  , x =  0.25 0.25
itern =  6  , diff =  1900.1407016088958 1900.1407016088958  , x =  0.25 0.25
itern =  7  , diff =  1567.6289377779287 1567.6289377779287  , x =  0.25 0.25
itern =  8  , diff =  1315.0011642800496 1315.0011642800496  , x =  0.25 0.25
itern =  9  , diff =  1120.7921587787368 1120.7921587787368  , x =  0.25 0.25
itern =  10  , diff =  968.9987304188365 968.9987304188365  , x =  0.25 0.25
itern =  11  , diff =  847.8477945380098 847.8477945380098  , x =  0.25 0.25
itern =  12  , diff =  748.9838075002167 748.9838075002167  , x =  0.25 0.25
itern =  13  , diff =  669.5388828607267 669.5388828607267  , x =  0.25 0.25
itern =  14  , diff =  629.7866968981589 629.7866968981589  , x =  0.25 0.25
itern =  15  , diff =  711.1872676364937 711.1872676364937  , x =  0.125 0.125
itern =  16  , diff =  468.01304416428377 468.01304416428377  , x =  0.125 0.125
itern =  17  , diff =  378.41327454834783 378.41327454834783  , x =  0.125 0.125
itern =  18  , diff =  353.1643401980358 353.1643401980358  , x =  0.125 0.125
itern =  19  , diff =  311.0070051912604 311.0070051912604  , x =  0.125 0.125
itern =  20  , diff =  303.5596413337582 303.5596413337582  , x =  0.125 0.125
itern =  21  , diff =  272.8240987555285 272.8240987555285  , x =  0.125 0.125
itern =  22  , diff =  268.45619284227297 268.45619284227297  , x =  0.125 0.125
itern =  23  , diff =  243.5377916342866 243.5377916342866  , x =  0.125 0.125
itern =  24  , diff =  238.8052110106806 238.8052110106806  , x =  0.125 0.125
itern =  25  , diff =  217.4899054100162 217.4899054100162  , x =  0.125 0.125
itern =  26  , diff =  211.64259672105973 211.64259672105973  , x =  0.125 0.125
itern =  27  , diff =  192.9444615185501 192.9444615185501  , x =  0.125 0.125
itern =  28  , diff =  186.31284898649568 186.31284898649568  , x =  0.125 0.125
itern =  29  , diff =  170.24197750650325 170.24197750650325  , x =  0.125 0.125
itern =  30  , diff =  164.3647072736651 164.3647072736651  , x =  0.125 0.125
itern =  31  , diff =  153.2436156262204 153.2436156262204  , x =  0.125 0.125
itern =  32  , diff =  153.5661742891311 153.5661742891311  , x =  0.0625 0.0625
itern =  33  , diff =  76.27577674366958 76.27577674366958  , x =  0.0625 0.0625
itern =  34  , diff =  58.16224469827765 58.16224469827765  , x =  0.0625 0.0625
itern =  35  , diff =  56.15568837036299 56.15568837036299  , x =  0.0625 0.0625
itern =  36  , diff =  54.33179096418864 54.33179096418864  , x =  0.0625 0.0625
itern =  37  , diff =  52.65346361067107 52.65346361067107  , x =  0.0625 0.0625
itern =  38  , diff =  51.087242043982286 51.087242043982286  , x =  0.0625 0.0625
itern =  39  , diff =  49.6077653430634 49.6077653430634  , x =  0.0625 0.0625
itern =  40  , diff =  48.19555759519565 48.19555759519565  , x =  0.0625 0.0625
itern =  41  , diff =  46.835668866527946 46.835668866527946  , x =  0.0625 0.0625
itern =  42  , diff =  45.51673995335245 45.51673995335245  , x =  0.0625 0.0625
itern =  43  , diff =  44.230316726976504 44.230316726976504  , x =  0.0625 0.0625
itern =  44  , diff =  42.9703133017252 42.9703133017252  , x =  0.0625 0.0625
itern =  45  , diff =  41.73256905346316 41.73256905346316  , x =  0.0625 0.0625
itern =  46  , diff =  40.51447075832345 40.51447075832345  , x =  0.0625 0.0625
itern =  47  , diff =  39.314625479516984 39.314625479516984  , x =  0.0625 0.0625
itern =  48  , diff =  38.13257717555812 38.13257717555812  , x =  0.0625 0.0625
itern =  49  , diff =  36.968563340938324 36.968563340938324  , x =  0.0625 0.0625
itern =  50  , diff =  35.82330915222287 35.82330915222287  , x =  0.0625 0.0625
itern =  51  , diff =  34.69785668111313 34.69785668111313  , x =  0.0625 0.0625
itern =  52  , diff =  33.59342639585078 33.59342639585078  , x =  0.0625 0.0625
itern =  53  , diff =  32.5113077600941 32.5113077600941  , x =  0.0625 0.0625
itern =  54  , diff =  31.452775431695283 31.452775431695283  , x =  0.0625 0.0625
itern =  55  , diff =  30.419027432186798 30.419027432186798  , x =  0.0625 0.0625
itern =  56  , diff =  29.411141708596908 29.411141708596908  , x =  0.0625 0.0625
itern =  57  , diff =  28.430047716552387 28.430047716552387  , x =  0.0625 0.0625
itern =  58  , diff =  27.476509976086238 27.476509976086238  , x =  0.0625 0.0625
itern =  59  , diff =  26.551120942863143 26.551120942863143  , x =  0.0625 0.0625
itern =  60  , diff =  25.654300953568793 25.654300953568793  , x =  0.0625 0.0625
itern =  61  , diff =  24.78630340761543 24.78630340761543  , x =  0.0625 0.0625
itern =  62  , diff =  23.947223710694765 23.947223710694765  , x =  0.0625 0.0625
itern =  63  , diff =  23.137010813341032 23.137010813341032  , x =  0.0625 0.0625
itern =  64  , diff =  22.355480424983227 22.355480424983227  , x =  0.0625 0.0625
itern =  65  , diff =  21.602329175881984 21.602329175881984  , x =  0.0625 0.0625
itern =  66  , diff =  20.877149146650876 20.877149146650876  , x =  0.0625 0.0625
itern =  67  , diff =  20.179442300741385 20.179442300741385  , x =  0.0625 0.0625
itern =  68  , diff =  19.508634451287254 19.508634451287254  , x =  0.0625 0.0625
itern =  69  , diff =  18.864088478637235 18.864088478637235  , x =  0.0625 0.0625
itern =  70  , diff =  18.245116593386385 18.245116593386385  , x =  0.0625 0.0625
itern =  71  , diff =  17.65099151270337 17.65099151270337  , x =  0.0625 0.0625
itern =  72  , diff =  17.080956483852248 17.080956483852248  , x =  0.0625 0.0625
itern =  73  , diff =  16.534234145664357 16.534234145664357  , x =  0.0625 0.0625
itern =  74  , diff =  16.010034264223435 16.010034264223435  , x =  0.0625 0.0625
itern =  75  , diff =  15.50756041210563 15.50756041210563  , x =  0.0625 0.0625
itern =  76  , diff =  15.02601568135277 15.02601568135277  , x =  0.0625 0.0625
itern =  77  , diff =  14.564607530291454 14.564607530291454  , x =  0.0625 0.0625
itern =  78  , diff =  14.122551865445576 14.122551865445576  , x =  0.0625 0.0625
itern =  79  , diff =  13.699076454568642 13.699076454568642  , x =  0.0625 0.0625
itern =  80  , diff =  13.293423757655793 13.293423757655793  , x =  0.0625 0.0625
itern =  81  , diff =  12.904853251771133 12.904853251771133  , x =  0.0625 0.0625
itern =  82  , diff =  12.532643314276406 12.532643314276406  , x =  0.0625 0.0625
itern =  83  , diff =  12.176092718703599 12.176092718703599  , x =  0.0625 0.0625
itern =  84  , diff =  11.834521788722611 11.834521788722611  , x =  0.0625 0.0625
itern =  85  , diff =  11.507273248702385 11.507273248702385  , x =  0.0625 0.0625
itern =  86  , diff =  11.193712804186571 11.193712804186571  , x =  0.0625 0.0625
itern =  87  , diff =  10.89322948200578 10.89322948200578  , x =  0.0625 0.0625
itern =  88  , diff =  10.605235757356834 10.605235757356834  , x =  0.0625 0.0625
itern =  89  , diff =  10.329167493641028 10.329167493641028  , x =  0.0625 0.0625
itern =  90  , diff =  10.064483719795733 10.064483719795733  , x =  0.0625 0.0625
itern =  91  , diff =  9.81066626898199 9.81066626898199  , x =  0.0625 0.0625
itern =  92  , diff =  9.567219301575253 9.567219301575253  , x =  0.0625 0.0625
itern =  93  , diff =  9.333668734302275 9.333668734302275  , x =  0.0625 0.0625
itern =  94  , diff =  9.109561596003967 9.109561596003967  , x =  0.0625 0.0625
itern =  95  , diff =  8.894465328874261 8.894465328874261  , x =  0.0625 0.0625
itern =  96  , diff =  8.687967052164147 8.687967052164147  , x =  0.0625 0.0625
itern =  97  , diff =  8.489672803322245 8.489672803322245  , x =  0.0625 0.0625
itern =  98  , diff =  8.299206769436688 8.299206769436688  , x =  0.0625 0.0625
itern =  99  , diff =  8.116210519745504 8.116210519745504  , x =  0.0625 0.0625
itern =  100  , diff =  7.940342247951774 7.940342247951774  , x =  0.0625 0.0625
itern =  101  , diff =  7.771276031188474 7.771276031188474  , x =  0.0625 0.0625
itern =  102  , diff =  7.60870111075905 7.60870111075905  , x =  0.0625 0.0625
itern =  103  , diff =  7.452321198274194 7.452321198274194  , x =  0.0625 0.0625
itern =  104  , diff =  7.301853809509916 7.301853809509916  , x =  0.0625 0.0625
itern =  105  , diff =  7.157029627241165 7.157029627241165  , x =  0.0625 0.0625
itern =  106  , diff =  7.017591893444783 7.017591893444783  , x =  0.0625 0.0625
itern =  107  , diff =  6.883295830591994 6.883295830591994  , x =  0.0625 0.0625
itern =  108  , diff =  6.753908091255242 6.753908091255242  , x =  0.0625 0.0625
itern =  109  , diff =  6.629206234906542 6.629206234906542  , x =  0.0625 0.0625
itern =  110  , diff =  6.508978230558684 6.508978230558684  , x =  0.0625 0.0625
itern =  111  , diff =  6.393021983780031 6.393021983780031  , x =  0.0625 0.0625
itern =  112  , diff =  6.281144886571667 6.281144886571667  , x =  0.0625 0.0625
itern =  113  , diff =  6.173163388613054 6.173163388613054  , x =  0.0625 0.0625
itern =  114  , diff =  6.06890258844633 6.06890258844633  , x =  0.0625 0.0625
itern =  115  , diff =  5.968195843258115 5.968195843258115  , x =  0.0625 0.0625
itern =  116  , diff =  5.8708843960286705 5.8708843960286705  , x =  0.0625 0.0625
itern =  117  , diff =  5.776817018929925 5.776817018929925  , x =  0.0625 0.0625
itern =  118  , diff =  5.685849671978297 5.685849671978297  , x =  0.0625 0.0625
itern =  119  , diff =  5.597845176051644 5.597845176051644  , x =  0.0625 0.0625
itern =  120  , diff =  5.512672899491157 5.512672899491157  , x =  0.0625 0.0625
itern =  121  , diff =  5.430208457601044 5.430208457601044  , x =  0.0625 0.0625
itern =  122  , diff =  5.350333424436996 5.350333424436996  , x =  0.0625 0.0625
itern =  123  , diff =  5.272935056355466 5.272935056355466  , x =  0.0625 0.0625
itern =  124  , diff =  5.197906026844671 5.197906026844671  , x =  0.0625 0.0625
itern =  125  , diff =  5.125144172216407 5.125144172216407  , x =  0.0625 0.0625
itern =  126  , diff =  5.054552247771454 5.054552247771454  , x =  0.0625 0.0625
itern =  127  , diff =  4.986037694086218 4.986037694086218  , x =  0.0625 0.0625
itern =  128  , diff =  4.9195124130913195 4.9195124130913195  , x =  0.0625 0.0625
itern =  129  , diff =  4.854892553631782 4.854892553631782  , x =  0.0625 0.0625
itern =  130  , diff =  4.79209830620933 4.79209830620933  , x =  0.0625 0.0625
itern =  131  , diff =  4.731053706623657 4.731053706623657  , x =  0.0625 0.0625
itern =  132  , diff =  4.671686448225364 4.671686448225364  , x =  0.0625 0.0625
itern =  133  , diff =  4.61392770250971 4.61392770250971  , x =  0.0625 0.0625
itern =  134  , diff =  4.557711947774495 4.557711947774495  , x =  0.0625 0.0625
itern =  135  , diff =  4.502976805574216 4.502976805574216  , x =  0.0625 0.0625
itern =  136  , diff =  4.449662884695731 4.449662884695731  , x =  0.0625 0.0625
itern =  137  , diff =  4.397713632396751 4.397713632396751  , x =  0.0625 0.0625
itern =  138  , diff =  4.347075192631664 4.347075192631664  , x =  0.0625 0.0625
itern =  139  , diff =  4.297696271010822 4.297696271010822  , x =  0.0625 0.0625
itern =  140  , diff =  4.249528006223723 4.249528006223723  , x =  0.0625 0.0625
itern =  141  , diff =  4.202523847677291 4.202523847677291  , x =  0.0625 0.0625
itern =  142  , diff =  4.156639439088827 4.156639439088827  , x =  0.0625 0.0625
itern =  143  , diff =  4.111832507789913 4.111832507789913  , x =  0.0625 0.0625
itern =  144  , diff =  4.0680627594915775 4.0680627594915775  , x =  0.0625 0.0625
itern =  145  , diff =  4.025291778279766 4.025291778279766  , x =  0.0625 0.0625
itern =  146  , diff =  3.983482931600469 3.983482931600469  , x =  0.0625 0.0625
itern =  147  , diff =  3.9426012800154133 3.9426012800154133  , x =  0.0625 0.0625
itern =  148  , diff =  3.9026134915039123 3.9026134915039123  , x =  0.0625 0.0625
itern =  149  , diff =  3.863487760102645 3.863487760102645  , x =  0.0625 0.0625
itern =  150  , diff =  3.8251937286750692 3.8251937286750692  , x =  0.0625 0.0625

###########Data Writing############
Dictionary saved to ./Outputs/Y_WH_2148975.h5
*********Program exited successfully *********
[/bin/bash]#### SLURM script finished. 
