SUPNbig14beta1g0_5r1_0lamb1_0.npy
##### Finished beta =  1 ############
FD(tau = 0+) = 0j
end x =  0.01  , end diff =  9.987245653743876e-13  , end itern =  1073 

SUPNbig14beta2g0_5r1_0lamb1_0.npy
##### Finished beta =  2 ############
FD(tau = 0+) = 0j
end x =  0.01  , end diff =  9.83120220006596e-13  , end itern =  1318 

SUPNbig14beta3g0_5r1_0lamb1_0.npy
##### Finished beta =  3 ############
FD(tau = 0+) = 0j
end x =  0.01  , end diff =  9.846891901935711e-13  , end itern =  1275 

SUPNbig14beta4g0_5r1_0lamb1_0.npy
##### Finished beta =  4 ############
FD(tau = 0+) = 0j
end x =  0.01  , end diff =  9.900121809065189e-13  , end itern =  1225 

SUPNbig14beta5g0_5r1_0lamb1_0.npy
##### Finished beta =  5 ############
FD(tau = 0+) = 0j
end x =  0.01  , end diff =  9.852259812844887e-13  , end itern =  1174 

SUPNbig14beta6g0_5r1_0lamb1_0.npy
##### Finished beta =  6 ############
FD(tau = 0+) = (5.344e-07+5.344e-07j)
end x =  0.01  , end diff =  9.945065372182719e-13  , end itern =  1437 

SUPNbig14beta7g0_5r1_0lamb1_0.npy
##### Finished beta =  7 ############
FD(tau = 0+) = (2.344e-07+2.344e-07j)
end x =  0.01  , end diff =  9.83748252735378e-13  , end itern =  1519 

SUPNbig14beta8g0_5r1_0lamb1_0.npy
##### Finished beta =  8 ############
FD(tau = 0+) = (7.446e-07+7.446e-07j)
end x =  0.01  , end diff =  9.806786919274958e-13  , end itern =  1404 

SUPNbig14beta9g0_5r1_0lamb1_0.npy
##### Finished beta =  9 ############
FD(tau = 0+) = (7.081e-07+7.081e-07j)
end x =  0.01  , end diff =  9.832518605660319e-13  , end itern =  1409 

SUPNbig14beta10g0_5r1_0lamb1_0.npy
##### Finished beta =  10 ############
FD(tau = 0+) = (7.83e-07+7.83e-07j)
end x =  0.01  , end diff =  9.91525992344642e-13  , end itern =  1399 

SUPNbig14beta11g0_5r1_0lamb1_0.npy
##### Finished beta =  11 ############
FD(tau = 0+) = (7.164e-08+7.164e-08j)
end x =  0.01  , end diff =  9.842616030450655e-13  , end itern =  1637 

SUPNbig14beta12g0_5r1_0lamb1_0.npy
##### Finished beta =  12 ############
FD(tau = 0+) = (8.07e-07+8.07e-07j)
end x =  0.01  , end diff =  9.970013471090604e-13  , end itern =  1396 

SUPNbig14beta13g0_5r1_0lamb1_0.npy
##### Finished beta =  13 ############
FD(tau = 0+) = (8.071e-07+8.071e-07j)
end x =  0.01  , end diff =  9.868792096566035e-13  , end itern =  1396 

SUPNbig14beta14g0_5r1_0lamb1_0.npy
##### Finished beta =  14 ############
FD(tau = 0+) = (6.47e-07+6.47e-07j)
end x =  0.01  , end diff =  9.958214058227934e-13  , end itern =  1418 

SUPNbig14beta15g0_5r1_0lamb1_0.npy
##### Finished beta =  15 ############
FD(tau = 0+) = (8.318e-07+8.318e-07j)
end x =  0.01  , end diff =  9.936556625962871e-13  , end itern =  1393 

SUPNbig14beta16g0_5r1_0lamb1_0.npy
##### Finished beta =  16 ############
FD(tau = 0+) = (8.319e-07+8.319e-07j)
end x =  0.01  , end diff =  9.875644413327808e-13  , end itern =  1393 

SUPNbig14beta17g0_5r1_0lamb1_0.npy
##### Finished beta =  17 ############
FD(tau = 0+) = (8.403e-07+8.403e-07j)
end x =  0.01  , end diff =  9.940079877727608e-13  , end itern =  1392 

SUPNbig14beta18g0_5r1_0lamb1_0.npy
##### Finished beta =  18 ############
FD(tau = 0+) = (8.488e-07+8.488e-07j)
end x =  0.01  , end diff =  9.919563732843873e-13  , end itern =  1391 

SUPNbig14beta19g0_5r1_0lamb1_0.npy
##### Finished beta =  19 ############
FD(tau = 0+) = (5.346e-07+5.346e-07j)
end x =  0.01  , end diff =  9.842171372294281e-13  , end itern =  1437 

SUPNbig14beta20g0_5r1_0lamb1_0.npy
##### Finished beta =  20 ############
FD(tau = 0+) = (8.489e-07+8.489e-07j)
end x =  0.01  , end diff =  9.876324102072747e-13  , end itern =  1391 

SUPNbig14beta21g0_5r1_0lamb1_0.npy
##### Finished beta =  21 ############
FD(tau = 0+) = (2.017e-07+2.017e-07j)
end x =  0.01  , end diff =  9.853444296730632e-13  , end itern =  1534 

SUPNbig14beta22g0_5r1_0lamb1_0.npy
##### Finished beta =  22 ############
FD(tau = 0+) = (8.661e-07+8.661e-07j)
end x =  0.01  , end diff =  9.95024817045633e-13  , end itern =  1389 

SUPNbig14beta23g0_5r1_0lamb1_0.npy
##### Finished beta =  23 ############
FD(tau = 0+) = (8.662e-07+8.662e-07j)
end x =  0.01  , end diff =  9.939886403802246e-13  , end itern =  1389 

SUPNbig14beta24g0_5r1_0lamb1_0.npy
##### Finished beta =  24 ############
FD(tau = 0+) = (8.575e-07+8.575e-07j)
end x =  0.01  , end diff =  9.815994888309022e-13  , end itern =  1390 

SUPNbig14beta25g0_5r1_0lamb1_0.npy
##### Finished beta =  25 ############
FD(tau = 0+) = (8.662e-07+8.662e-07j)
end x =  0.01  , end diff =  9.996564402378915e-13  , end itern =  1389 

SUPNbig14beta26g0_5r1_0lamb1_0.npy
##### Finished beta =  26 ############
FD(tau = 0+) = (8.663e-07+8.663e-07j)
end x =  0.01  , end diff =  9.83888500435951e-13  , end itern =  1389 

SUPNbig14beta27g0_5r1_0lamb1_0.npy
##### Finished beta =  27 ############
FD(tau = 0+) = (8.75e-07+8.75e-07j)
end x =  0.01  , end diff =  9.857775519653194e-13  , end itern =  1388 

SUPNbig14beta28g0_5r1_0lamb1_0.npy
##### Finished beta =  28 ############
FD(tau = 0+) = (8.839e-07+8.839e-07j)
end x =  0.01  , end diff =  9.978774316285217e-13  , end itern =  1387 

SUPNbig14beta29g0_5r1_0lamb1_0.npy
##### Finished beta =  29 ############
FD(tau = 0+) = (6.945e-07+6.945e-07j)
end x =  0.01  , end diff =  9.826292821109329e-13  , end itern =  1411 

SUPNbig14beta30g0_5r1_0lamb1_0.npy
##### Finished beta =  30 ############
FD(tau = 0+) = (8.664e-07+8.664e-07j)
end x =  0.01  , end diff =  9.848038351834286e-13  , end itern =  1389 

SUPNbig14beta31g0_5r1_0lamb1_0.npy
##### Finished beta =  31 ############
FD(tau = 0+) = (8.84e-07+8.84e-07j)
end x =  0.01  , end diff =  9.8289111008092e-13  , end itern =  1387 

SUPNbig14beta32g0_5r1_0lamb1_0.npy
##### Finished beta =  32 ############
FD(tau = 0+) = (6.41e-07+6.41e-07j)
end x =  0.01  , end diff =  9.968100414602099e-13  , end itern =  1419 

SUPNbig14beta33g0_5r1_0lamb1_0.npy
##### Finished beta =  33 ############
FD(tau = 0+) = (8.93e-07+8.93e-07j)
end x =  0.01  , end diff =  9.972761925344098e-13  , end itern =  1386 

SUPNbig14beta34g0_5r1_0lamb1_0.npy
##### Finished beta =  34 ############
FD(tau = 0+) = (5.243e-07+5.243e-07j)
end x =  0.01  , end diff =  9.828560588302603e-13  , end itern =  1439 

SUPNbig14beta35g0_5r1_0lamb1_0.npy
##### Finished beta =  35 ############
FD(tau = 0+) = (8.93e-07+8.93e-07j)
end x =  0.01  , end diff =  9.883344530713324e-13  , end itern =  1386 

SUPNbig14beta36g0_5r1_0lamb1_0.npy
##### Finished beta =  36 ############
FD(tau = 0+) = (8.666e-07+8.666e-07j)
end x =  0.01  , end diff =  9.84614284245383e-13  , end itern =  1389 

SUPNbig14beta37g0_5r1_0lamb1_0.npy
##### Finished beta =  37 ############
FD(tau = 0+) = (8.842e-07+8.842e-07j)
end x =  0.01  , end diff =  9.875339678452369e-13  , end itern =  1387 

SUPNbig14beta38g0_5r1_0lamb1_0.npy
##### Finished beta =  38 ############
FD(tau = 0+) = (8.931e-07+8.931e-07j)
end x =  0.01  , end diff =  9.81833064231866e-13  , end itern =  1386 

SUPNbig14beta39g0_5r1_0lamb1_0.npy
##### Finished beta =  39 ############
FD(tau = 0+) = (8.754e-07+8.754e-07j)
end x =  0.01  , end diff =  9.825687183525526e-13  , end itern =  1388 

SUPNbig14beta40g0_5r1_0lamb1_0.npy
##### Finished beta =  40 ############
FD(tau = 0+) = (7.379e-07+7.379e-07j)
end x =  0.01  , end diff =  9.827078166245708e-13  , end itern =  1405 

SUPNbig14beta41g0_5r1_0lamb1_0.npy
##### Finished beta =  41 ############
FD(tau = 0+) = (9.022e-07+9.022e-07j)
end x =  0.01  , end diff =  9.9387247337595e-13  , end itern =  1385 

SUPNbig14beta42g0_5r1_0lamb1_0.npy
##### Finished beta =  42 ############
FD(tau = 0+) = (9.023e-07+9.023e-07j)
end x =  0.01  , end diff =  9.905889430924697e-13  , end itern =  1385 

SUPNbig14beta43g0_5r1_0lamb1_0.npy
##### Finished beta =  43 ############
FD(tau = 0+) = (9.023e-07+9.023e-07j)
end x =  0.01  , end diff =  9.986567852336569e-13  , end itern =  1385 

SUPNbig14beta44g0_5r1_0lamb1_0.npy
##### Finished beta =  44 ############
FD(tau = 0+) = (8.844e-07+8.844e-07j)
end x =  0.01  , end diff =  9.86476247992948e-13  , end itern =  1387 

SUPNbig14beta45g0_5r1_0lamb1_0.npy
##### Finished beta =  45 ############
FD(tau = 0+) = (8.161e-07+8.161e-07j)
end x =  0.01  , end diff =  9.859518051325966e-13  , end itern =  1395 

SUPNbig14beta46g0_5r1_0lamb1_0.npy
##### Finished beta =  46 ############
FD(tau = 0+) = (2.039e-07+2.039e-07j)
end x =  0.01  , end diff =  9.919314375078461e-13  , end itern =  1533 

SUPNbig14beta47g0_5r1_0lamb1_0.npy
##### Finished beta =  47 ############
FD(tau = 0+) = (8.411e-07+8.411e-07j)
end x =  0.01  , end diff =  9.939747939438755e-13  , end itern =  1392 

SUPNbig14beta48g0_5r1_0lamb1_0.npy
##### Finished beta =  48 ############
FD(tau = 0+) = (8.845e-07+8.845e-07j)
end x =  0.01  , end diff =  9.867351942622762e-13  , end itern =  1387 

SUPNbig14beta49g0_5r1_0lamb1_0.npy
##### Finished beta =  49 ############
FD(tau = 0+) = (8.934e-07+8.934e-07j)
end x =  0.01  , end diff =  9.843175520696049e-13  , end itern =  1386 

SUPNbig14beta50g0_5r1_0lamb1_0.npy
##### Finished beta =  50 ############
FD(tau = 0+) = (9.025e-07+9.025e-07j)
end x =  0.01  , end diff =  9.991435357109181e-13  , end itern =  1385 

SUPNbig14beta51g0_5r1_0lamb1_0.npy
##### Finished beta =  51 ############
FD(tau = 0+) = (8.935e-07+8.935e-07j)
end x =  0.01  , end diff =  9.851647513972986e-13  , end itern =  1386 

SUPNbig14beta52g0_5r1_0lamb1_0.npy
##### Finished beta =  52 ############
FD(tau = 0+) = (8.846e-07+8.846e-07j)
end x =  0.01  , end diff =  9.95479052430692e-13  , end itern =  1387 

SUPNbig14beta53g0_5r1_0lamb1_0.npy
##### Finished beta =  53 ############
FD(tau = 0+) = (8e-07+8e-07j)
end x =  0.01  , end diff =  9.847959225063127e-13  , end itern =  1397 

SUPNbig14beta54g0_5r1_0lamb1_0.npy
##### Finished beta =  54 ############
FD(tau = 0+) = (2.758e-07+2.758e-07j)
end x =  0.01  , end diff =  9.892020384769026e-13  , end itern =  1503 

SUPNbig14beta55g0_5r1_0lamb1_0.npy
##### Finished beta =  55 ############
FD(tau = 0+) = (8.584e-07+8.584e-07j)
end x =  0.01  , end diff =  9.987564225780927e-13  , end itern =  1390 

SUPNbig14beta56g0_5r1_0lamb1_0.npy
##### Finished beta =  56 ############
FD(tau = 0+) = (9.027e-07+9.027e-07j)
end x =  0.01  , end diff =  9.982335335712137e-13  , end itern =  1385 

SUPNbig14beta57g0_5r1_0lamb1_0.npy
##### Finished beta =  57 ############
FD(tau = 0+) = (9.118e-07+9.118e-07j)
end x =  0.01  , end diff =  9.945837135491903e-13  , end itern =  1384 

SUPNbig14beta58g0_5r1_0lamb1_0.npy
##### Finished beta =  58 ############
FD(tau = 0+) = (9.118e-07+9.118e-07j)
end x =  0.01  , end diff =  9.851002906907582e-13  , end itern =  1384 

SUPNbig14beta59g0_5r1_0lamb1_0.npy
##### Finished beta =  59 ############
FD(tau = 0+) = (9.119e-07+9.119e-07j)
end x =  0.01  , end diff =  9.809608948095291e-13  , end itern =  1384 

SUPNbig14beta60g0_5r1_0lamb1_0.npy
##### Finished beta =  60 ############
FD(tau = 0+) = (9.119e-07+9.119e-07j)
end x =  0.01  , end diff =  9.851584451254718e-13  , end itern =  1384 

SUPNbig14beta61g0_5r1_0lamb1_0.npy
##### Finished beta =  61 ############
FD(tau = 0+) = (8.083e-07+8.083e-07j)
end x =  0.01  , end diff =  9.861677099460992e-13  , end itern =  1396 

SUPNbig14beta62g0_5r1_0lamb1_0.npy
##### Finished beta =  62 ############
FD(tau = 0+) = (8.849e-07+8.849e-07j)
end x =  0.01  , end diff =  9.834221517359192e-13  , end itern =  1387 

SUPNbig14beta63g0_5r1_0lamb1_0.npy
##### Finished beta =  63 ############
FD(tau = 0+) = (9.12e-07+9.12e-07j)
end x =  0.01  , end diff =  9.851286792418461e-13  , end itern =  1384 

SUPNbig14beta64g0_5r1_0lamb1_0.npy
##### Finished beta =  64 ############
FD(tau = 0+) = (9.212e-07+9.212e-07j)
end x =  0.01  , end diff =  9.95738091823367e-13  , end itern =  1383 

SUPNbig14beta65g0_5r1_0lamb1_0.npy
##### Finished beta =  65 ############
FD(tau = 0+) = (9.12e-07+9.12e-07j)
end x =  0.01  , end diff =  9.81298040389242e-13  , end itern =  1384 

SUPNbig14beta66g0_5r1_0lamb1_0.npy
##### Finished beta =  66 ############
FD(tau = 0+) = (5.355e-07+5.355e-07j)
end x =  0.01  , end diff =  9.952924493495106e-13  , end itern =  1437 

SUPNbig14beta67g0_5r1_0lamb1_0.npy
##### Finished beta =  67 ############
FD(tau = 0+) = (9.121e-07+9.121e-07j)
end x =  0.01  , end diff =  9.866749755102306e-13  , end itern =  1384 

SUPNbig14beta68g0_5r1_0lamb1_0.npy
##### Finished beta =  68 ############
FD(tau = 0+) = (9.214e-07+9.214e-07j)
end x =  0.01  , end diff =  9.92158719492211e-13  , end itern =  1383 

SUPNbig14beta69g0_5r1_0lamb1_0.npy
##### Finished beta =  69 ############
FD(tau = 0+) = (9.122e-07+9.122e-07j)
end x =  0.01  , end diff =  9.81441937631935e-13  , end itern =  1384 

SUPNbig14beta70g0_5r1_0lamb1_0.npy
##### Finished beta =  70 ############
FD(tau = 0+) = (8.675e-07+8.675e-07j)
end x =  0.01  , end diff =  9.83132491126223e-13  , end itern =  1389 

SUPNbig14beta71g0_5r1_0lamb1_0.npy
##### Finished beta =  71 ############
FD(tau = 0+) = (9.214e-07+9.214e-07j)
end x =  0.01  , end diff =  9.938195379951434e-13  , end itern =  1383 

SUPNbig14beta72g0_5r1_0lamb1_0.npy
##### Finished beta =  72 ############
FD(tau = 0+) = (9.215e-07+9.215e-07j)
end x =  0.01  , end diff =  9.889628904882812e-13  , end itern =  1383 

SUPNbig14beta73g0_5r1_0lamb1_0.npy
##### Finished beta =  73 ############
FD(tau = 0+) = (1.557e-07+1.557e-07j)
end x =  0.01  , end diff =  9.881985252914821e-13  , end itern =  1560 

SUPNbig14beta74g0_5r1_0lamb1_0.npy
##### Finished beta =  74 ############
FD(tau = 0+) = (9.215e-07+9.215e-07j)
end x =  0.01  , end diff =  9.94591452904433e-13  , end itern =  1383 

SUPNbig14beta75g0_5r1_0lamb1_0.npy
##### Finished beta =  75 ############
FD(tau = 0+) = (9.216e-07+9.216e-07j)
end x =  0.01  , end diff =  9.86106401224875e-13  , end itern =  1383 

SUPNbig14beta76g0_5r1_0lamb1_0.npy
##### Finished beta =  76 ############
FD(tau = 0+) = (1.463e-08+1.463e-08j)
end x =  0.01  , end diff =  9.80320853409462e-13  , end itern =  1796 

SUPNbig14beta77g0_5r1_0lamb1_0.npy
##### Finished beta =  77 ############
FD(tau = 0+) = (9.216e-07+9.216e-07j)
end x =  0.01  , end diff =  9.907412708826592e-13  , end itern =  1383 

SUPNbig14beta78g0_5r1_0lamb1_0.npy
##### Finished beta =  78 ############
FD(tau = 0+) = (9.216e-07+9.216e-07j)
end x =  0.01  , end diff =  9.849335562383687e-13  , end itern =  1383 

SUPNbig14beta79g0_5r1_0lamb1_0.npy
##### Finished beta =  79 ############
FD(tau = 0+) = (8.591e-07+8.591e-07j)
end x =  0.01  , end diff =  9.993151659810087e-13  , end itern =  1390 

SUPNbig14beta80g0_5r1_0lamb1_0.npy
##### Finished beta =  80 ############
FD(tau = 0+) = (9.217e-07+9.217e-07j)
end x =  0.01  , end diff =  9.847129507905076e-13  , end itern =  1383 

SUPNbig14beta81g0_5r1_0lamb1_0.npy
##### Finished beta =  81 ############
FD(tau = 0+) = (9.217e-07+9.217e-07j)
end x =  0.01  , end diff =  9.946440889566835e-13  , end itern =  1383 

SUPNbig14beta82g0_5r1_0lamb1_0.npy
##### Finished beta =  82 ############
FD(tau = 0+) = (9.126e-07+9.126e-07j)
end x =  0.01  , end diff =  9.80417455287188e-13  , end itern =  1384 

SUPNbig14beta83g0_5r1_0lamb1_0.npy
##### Finished beta =  83 ############
FD(tau = 0+) = (9.218e-07+9.218e-07j)
end x =  0.01  , end diff =  9.80593888425492e-13  , end itern =  1383 

SUPNbig14beta84g0_5r1_0lamb1_0.npy
##### Finished beta =  84 ############
FD(tau = 0+) = (5.148e-07+5.148e-07j)
end x =  0.01  , end diff =  9.840731417255939e-13  , end itern =  1441 

SUPNbig14beta85g0_5r1_0lamb1_0.npy
##### Finished beta =  85 ############
FD(tau = 0+) = (9.219e-07+9.219e-07j)
end x =  0.01  , end diff =  9.82015641354916e-13  , end itern =  1383 

SUPNbig14beta86g0_5r1_0lamb1_0.npy
##### Finished beta =  86 ############
FD(tau = 0+) = (9.219e-07+9.219e-07j)
end x =  0.01  , end diff =  9.95986762199009e-13  , end itern =  1383 

SUPNbig14beta87g0_5r1_0lamb1_0.npy
##### Finished beta =  87 ############
FD(tau = 0+) = (9.219e-07+9.219e-07j)
end x =  0.01  , end diff =  9.891791135822161e-13  , end itern =  1383 

SUPNbig14beta88g0_5r1_0lamb1_0.npy
##### Finished beta =  88 ############
FD(tau = 0+) = (9.313e-07+9.313e-07j)
end x =  0.01  , end diff =  9.985509792674118e-13  , end itern =  1382 

SUPNbig14beta89g0_5r1_0lamb1_0.npy
##### Finished beta =  89 ############
FD(tau = 0+) = (9.128e-07+9.128e-07j)
end x =  0.01  , end diff =  9.992585216701128e-13  , end itern =  1384 

SUPNbig14beta90g0_5r1_0lamb1_0.npy
##### Finished beta =  90 ############
FD(tau = 0+) = (9.313e-07+9.313e-07j)
end x =  0.01  , end diff =  9.96606236478804e-13  , end itern =  1382 

SUPNbig14beta91g0_5r1_0lamb1_0.npy
##### Finished beta =  91 ############
FD(tau = 0+) = (7.318e-07+7.318e-07j)
end x =  0.01  , end diff =  9.943282607081776e-13  , end itern =  1406 

SUPNbig14beta92g0_5r1_0lamb1_0.npy
##### Finished beta =  92 ############
FD(tau = 0+) = (9.314e-07+9.314e-07j)
end x =  0.01  , end diff =  9.966193667251458e-13  , end itern =  1382 

SUPNbig14beta93g0_5r1_0lamb1_0.npy
##### Finished beta =  93 ############
FD(tau = 0+) = (8.256e-07+8.256e-07j)
end x =  0.01  , end diff =  9.92074430672296e-13  , end itern =  1394 

SUPNbig14beta94g0_5r1_0lamb1_0.npy
##### Finished beta =  94 ############
FD(tau = 0+) = (9.314e-07+9.314e-07j)
end x =  0.01  , end diff =  9.971659768529924e-13  , end itern =  1382 

SUPNbig14beta95g0_5r1_0lamb1_0.npy
##### Finished beta =  95 ############
FD(tau = 0+) = (9.129e-07+9.129e-07j)
end x =  0.01  , end diff =  9.946293332443547e-13  , end itern =  1384 

SUPNbig14beta96g0_5r1_0lamb1_0.npy
##### Finished beta =  96 ############
FD(tau = 0+) = (9.315e-07+9.315e-07j)
end x =  0.01  , end diff =  9.977246474345888e-13  , end itern =  1382 

SUPNbig14beta97g0_5r1_0lamb1_0.npy
##### Finished beta =  97 ############
FD(tau = 0+) = (9.222e-07+9.222e-07j)
end x =  0.01  , end diff =  9.915759191845699e-13  , end itern =  1383 

SUPNbig14beta98g0_5r1_0lamb1_0.npy
##### Finished beta =  98 ############
FD(tau = 0+) = (9.316e-07+9.316e-07j)
end x =  0.01  , end diff =  9.97826779003251e-13  , end itern =  1382 

SUPNbig14beta99g0_5r1_0lamb1_0.npy
##### Finished beta =  99 ############
FD(tau = 0+) = (9.223e-07+9.223e-07j)
end x =  0.01  , end diff =  9.857416414514627e-13  , end itern =  1383 

SUPNbig14beta100g0_5r1_0lamb1_0.npy
##### Finished beta =  100 ############
FD(tau = 0+) = (9.316e-07+9.316e-07j)
end x =  0.01  , end diff =  9.971163636676828e-13  , end itern =  1382 

SUPNbig14beta101g0_5r1_0lamb1_0.npy
##### Finished beta =  101 ############
FD(tau = 0+) = (9.223e-07+9.223e-07j)
end x =  0.01  , end diff =  9.85814928000616e-13  , end itern =  1383 

SUPNbig14beta102g0_5r1_0lamb1_0.npy
##### Finished beta =  102 ############
FD(tau = 0+) = (9.317e-07+9.317e-07j)
end x =  0.01  , end diff =  9.955709353063012e-13  , end itern =  1382 

SUPNbig14beta103g0_5r1_0lamb1_0.npy
##### Finished beta =  103 ############
FD(tau = 0+) = (9.224e-07+9.224e-07j)
end x =  0.01  , end diff =  9.93055880828446e-13  , end itern =  1383 

SUPNbig14beta104g0_5r1_0lamb1_0.npy
##### Finished beta =  104 ############
FD(tau = 0+) = (9.317e-07+9.317e-07j)
end x =  0.01  , end diff =  9.935125428636812e-13  , end itern =  1382 

SUPNbig14beta105g0_5r1_0lamb1_0.npy
##### Finished beta =  105 ############
FD(tau = 0+) = (9.041e-07+9.041e-07j)
end x =  0.01  , end diff =  9.881132004542564e-13  , end itern =  1385 

SUPNbig14beta106g0_5r1_0lamb1_0.npy
##### Finished beta =  106 ############
FD(tau = 0+) = (9.318e-07+9.318e-07j)
end x =  0.01  , end diff =  9.913673136442355e-13  , end itern =  1382 

SUPNbig14beta107g0_5r1_0lamb1_0.npy
##### Finished beta =  107 ############
FD(tau = 0+) = (6.962e-07+6.962e-07j)
end x =  0.01  , end diff =  9.876998656534175e-13  , end itern =  1411 

SUPNbig14beta108g0_5r1_0lamb1_0.npy
##### Finished beta =  108 ############
FD(tau = 0+) = (9.319e-07+9.319e-07j)
end x =  0.01  , end diff =  9.894749127288437e-13  , end itern =  1382 

SUPNbig14beta109g0_5r1_0lamb1_0.npy
##### Finished beta =  109 ############
FD(tau = 0+) = (8.344e-07+8.344e-07j)
end x =  0.01  , end diff =  9.821809904184119e-13  , end itern =  1393 

SUPNbig14beta110g0_5r1_0lamb1_0.npy
##### Finished beta =  110 ############
FD(tau = 0+) = (9.319e-07+9.319e-07j)
end x =  0.01  , end diff =  9.881480979398995e-13  , end itern =  1382 

SUPNbig14beta111g0_5r1_0lamb1_0.npy
##### Finished beta =  111 ############
FD(tau = 0+) = (9.226e-07+9.226e-07j)
end x =  0.01  , end diff =  9.989958212074283e-13  , end itern =  1383 

SUPNbig14beta112g0_5r1_0lamb1_0.npy
##### Finished beta =  112 ############
FD(tau = 0+) = (9.32e-07+9.32e-07j)
end x =  0.01  , end diff =  9.881769845357359e-13  , end itern =  1382 

SUPNbig14beta113g0_5r1_0lamb1_0.npy
##### Finished beta =  113 ############
FD(tau = 0+) = (9.32e-07+9.32e-07j)
end x =  0.01  , end diff =  9.966019107744844e-13  , end itern =  1382 

SUPNbig14beta114g0_5r1_0lamb1_0.npy
##### Finished beta =  114 ############
FD(tau = 0+) = (9.32e-07+9.32e-07j)
end x =  0.01  , end diff =  9.94654174581708e-13  , end itern =  1382 

SUPNbig14beta115g0_5r1_0lamb1_0.npy
##### Finished beta =  115 ############
FD(tau = 0+) = (9.321e-07+9.321e-07j)
end x =  0.01  , end diff =  9.894664870799148e-13  , end itern =  1382 

SUPNbig14beta116g0_5r1_0lamb1_0.npy
##### Finished beta =  116 ############
FD(tau = 0+) = (8.43e-07+8.43e-07j)
end x =  0.01  , end diff =  9.920090458676948e-13  , end itern =  1392 

SUPNbig14beta117g0_5r1_0lamb1_0.npy
##### Finished beta =  117 ############
FD(tau = 0+) = (9.321e-07+9.321e-07j)
end x =  0.01  , end diff =  9.862951869119101e-13  , end itern =  1382 

SUPNbig14beta118g0_5r1_0lamb1_0.npy
##### Finished beta =  118 ############
FD(tau = 0+) = (9.045e-07+9.045e-07j)
end x =  0.01  , end diff =  9.826545674636641e-13  , end itern =  1385 

SUPNbig14beta119g0_5r1_0lamb1_0.npy
##### Finished beta =  119 ############
FD(tau = 0+) = (9.322e-07+9.322e-07j)
end x =  0.01  , end diff =  9.856974463792221e-13  , end itern =  1382 

SUPNbig14beta120g0_5r1_0lamb1_0.npy
##### Finished beta =  120 ############
FD(tau = 0+) = (9.322e-07+9.322e-07j)
end x =  0.01  , end diff =  9.931930991154159e-13  , end itern =  1382 

SUPNbig14beta121g0_5r1_0lamb1_0.npy
##### Finished beta =  121 ############
FD(tau = 0+) = (9.322e-07+9.322e-07j)
end x =  0.01  , end diff =  9.986926366871292e-13  , end itern =  1382 

SUPNbig14beta122g0_5r1_0lamb1_0.npy
##### Finished beta =  122 ############
FD(tau = 0+) = (9.323e-07+9.323e-07j)
end x =  0.01  , end diff =  9.85909072066228e-13  , end itern =  1382 

SUPNbig14beta123g0_5r1_0lamb1_0.npy
##### Finished beta =  123 ############
FD(tau = 0+) = (7.939e-07+7.939e-07j)
end x =  0.01  , end diff =  9.86414854491762e-13  , end itern =  1398 

SUPNbig14beta124g0_5r1_0lamb1_0.npy
##### Finished beta =  124 ############
FD(tau = 0+) = (9.323e-07+9.323e-07j)
end x =  0.01  , end diff =  9.839172523350062e-13  , end itern =  1382 

SUPNbig14beta125g0_5r1_0lamb1_0.npy
##### Finished beta =  125 ############
FD(tau = 0+) = (9.324e-07+9.324e-07j)
end x =  0.01  , end diff =  9.941036079799108e-13  , end itern =  1382 

SUPNbig14beta126g0_5r1_0lamb1_0.npy
##### Finished beta =  126 ############
FD(tau = 0+) = (9.324e-07+9.324e-07j)
end x =  0.01  , end diff =  9.93450906195929e-13  , end itern =  1382 

SUPNbig14beta127g0_5r1_0lamb1_0.npy
##### Finished beta =  127 ############
FD(tau = 0+) = (9.324e-07+9.324e-07j)
end x =  0.01  , end diff =  9.844898364676373e-13  , end itern =  1382 

SUPNbig14beta128g0_5r1_0lamb1_0.npy
##### Finished beta =  128 ############
FD(tau = 0+) = (8.605e-07+8.605e-07j)
end x =  0.01  , end diff =  9.875737274224753e-13  , end itern =  1390 

SUPNbig14beta129g0_5r1_0lamb1_0.npy
##### Finished beta =  129 ############
FD(tau = 0+) = (9.325e-07+9.325e-07j)
end x =  0.01  , end diff =  9.828139853590435e-13  , end itern =  1382 

SUPNbig14beta130g0_5r1_0lamb1_0.npy
##### Finished beta =  130 ############
FD(tau = 0+) = (9.325e-07+9.325e-07j)
end x =  0.01  , end diff =  9.888277230187223e-13  , end itern =  1382 

SUPNbig14beta131g0_5r1_0lamb1_0.npy
##### Finished beta =  131 ############
FD(tau = 0+) = (9.232e-07+9.232e-07j)
end x =  0.01  , end diff =  9.983886087901755e-13  , end itern =  1383 

SUPNbig14beta132g0_5r1_0lamb1_0.npy
##### Finished beta =  132 ############
FD(tau = 0+) = (9.326e-07+9.326e-07j)
end x =  0.01  , end diff =  9.822467178663184e-13  , end itern =  1382 

SUPNbig14beta133g0_5r1_0lamb1_0.npy
##### Finished beta =  133 ############
FD(tau = 0+) = (9.233e-07+9.233e-07j)
end x =  0.01  , end diff =  9.871140107979508e-13  , end itern =  1383 

SUPNbig14beta134g0_5r1_0lamb1_0.npy
##### Finished beta =  134 ############
FD(tau = 0+) = (9.326e-07+9.326e-07j)
end x =  0.01  , end diff =  9.844061180551114e-13  , end itern =  1382 

SUPNbig14beta135g0_5r1_0lamb1_0.npy
##### Finished beta =  135 ############
FD(tau = 0+) = (9.327e-07+9.327e-07j)
end x =  0.01  , end diff =  9.831964839658503e-13  , end itern =  1382 

SUPNbig14beta136g0_5r1_0lamb1_0.npy
##### Finished beta =  136 ############
FD(tau = 0+) = (8.104e-07+8.104e-07j)
end x =  0.01  , end diff =  9.93350441421763e-13  , end itern =  1396 

SUPNbig14beta137g0_5r1_0lamb1_0.npy
##### Finished beta =  137 ############
FD(tau = 0+) = (9.327e-07+9.327e-07j)
end x =  0.01  , end diff =  9.80985559693112e-13  , end itern =  1382 

SUPNbig14beta138g0_5r1_0lamb1_0.npy
##### Finished beta =  138 ############
FD(tau = 0+) = (9.328e-07+9.328e-07j)
end x =  0.01  , end diff =  9.852441228364175e-13  , end itern =  1382 

SUPNbig14beta139g0_5r1_0lamb1_0.npy
##### Finished beta =  139 ############
FD(tau = 0+) = (8.607e-07+8.607e-07j)
end x =  0.01  , end diff =  9.841462772015613e-13  , end itern =  1390 

SUPNbig14beta140g0_5r1_0lamb1_0.npy
##### Finished beta =  140 ############
FD(tau = 0+) = (9.422e-07+9.422e-07j)
end x =  0.01  , end diff =  9.999502968398477e-13  , end itern =  1381 

SUPNbig14beta141g0_5r1_0lamb1_0.npy
##### Finished beta =  141 ############
FD(tau = 0+) = (9.329e-07+9.329e-07j)
end x =  0.01  , end diff =  9.885663212788581e-13  , end itern =  1382 

SUPNbig14beta142g0_5r1_0lamb1_0.npy
##### Finished beta =  142 ############
FD(tau = 0+) = (9.235e-07+9.235e-07j)
end x =  0.01  , end diff =  9.84878630686078e-13  , end itern =  1383 

SUPNbig14beta143g0_5r1_0lamb1_0.npy
##### Finished beta =  143 ############
FD(tau = 0+) = (9.423e-07+9.423e-07j)
end x =  0.01  , end diff =  9.995460165509951e-13  , end itern =  1381 

SUPNbig14beta144g0_5r1_0lamb1_0.npy
##### Finished beta =  144 ############
FD(tau = 0+) = (9.33e-07+9.33e-07j)
end x =  0.01  , end diff =  9.929176893990038e-13  , end itern =  1382 

SUPNbig14beta145g0_5r1_0lamb1_0.npy
##### Finished beta =  145 ############
FD(tau = 0+) = (9.33e-07+9.33e-07j)
end x =  0.01  , end diff =  9.89815490673757e-13  , end itern =  1382 

SUPNbig14beta146g0_5r1_0lamb1_0.npy
##### Finished beta =  146 ############
FD(tau = 0+) = (9.424e-07+9.424e-07j)
end x =  0.01  , end diff =  9.99191843046854e-13  , end itern =  1381 

SUPNbig14beta147g0_5r1_0lamb1_0.npy
##### Finished beta =  147 ############
FD(tau = 0+) = (9.33e-07+9.33e-07j)
end x =  0.01  , end diff =  9.965901789177913e-13  , end itern =  1382 

SUPNbig14beta148g0_5r1_0lamb1_0.npy
##### Finished beta =  148 ############
FD(tau = 0+) = (9.33e-07+9.33e-07j)
end x =  0.01  , end diff =  9.858836008206091e-13  , end itern =  1382 

SUPNbig14beta149g0_5r1_0lamb1_0.npy
##### Finished beta =  149 ############
FD(tau = 0+) = (9.425e-07+9.425e-07j)
end x =  0.01  , end diff =  9.98714831269113e-13  , end itern =  1381 

SUPNbig14beta150g0_5r1_0lamb1_0.npy
##### Finished beta =  150 ############
FD(tau = 0+) = (9.331e-07+9.331e-07j)
end x =  0.01  , end diff =  9.968058564431625e-13  , end itern =  1382 

SUPNbig14beta151g0_5r1_0lamb1_0.npy
##### Finished beta =  151 ############
FD(tau = 0+) = (9.331e-07+9.331e-07j)
end x =  0.01  , end diff =  9.853819643893026e-13  , end itern =  1382 

SUPNbig14beta152g0_5r1_0lamb1_0.npy
##### Finished beta =  152 ############
FD(tau = 0+) = (9.426e-07+9.426e-07j)
end x =  0.01  , end diff =  9.980703396976797e-13  , end itern =  1381 

SUPNbig14beta153g0_5r1_0lamb1_0.npy
##### Finished beta =  153 ############
FD(tau = 0+) = (9.332e-07+9.332e-07j)
end x =  0.01  , end diff =  9.929721464612115e-13  , end itern =  1382 

SUPNbig14beta154g0_5r1_0lamb1_0.npy
##### Finished beta =  154 ############
FD(tau = 0+) = (9.332e-07+9.332e-07j)
end x =  0.01  , end diff =  9.882488045697206e-13  , end itern =  1382 

SUPNbig14beta155g0_5r1_0lamb1_0.npy
##### Finished beta =  155 ############
FD(tau = 0+) = (9.427e-07+9.427e-07j)
end x =  0.01  , end diff =  9.973125327543553e-13  , end itern =  1381 

SUPNbig14beta156g0_5r1_0lamb1_0.npy
##### Finished beta =  156 ############
FD(tau = 0+) = (9.333e-07+9.333e-07j)
end x =  0.01  , end diff =  9.87562414629626e-13  , end itern =  1382 

SUPNbig14beta157g0_5r1_0lamb1_0.npy
##### Finished beta =  157 ############
FD(tau = 0+) = (9.24e-07+9.24e-07j)
end x =  0.01  , end diff =  9.815370909179612e-13  , end itern =  1383 

SUPNbig14beta158g0_5r1_0lamb1_0.npy
##### Finished beta =  158 ############
FD(tau = 0+) = (9.428e-07+9.428e-07j)
end x =  0.01  , end diff =  9.965728298677088e-13  , end itern =  1381 

SUPNbig14beta159g0_5r1_0lamb1_0.npy
##### Finished beta =  159 ############
FD(tau = 0+) = (9.334e-07+9.334e-07j)
end x =  0.01  , end diff =  9.82828949134821e-13  , end itern =  1382 

SUPNbig14beta160g0_5r1_0lamb1_0.npy
##### Finished beta =  160 ############
FD(tau = 0+) = (8.788e-07+8.788e-07j)
end x =  0.01  , end diff =  9.941221963063222e-13  , end itern =  1388 

SUPNbig14beta161g0_5r1_0lamb1_0.npy
##### Finished beta =  161 ############
FD(tau = 0+) = (9.429e-07+9.429e-07j)
end x =  0.01  , end diff =  9.960823969760287e-13  , end itern =  1381 

SUPNbig14beta162g0_5r1_0lamb1_0.npy
##### Finished beta =  162 ############
FD(tau = 0+) = (9.429e-07+9.429e-07j)
end x =  0.01  , end diff =  9.992356540118597e-13  , end itern =  1381 

SUPNbig14beta163g0_5r1_0lamb1_0.npy
##### Finished beta =  163 ############
FD(tau = 0+) = (7.56e-07+7.56e-07j)
end x =  0.01  , end diff =  9.927427506791765e-13  , end itern =  1403 

SUPNbig14beta164g0_5r1_0lamb1_0.npy
##### Finished beta =  164 ############
FD(tau = 0+) = (9.43e-07+9.43e-07j)
end x =  0.01  , end diff =  9.964424126433025e-13  , end itern =  1381 

SUPNbig14beta165g0_5r1_0lamb1_0.npy
##### Finished beta =  165 ############
FD(tau = 0+) = (9.43e-07+9.43e-07j)
end x =  0.01  , end diff =  9.968209650584163e-13  , end itern =  1381 

SUPNbig14beta166g0_5r1_0lamb1_0.npy
##### Finished beta =  166 ############
FD(tau = 0+) = (9.243e-07+9.243e-07j)
end x =  0.01  , end diff =  9.860776907582312e-13  , end itern =  1383 

SUPNbig14beta167g0_5r1_0lamb1_0.npy
##### Finished beta =  167 ############
FD(tau = 0+) = (9.336e-07+9.336e-07j)
end x =  0.01  , end diff =  9.808303121524851e-13  , end itern =  1382 

SUPNbig14beta168g0_5r1_0lamb1_0.npy
##### Finished beta =  168 ############
FD(tau = 0+) = (9.431e-07+9.431e-07j)
end x =  0.01  , end diff =  9.952430940231296e-13  , end itern =  1381 

SUPNbig14beta169g0_5r1_0lamb1_0.npy
##### Finished beta =  169 ############
FD(tau = 0+) = (9.337e-07+9.337e-07j)
end x =  0.01  , end diff =  9.831617471560232e-13  , end itern =  1382 

SUPNbig14beta170g0_5r1_0lamb1_0.npy
##### Finished beta =  170 ############
FD(tau = 0+) = (9.06e-07+9.06e-07j)
end x =  0.01  , end diff =  9.858766108083315e-13  , end itern =  1385 

SUPNbig14beta171g0_5r1_0lamb1_0.npy
##### Finished beta =  171 ############
FD(tau = 0+) = (9.432e-07+9.432e-07j)
end x =  0.01  , end diff =  9.945667096688633e-13  , end itern =  1381 

SUPNbig14beta172g0_5r1_0lamb1_0.npy
##### Finished beta =  172 ############
FD(tau = 0+) = (9.432e-07+9.432e-07j)
end x =  0.01  , end diff =  9.970071582249957e-13  , end itern =  1381 

SUPNbig14beta173g0_5r1_0lamb1_0.npy
##### Finished beta =  173 ############
FD(tau = 0+) = (8.971e-07+8.971e-07j)
end x =  0.01  , end diff =  9.869570038588383e-13  , end itern =  1386 

SUPNbig14beta174g0_5r1_0lamb1_0.npy
##### Finished beta =  174 ############
FD(tau = 0+) = (9.433e-07+9.433e-07j)
end x =  0.01  , end diff =  9.965853574342507e-13  , end itern =  1381 

SUPNbig14beta175g0_5r1_0lamb1_0.npy
##### Finished beta =  175 ############
FD(tau = 0+) = (9.433e-07+9.433e-07j)
end x =  0.01  , end diff =  9.944632442709837e-13  , end itern =  1381 

SUPNbig14beta176g0_5r1_0lamb1_0.npy
##### Finished beta =  176 ############
FD(tau = 0+) = (9.339e-07+9.339e-07j)
end x =  0.01  , end diff =  9.834917353502362e-13  , end itern =  1382 

SUPNbig14beta177g0_5r1_0lamb1_0.npy
##### Finished beta =  177 ############
FD(tau = 0+) = (9.153e-07+9.153e-07j)
end x =  0.01  , end diff =  9.875524261126304e-13  , end itern =  1384 

SUPNbig14beta178g0_5r1_0lamb1_0.npy
##### Finished beta =  178 ############
FD(tau = 0+) = (9.434e-07+9.434e-07j)
end x =  0.01  , end diff =  9.936183954504754e-13  , end itern =  1381 

SUPNbig14beta179g0_5r1_0lamb1_0.npy
##### Finished beta =  179 ############
FD(tau = 0+) = (9.434e-07+9.434e-07j)
end x =  0.01  , end diff =  9.956114465058165e-13  , end itern =  1381 

SUPNbig14beta180g0_5r1_0lamb1_0.npy
##### Finished beta =  180 ############
FD(tau = 0+) = (9.155e-07+9.155e-07j)
end x =  0.01  , end diff =  9.806782838797298e-13  , end itern =  1384 

SUPNbig14beta181g0_5r1_0lamb1_0.npy
##### Finished beta =  181 ############
FD(tau = 0+) = (9.435e-07+9.435e-07j)
end x =  0.01  , end diff =  9.978841948597892e-13  , end itern =  1381 

SUPNbig14beta182g0_5r1_0lamb1_0.npy
##### Finished beta =  182 ############
FD(tau = 0+) = (9.435e-07+9.435e-07j)
end x =  0.01  , end diff =  9.932061708345226e-13  , end itern =  1381 

SUPNbig14beta183g0_5r1_0lamb1_0.npy
##### Finished beta =  183 ############
FD(tau = 0+) = (9.435e-07+9.435e-07j)
end x =  0.01  , end diff =  9.981515033850276e-13  , end itern =  1381 

SUPNbig14beta184g0_5r1_0lamb1_0.npy
##### Finished beta =  184 ############
FD(tau = 0+) = (1.013e-07+1.013e-07j)
end x =  0.01  , end diff =  9.996155973434255e-13  , end itern =  1603 

SUPNbig14beta185g0_5r1_0lamb1_0.npy
##### Finished beta =  185 ############
FD(tau = 0+) = (9.436e-07+9.436e-07j)
end x =  0.01  , end diff =  9.935527989868778e-13  , end itern =  1381 

SUPNbig14beta186g0_5r1_0lamb1_0.npy
##### Finished beta =  186 ############
FD(tau = 0+) = (9.436e-07+9.436e-07j)
end x =  0.01  , end diff =  9.933165095914838e-13  , end itern =  1381 

SUPNbig14beta187g0_5r1_0lamb1_0.npy
##### Finished beta =  187 ############
FD(tau = 0+) = (9.342e-07+9.342e-07j)
end x =  0.01  , end diff =  9.831664818771256e-13  , end itern =  1382 

SUPNbig14beta188g0_5r1_0lamb1_0.npy
##### Finished beta =  188 ############
FD(tau = 0+) = (9.156e-07+9.156e-07j)
end x =  0.01  , end diff =  9.838313743921925e-13  , end itern =  1384 

SUPNbig14beta189g0_5r1_0lamb1_0.npy
##### Finished beta =  189 ############
FD(tau = 0+) = (9.437e-07+9.437e-07j)
end x =  0.01  , end diff =  9.923292446435189e-13  , end itern =  1381 

SUPNbig14beta190g0_5r1_0lamb1_0.npy
##### Finished beta =  190 ############
FD(tau = 0+) = (9.438e-07+9.438e-07j)
end x =  0.01  , end diff =  9.935572860929778e-13  , end itern =  1381 

SUPNbig14beta191g0_5r1_0lamb1_0.npy
##### Finished beta =  191 ############
FD(tau = 0+) = (9.344e-07+9.344e-07j)
end x =  0.01  , end diff =  9.916939205656374e-13  , end itern =  1382 

SUPNbig14beta192g0_5r1_0lamb1_0.npy
##### Finished beta =  192 ############
FD(tau = 0+) = (9.344e-07+9.344e-07j)
end x =  0.01  , end diff =  9.872422917025544e-13  , end itern =  1382 

SUPNbig14beta193g0_5r1_0lamb1_0.npy
##### Finished beta =  193 ############
FD(tau = 0+) = (9.438e-07+9.438e-07j)
end x =  0.01  , end diff =  9.917342333880263e-13  , end itern =  1381 

SUPNbig14beta194g0_5r1_0lamb1_0.npy
##### Finished beta =  194 ############
FD(tau = 0+) = (9.439e-07+9.439e-07j)
end x =  0.01  , end diff =  9.93694875092319e-13  , end itern =  1381 

SUPNbig14beta195g0_5r1_0lamb1_0.npy
##### Finished beta =  195 ############
FD(tau = 0+) = (9.251e-07+9.251e-07j)
end x =  0.01  , end diff =  9.827762858464551e-13  , end itern =  1383 

SUPNbig14beta196g0_5r1_0lamb1_0.npy
##### Finished beta =  196 ############
FD(tau = 0+) = (9.345e-07+9.345e-07j)
end x =  0.01  , end diff =  9.804810370723806e-13  , end itern =  1382 

SUPNbig14beta197g0_5r1_0lamb1_0.npy
##### Finished beta =  197 ############
FD(tau = 0+) = (9.44e-07+9.44e-07j)
end x =  0.01  , end diff =  9.912903165454216e-13  , end itern =  1381 

SUPNbig14beta198g0_5r1_0lamb1_0.npy
##### Finished beta =  198 ############
FD(tau = 0+) = (9.44e-07+9.44e-07j)
end x =  0.01  , end diff =  9.935253944635322e-13  , end itern =  1381 

SUPNbig14beta199g0_5r1_0lamb1_0.npy
##### Finished beta =  199 ############
FD(tau = 0+) = (9.253e-07+9.253e-07j)
end x =  0.01  , end diff =  9.878149862228538e-13  , end itern =  1383 

SUPNbig14beta200g0_5r1_0lamb1_0.npy
##### Finished beta =  200 ############
FD(tau = 0+) = (9.44e-07+9.44e-07j)
end x =  0.01  , end diff =  9.989561283114744e-13  , end itern =  1381 

Simulation Finished, exiting Without PLOTTING ........
